<?xml version="1.0" encoding="UTF-8"?>
<testsuites name="jest tests" tests="26" failures="0" errors="0" time="2.728">
  <testsuite name="Emergency Service" errors="0" failures="0" skipped="0" timestamp="2025-12-28T10:29:44" time="0.868" tests="10">
    <testcase classname="Emergency Service activateEmergencyMode should activate emergency mode successfully" name="Emergency Service activateEmergencyMode should activate emergency mode successfully" time="0.01">
    </testcase>
    <testcase classname="Emergency Service activateEmergencyMode should prevent multiple active emergencies for same project" name="Emergency Service activateEmergencyMode should prevent multiple active emergencies for same project" time="0.02">
    </testcase>
    <testcase classname="Emergency Service createEmergencyOrder should create emergency order with high priority" name="Emergency Service createEmergencyOrder should create emergency order with high priority" time="0.001">
    </testcase>
    <testcase classname="Emergency Service getEmergencyRestaurants should return emergency partner restaurants within radius" name="Emergency Service getEmergencyRestaurants should return emergency partner restaurants within radius" time="0.002">
    </testcase>
    <testcase classname="Emergency Service updateEmergencyOrderStatus should update emergency order status" name="Emergency Service updateEmergencyOrderStatus should update emergency order status" time="0.001">
    </testcase>
    <testcase classname="Emergency Service getPrePreparedInventory should return pre-prepared inventory for project" name="Emergency Service getPrePreparedInventory should return pre-prepared inventory for project" time="0.002">
    </testcase>
    <testcase classname="Emergency Service deactivateEmergencyMode should deactivate emergency mode successfully" name="Emergency Service deactivateEmergencyMode should deactivate emergency mode successfully" time="0.001">
    </testcase>
    <testcase classname="Emergency Service deactivateEmergencyMode should handle no active emergency" name="Emergency Service deactivateEmergencyMode should handle no active emergency" time="0.001">
    </testcase>
    <testcase classname="Emergency Service getEmergencyHistory should return paginated emergency history" name="Emergency Service getEmergencyHistory should return paginated emergency history" time="0.001">
    </testcase>
    <testcase classname="Emergency Service notifyScheduleChange should send schedule change notifications" name="Emergency Service notifyScheduleChange should send schedule change notifications" time="0.001">
    </testcase>
  </testsuite>
  <testsuite name="Emergency Controller" errors="0" failures="0" skipped="0" timestamp="2025-12-28T10:29:44" time="1.085" tests="16">
    <testcase classname="Emergency Controller activateEmergencyMode should activate emergency mode successfully" name="Emergency Controller activateEmergencyMode should activate emergency mode successfully" time="0.011">
    </testcase>
    <testcase classname="Emergency Controller activateEmergencyMode should handle missing required fields" name="Emergency Controller activateEmergencyMode should handle missing required fields" time="0.001">
    </testcase>
    <testcase classname="Emergency Controller activateEmergencyMode should handle activation errors" name="Emergency Controller activateEmergencyMode should handle activation errors" time="0.001">
    </testcase>
    <testcase classname="Emergency Controller createEmergencyOrder should create emergency order successfully" name="Emergency Controller createEmergencyOrder should create emergency order successfully" time="0.001">
    </testcase>
    <testcase classname="Emergency Controller createEmergencyOrder should handle no active emergency session" name="Emergency Controller createEmergencyOrder should handle no active emergency session" time="0.001">
    </testcase>
    <testcase classname="Emergency Controller createEmergencyOrder should validate urgency level" name="Emergency Controller createEmergencyOrder should validate urgency level" time="0.003">
    </testcase>
    <testcase classname="Emergency Controller getEmergencyRestaurants should return emergency restaurants" name="Emergency Controller getEmergencyRestaurants should return emergency restaurants" time="0">
    </testcase>
    <testcase classname="Emergency Controller getEmergencyRestaurants should handle missing coordinates" name="Emergency Controller getEmergencyRestaurants should handle missing coordinates" time="0.001">
    </testcase>
    <testcase classname="Emergency Controller updateEmergencyOrderStatus should update emergency order status" name="Emergency Controller updateEmergencyOrderStatus should update emergency order status" time="0.001">
    </testcase>
    <testcase classname="Emergency Controller updateEmergencyOrderStatus should handle missing status" name="Emergency Controller updateEmergencyOrderStatus should handle missing status" time="0.001">
    </testcase>
    <testcase classname="Emergency Controller getPrePreparedInventory should return pre-prepared inventory" name="Emergency Controller getPrePreparedInventory should return pre-prepared inventory" time="0.001">
    </testcase>
    <testcase classname="Emergency Controller getPrePreparedInventory should handle missing project ID" name="Emergency Controller getPrePreparedInventory should handle missing project ID" time="0">
    </testcase>
    <testcase classname="Emergency Controller addToPrePreparedInventory should add item to inventory successfully" name="Emergency Controller addToPrePreparedInventory should add item to inventory successfully" time="0.001">
    </testcase>
    <testcase classname="Emergency Controller deactivateEmergencyMode should deactivate emergency mode successfully" name="Emergency Controller deactivateEmergencyMode should deactivate emergency mode successfully" time="0.002">
    </testcase>
    <testcase classname="Emergency Controller getEmergencyHistory should return emergency history with pagination" name="Emergency Controller getEmergencyHistory should return emergency history with pagination" time="0.001">
    </testcase>
    <testcase classname="Emergency Controller notifyScheduleChange should send schedule change notification" name="Emergency Controller notifyScheduleChange should send schedule change notification" time="0.001">
    </testcase>
  </testsuite>
</testsuites>