<?xml version="1.0" encoding="UTF-8"?>
<testsuites name="jest tests" tests="904" failures="437" errors="0" time="9.139">
  <testsuite name="Medical Service" errors="0" failures="15" skipped="0" timestamp="2025-12-28T11:32:20" time="2.381" tests="16">
    <testcase classname="Medical Service createOrUpdateMedicalProfile should create medical profile with encryption" name="Medical Service createOrUpdateMedicalProfile should create medical profile with encryption" time="0.036">
      <failure>Error: expect(received).toEqual(expected) // deep equality

Expected: {&quot;consentGiven&quot;: true, &quot;createdAt&quot;: 2025-12-28T11:32:22.992Z, &quot;encryptedData&quot;: &quot;encrypted-medical-data&quot;, &quot;id&quot;: &quot;profile-1&quot;, &quot;userId&quot;: &quot;user-1&quot;}
Received: null
    at Object.toEqual (/home/user/breakapp/backend/tests/unit/services/medicalService.test.js:89:22)
    at processTicksAndRejections (node:internal/process/task_queues:105:5)</failure>
    </testcase>
    <testcase classname="Medical Service createOrUpdateMedicalProfile should update existing medical profile" name="Medical Service createOrUpdateMedicalProfile should update existing medical profile" time="0.002">
      <failure>Error: expect(received).toEqual(expected) // deep equality

Expected: {&quot;encryptedData&quot;: &quot;new-encrypted-data&quot;, &quot;id&quot;: &quot;profile-1&quot;, &quot;updatedAt&quot;: 2025-12-28T11:32:23.015Z, &quot;userId&quot;: &quot;user-1&quot;}
Received: null
    at Object.toEqual (/home/user/breakapp/backend/tests/unit/services/medicalService.test.js:122:22)
    at processTicksAndRejections (node:internal/process/task_queues:105:5)</failure>
    </testcase>
    <testcase classname="Medical Service createOrUpdateMedicalProfile should require consent for medical data processing" name="Medical Service createOrUpdateMedicalProfile should require consent for medical data processing" time="0.002">
      <failure>Error: expect(received).rejects.toThrow()

Received promise resolved instead of rejected
Resolved to value: null
    at expect (/home/user/breakapp/backend/node_modules/jest-circus/node_modules/expect/build/index.js:113:15)
    at Object.expect (/home/user/breakapp/backend/tests/unit/services/medicalService.test.js:137:13)
    at Promise.then.completed (/home/user/breakapp/backend/node_modules/jest-circus/build/utils.js:298:28)
    at new Promise (&lt;anonymous&gt;)
    at callAsyncCircusFn (/home/user/breakapp/backend/node_modules/jest-circus/build/utils.js:231:10)
    at _callCircusTest (/home/user/breakapp/backend/node_modules/jest-circus/build/run.js:316:40)
    at processTicksAndRejections (node:internal/process/task_queues:105:5)
    at _runTest (/home/user/breakapp/backend/node_modules/jest-circus/build/run.js:252:3)
    at _runTestsForDescribeBlock (/home/user/breakapp/backend/node_modules/jest-circus/build/run.js:126:9)
    at _runTestsForDescribeBlock (/home/user/breakapp/backend/node_modules/jest-circus/build/run.js:121:9)
    at _runTestsForDescribeBlock (/home/user/breakapp/backend/node_modules/jest-circus/build/run.js:121:9)
    at run (/home/user/breakapp/backend/node_modules/jest-circus/build/run.js:71:3)
    at runAndTransformResultsToJestFormat (/home/user/breakapp/backend/node_modules/jest-circus/build/legacy-code-todo-rewrite/jestAdapterInit.js:122:21)
    at jestAdapter (/home/user/breakapp/backend/node_modules/jest-circus/build/legacy-code-todo-rewrite/jestAdapter.js:79:19)
    at runTestInternal (/home/user/breakapp/backend/node_modules/jest-runner/build/runTest.js:367:16)
    at runTest (/home/user/breakapp/backend/node_modules/jest-runner/build/runTest.js:444:34)
    at Object.worker (/home/user/breakapp/backend/node_modules/jest-runner/build/testWorker.js:106:12)</failure>
    </testcase>
    <testcase classname="Medical Service getMedicalProfile should return decrypted medical profile" name="Medical Service getMedicalProfile should return decrypted medical profile" time="0.002">
      <failure>Error: expect(received).toEqual(expected) // deep equality

Expected: ObjectContaining {&quot;consentGiven&quot;: true, &quot;id&quot;: &quot;profile-1&quot;, &quot;userId&quot;: &quot;user-1&quot;}
Received: null
    at Object.toEqual (/home/user/breakapp/backend/tests/unit/services/medicalService.test.js:155:22)
    at processTicksAndRejections (node:internal/process/task_queues:105:5)</failure>
    </testcase>
    <testcase classname="Medical Service getMedicalProfile should return null for non-existent profile" name="Medical Service getMedicalProfile should return null for non-existent profile" time="0.001">
    </testcase>
    <testcase classname="Medical Service checkItemForMedicalAlerts should check menu item for medical alerts" name="Medical Service checkItemForMedicalAlerts should check menu item for medical alerts" time="0.004">
      <failure>Error: expect(received).toEqual(expected) // deep equality

- Expected  - 9
+ Received  + 3

  Object {
-   &quot;alertLevel&quot;: &quot;RED&quot;,
-   &quot;alerts&quot;: ArrayContaining [
-     ObjectContaining {
-       &quot;allergen&quot;: &quot;NUTS&quot;,
-       &quot;severity&quot;: &quot;SEVERE&quot;,
-       &quot;type&quot;: &quot;ALLERGY&quot;,
-     },
-   ],
-   &quot;hasAlerts&quot;: true,
+   &quot;alertLevel&quot;: &quot;NONE&quot;,
+   &quot;detectedAllergens&quot;: Array [],
+   &quot;message&quot;: &quot;لا يوجد ملف طبي&quot;,
  }
    at Object.toEqual (/home/user/breakapp/backend/tests/unit/services/medicalService.test.js:201:22)
    at processTicksAndRejections (node:internal/process/task_queues:105:5)</failure>
    </testcase>
    <testcase classname="Medical Service checkItemForMedicalAlerts should check ingredients directly" name="Medical Service checkItemForMedicalAlerts should check ingredients directly" time="0.001">
      <failure>Error: expect(received).toEqual(expected) // deep equality

- Expected  - 3
+ Received  + 3

  Object {
-   &quot;alertLevel&quot;: &quot;GREEN&quot;,
-   &quot;alerts&quot;: Array [],
-   &quot;hasAlerts&quot;: false,
+   &quot;alertLevel&quot;: &quot;NONE&quot;,
+   &quot;detectedAllergens&quot;: Array [],
+   &quot;message&quot;: &quot;لا يوجد ملف طبي&quot;,
  }
    at Object.toEqual (/home/user/breakapp/backend/tests/unit/services/medicalService.test.js:235:22)
    at processTicksAndRejections (node:internal/process/task_queues:105:5)</failure>
    </testcase>
    <testcase classname="Medical Service checkItemForMedicalAlerts should return no alerts for users without medical profile" name="Medical Service checkItemForMedicalAlerts should return no alerts for users without medical profile" time="0.001">
      <failure>Error: expect(received).toEqual(expected) // deep equality

- Expected  - 3
+ Received  + 3

  Object {
-   &quot;alertLevel&quot;: &quot;GREEN&quot;,
-   &quot;alerts&quot;: Array [],
-   &quot;hasAlerts&quot;: false,
+   &quot;alertLevel&quot;: &quot;NONE&quot;,
+   &quot;detectedAllergens&quot;: Array [],
+   &quot;message&quot;: &quot;لا يوجد ملف طبي&quot;,
  }
    at Object.toEqual (/home/user/breakapp/backend/tests/unit/services/medicalService.test.js:249:22)
    at processTicksAndRejections (node:internal/process/task_queues:105:5)</failure>
    </testcase>
    <testcase classname="Medical Service reportMedicalIncident should report medical incident successfully" name="Medical Service reportMedicalIncident should report medical incident successfully" time="0.001">
      <failure>TypeError: Cannot read properties of undefined (reading &apos;id&apos;)
    at Object.id [as reportMedicalIncident] (/home/user/breakapp/backend/src/services/medicalService.js:205:28)
    at processTicksAndRejections (node:internal/process/task_queues:105:5)
    at Object.&lt;anonymous&gt; (/home/user/breakapp/backend/tests/unit/services/medicalService.test.js:278:22)</failure>
    </testcase>
    <testcase classname="Medical Service reportMedicalIncident should handle critical incidents with emergency contact notification" name="Medical Service reportMedicalIncident should handle critical incidents with emergency contact notification" time="0">
      <failure>TypeError: Cannot read properties of undefined (reading &apos;id&apos;)
    at Object.id [as reportMedicalIncident] (/home/user/breakapp/backend/src/services/medicalService.js:205:28)
    at processTicksAndRejections (node:internal/process/task_queues:105:5)
    at Object.&lt;anonymous&gt; (/home/user/breakapp/backend/tests/unit/services/medicalService.test.js:315:22)</failure>
    </testcase>
    <testcase classname="Medical Service getMedicalIncidents should return paginated medical incidents" name="Medical Service getMedicalIncidents should return paginated medical incidents" time="0.001">
      <failure>TypeError: Cannot read properties of undefined (reading &apos;length&apos;)
    at Object.length [as getMedicalIncidents] (/home/user/breakapp/backend/src/services/medicalService.js:316:24)
    at processTicksAndRejections (node:internal/process/task_queues:105:5)
    at Object.&lt;anonymous&gt; (/home/user/breakapp/backend/tests/unit/services/medicalService.test.js:346:22)</failure>
    </testcase>
    <testcase classname="Medical Service updateMedicalConsent should update medical consent" name="Medical Service updateMedicalConsent should update medical consent" time="0.001">
      <failure>Error: expect(received).toEqual(expected) // deep equality

Expected: {&quot;consentType&quot;: &quot;DATA_PROCESSING&quot;, &quot;granted&quot;: true, &quot;id&quot;: &quot;consent-1&quot;, &quot;updatedAt&quot;: 2025-12-28T11:32:23.051Z, &quot;userId&quot;: &quot;user-1&quot;, &quot;version&quot;: &quot;1.0&quot;}
Received: undefined
    at Object.toEqual (/home/user/breakapp/backend/tests/unit/services/medicalService.test.js:377:22)
    at processTicksAndRejections (node:internal/process/task_queues:105:5)</failure>
    </testcase>
    <testcase classname="Medical Service exportMedicalData should export all medical data for GDPR compliance" name="Medical Service exportMedicalData should export all medical data for GDPR compliance" time="0.001">
      <failure>TypeError: Cannot read properties of undefined (reading &apos;mockResolvedValue&apos;)
    at Object.mockResolvedValue (/home/user/breakapp/backend/tests/unit/services/medicalService.test.js:415:42)
    at Promise.then.completed (/home/user/breakapp/backend/node_modules/jest-circus/build/utils.js:298:28)
    at new Promise (&lt;anonymous&gt;)
    at callAsyncCircusFn (/home/user/breakapp/backend/node_modules/jest-circus/build/utils.js:231:10)
    at _callCircusTest (/home/user/breakapp/backend/node_modules/jest-circus/build/run.js:316:40)
    at processTicksAndRejections (node:internal/process/task_queues:105:5)
    at _runTest (/home/user/breakapp/backend/node_modules/jest-circus/build/run.js:252:3)
    at _runTestsForDescribeBlock (/home/user/breakapp/backend/node_modules/jest-circus/build/run.js:126:9)
    at _runTestsForDescribeBlock (/home/user/breakapp/backend/node_modules/jest-circus/build/run.js:121:9)
    at _runTestsForDescribeBlock (/home/user/breakapp/backend/node_modules/jest-circus/build/run.js:121:9)
    at run (/home/user/breakapp/backend/node_modules/jest-circus/build/run.js:71:3)
    at runAndTransformResultsToJestFormat (/home/user/breakapp/backend/node_modules/jest-circus/build/legacy-code-todo-rewrite/jestAdapterInit.js:122:21)
    at jestAdapter (/home/user/breakapp/backend/node_modules/jest-circus/build/legacy-code-todo-rewrite/jestAdapter.js:79:19)
    at runTestInternal (/home/user/breakapp/backend/node_modules/jest-runner/build/runTest.js:367:16)
    at runTest (/home/user/breakapp/backend/node_modules/jest-runner/build/runTest.js:444:34)
    at Object.worker (/home/user/breakapp/backend/node_modules/jest-runner/build/testWorker.js:106:12)</failure>
    </testcase>
    <testcase classname="Medical Service deleteMedicalData should delete all medical data for GDPR right to be forgotten" name="Medical Service deleteMedicalData should delete all medical data for GDPR right to be forgotten" time="0">
      <failure>TypeError: Cannot read properties of undefined (reading &apos;mockResolvedValue&apos;)
    at Object.mockResolvedValue (/home/user/breakapp/backend/tests/unit/services/medicalService.test.js:434:45)
    at Promise.then.completed (/home/user/breakapp/backend/node_modules/jest-circus/build/utils.js:298:28)
    at new Promise (&lt;anonymous&gt;)
    at callAsyncCircusFn (/home/user/breakapp/backend/node_modules/jest-circus/build/utils.js:231:10)
    at _callCircusTest (/home/user/breakapp/backend/node_modules/jest-circus/build/run.js:316:40)
    at processTicksAndRejections (node:internal/process/task_queues:105:5)
    at _runTest (/home/user/breakapp/backend/node_modules/jest-circus/build/run.js:252:3)
    at _runTestsForDescribeBlock (/home/user/breakapp/backend/node_modules/jest-circus/build/run.js:126:9)
    at _runTestsForDescribeBlock (/home/user/breakapp/backend/node_modules/jest-circus/build/run.js:121:9)
    at _runTestsForDescribeBlock (/home/user/breakapp/backend/node_modules/jest-circus/build/run.js:121:9)
    at run (/home/user/breakapp/backend/node_modules/jest-circus/build/run.js:71:3)
    at runAndTransformResultsToJestFormat (/home/user/breakapp/backend/node_modules/jest-circus/build/legacy-code-todo-rewrite/jestAdapterInit.js:122:21)
    at jestAdapter (/home/user/breakapp/backend/node_modules/jest-circus/build/legacy-code-todo-rewrite/jestAdapter.js:79:19)
    at runTestInternal (/home/user/breakapp/backend/node_modules/jest-runner/build/runTest.js:367:16)
    at runTest (/home/user/breakapp/backend/node_modules/jest-runner/build/runTest.js:444:34)
    at Object.worker (/home/user/breakapp/backend/node_modules/jest-runner/build/testWorker.js:106:12)</failure>
    </testcase>
    <testcase classname="Medical Service addIngredient should add new ingredient to database" name="Medical Service addIngredient should add new ingredient to database" time="0.001">
      <failure>Error: expect(received).toEqual(expected) // deep equality

Expected: {&quot;category&quot;: &quot;NUTS&quot;, &quot;commonAllergens&quot;: [&quot;NUTS&quot;], &quot;createdAt&quot;: 2025-12-28T11:32:23.054Z, &quot;id&quot;: &quot;ingredient-1&quot;, &quot;medicalWarnings&quot;: [&quot;SEVERE_ALLERGY_RISK&quot;], &quot;name&quot;: &quot;Peanuts&quot;, &quot;nameArabic&quot;: &quot;فول سوداني&quot;, &quot;nutritionalInfo&quot;: {&quot;calories&quot;: 567, &quot;fat&quot;: 49.2, &quot;protein&quot;: 25.8}}
Received: undefined
    at Object.toEqual (/home/user/breakapp/backend/tests/unit/services/medicalService.test.js:477:22)
    at processTicksAndRejections (node:internal/process/task_queues:105:5)</failure>
    </testcase>
    <testcase classname="Medical Service searchIngredients should search ingredients by name and category" name="Medical Service searchIngredients should search ingredients by name and category" time="0.001">
      <failure>Error: expect(received).toEqual(expected) // deep equality

Expected: [{&quot;category&quot;: &quot;NUTS&quot;, &quot;commonAllergens&quot;: [&quot;NUTS&quot;], &quot;id&quot;: &quot;ingredient-1&quot;, &quot;name&quot;: &quot;Peanuts&quot;}]
Received: undefined
    at Object.toEqual (/home/user/breakapp/backend/tests/unit/services/medicalService.test.js:505:22)
    at processTicksAndRejections (node:internal/process/task_queues:105:5)</failure>
    </testcase>
  </testsuite>
  <testsuite name="Recommendation Controller" errors="0" failures="10" skipped="0" timestamp="2025-12-28T11:32:20" time="2.717" tests="10">
    <testcase classname="Recommendation Controller getRecommendations should return personalized recommendations" name="Recommendation Controller getRecommendations should return personalized recommendations" time="0.023">
      <failure>TypeError: Cannot read properties of undefined (reading &apos;mockResolvedValue&apos;)
    at Object.mockResolvedValue (/home/user/breakapp/backend/tests/unit/controllers/recommendationController.test.js:40:60)
    at Promise.then.completed (/home/user/breakapp/backend/node_modules/jest-circus/build/utils.js:298:28)
    at new Promise (&lt;anonymous&gt;)
    at callAsyncCircusFn (/home/user/breakapp/backend/node_modules/jest-circus/build/utils.js:231:10)
    at _callCircusTest (/home/user/breakapp/backend/node_modules/jest-circus/build/run.js:316:40)
    at processTicksAndRejections (node:internal/process/task_queues:105:5)
    at _runTest (/home/user/breakapp/backend/node_modules/jest-circus/build/run.js:252:3)
    at _runTestsForDescribeBlock (/home/user/breakapp/backend/node_modules/jest-circus/build/run.js:126:9)
    at _runTestsForDescribeBlock (/home/user/breakapp/backend/node_modules/jest-circus/build/run.js:121:9)
    at _runTestsForDescribeBlock (/home/user/breakapp/backend/node_modules/jest-circus/build/run.js:121:9)
    at run (/home/user/breakapp/backend/node_modules/jest-circus/build/run.js:71:3)
    at runAndTransformResultsToJestFormat (/home/user/breakapp/backend/node_modules/jest-circus/build/legacy-code-todo-rewrite/jestAdapterInit.js:122:21)
    at jestAdapter (/home/user/breakapp/backend/node_modules/jest-circus/build/legacy-code-todo-rewrite/jestAdapter.js:79:19)
    at runTestInternal (/home/user/breakapp/backend/node_modules/jest-runner/build/runTest.js:367:16)
    at runTest (/home/user/breakapp/backend/node_modules/jest-runner/build/runTest.js:444:34)
    at Object.worker (/home/user/breakapp/backend/node_modules/jest-runner/build/testWorker.js:106:12)</failure>
    </testcase>
    <testcase classname="Recommendation Controller getRecommendations should filter by type when provided" name="Recommendation Controller getRecommendations should filter by type when provided" time="0">
      <failure>TypeError: Cannot read properties of undefined (reading &apos;mockResolvedValue&apos;)
    at Object.mockResolvedValue (/home/user/breakapp/backend/tests/unit/controllers/recommendationController.test.js:54:54)
    at Promise.then.completed (/home/user/breakapp/backend/node_modules/jest-circus/build/utils.js:298:28)
    at new Promise (&lt;anonymous&gt;)
    at callAsyncCircusFn (/home/user/breakapp/backend/node_modules/jest-circus/build/utils.js:231:10)
    at _callCircusTest (/home/user/breakapp/backend/node_modules/jest-circus/build/run.js:316:40)
    at processTicksAndRejections (node:internal/process/task_queues:105:5)
    at _runTest (/home/user/breakapp/backend/node_modules/jest-circus/build/run.js:252:3)
    at _runTestsForDescribeBlock (/home/user/breakapp/backend/node_modules/jest-circus/build/run.js:126:9)
    at _runTestsForDescribeBlock (/home/user/breakapp/backend/node_modules/jest-circus/build/run.js:121:9)
    at _runTestsForDescribeBlock (/home/user/breakapp/backend/node_modules/jest-circus/build/run.js:121:9)
    at run (/home/user/breakapp/backend/node_modules/jest-circus/build/run.js:71:3)
    at runAndTransformResultsToJestFormat (/home/user/breakapp/backend/node_modules/jest-circus/build/legacy-code-todo-rewrite/jestAdapterInit.js:122:21)
    at jestAdapter (/home/user/breakapp/backend/node_modules/jest-circus/build/legacy-code-todo-rewrite/jestAdapter.js:79:19)
    at runTestInternal (/home/user/breakapp/backend/node_modules/jest-runner/build/runTest.js:367:16)
    at runTest (/home/user/breakapp/backend/node_modules/jest-runner/build/runTest.js:444:34)
    at Object.worker (/home/user/breakapp/backend/node_modules/jest-runner/build/testWorker.js:106:12)</failure>
    </testcase>
    <testcase classname="Recommendation Controller getRecommendations should handle service errors" name="Recommendation Controller getRecommendations should handle service errors" time="0">
      <failure>TypeError: Cannot read properties of undefined (reading &apos;mockRejectedValue&apos;)
    at Object.mockRejectedValue (/home/user/breakapp/backend/tests/unit/controllers/recommendationController.test.js:65:60)
    at Promise.then.completed (/home/user/breakapp/backend/node_modules/jest-circus/build/utils.js:298:28)
    at new Promise (&lt;anonymous&gt;)
    at callAsyncCircusFn (/home/user/breakapp/backend/node_modules/jest-circus/build/utils.js:231:10)
    at _callCircusTest (/home/user/breakapp/backend/node_modules/jest-circus/build/run.js:316:40)
    at processTicksAndRejections (node:internal/process/task_queues:105:5)
    at _runTest (/home/user/breakapp/backend/node_modules/jest-circus/build/run.js:252:3)
    at _runTestsForDescribeBlock (/home/user/breakapp/backend/node_modules/jest-circus/build/run.js:126:9)
    at _runTestsForDescribeBlock (/home/user/breakapp/backend/node_modules/jest-circus/build/run.js:121:9)
    at _runTestsForDescribeBlock (/home/user/breakapp/backend/node_modules/jest-circus/build/run.js:121:9)
    at run (/home/user/breakapp/backend/node_modules/jest-circus/build/run.js:71:3)
    at runAndTransformResultsToJestFormat (/home/user/breakapp/backend/node_modules/jest-circus/build/legacy-code-todo-rewrite/jestAdapterInit.js:122:21)
    at jestAdapter (/home/user/breakapp/backend/node_modules/jest-circus/build/legacy-code-todo-rewrite/jestAdapter.js:79:19)
    at runTestInternal (/home/user/breakapp/backend/node_modules/jest-runner/build/runTest.js:367:16)
    at runTest (/home/user/breakapp/backend/node_modules/jest-runner/build/runTest.js:444:34)
    at Object.worker (/home/user/breakapp/backend/node_modules/jest-runner/build/testWorker.js:106:12)</failure>
    </testcase>
    <testcase classname="Recommendation Controller generateRecommendations should generate new recommendations" name="Recommendation Controller generateRecommendations should generate new recommendations" time="0">
      <failure>TypeError: Cannot read properties of undefined (reading &apos;mockResolvedValue&apos;)
    at Object.mockResolvedValue (/home/user/breakapp/backend/tests/unit/controllers/recommendationController.test.js:85:53)
    at Promise.then.completed (/home/user/breakapp/backend/node_modules/jest-circus/build/utils.js:298:28)
    at new Promise (&lt;anonymous&gt;)
    at callAsyncCircusFn (/home/user/breakapp/backend/node_modules/jest-circus/build/utils.js:231:10)
    at _callCircusTest (/home/user/breakapp/backend/node_modules/jest-circus/build/run.js:316:40)
    at processTicksAndRejections (node:internal/process/task_queues:105:5)
    at _runTest (/home/user/breakapp/backend/node_modules/jest-circus/build/run.js:252:3)
    at _runTestsForDescribeBlock (/home/user/breakapp/backend/node_modules/jest-circus/build/run.js:126:9)
    at _runTestsForDescribeBlock (/home/user/breakapp/backend/node_modules/jest-circus/build/run.js:121:9)
    at _runTestsForDescribeBlock (/home/user/breakapp/backend/node_modules/jest-circus/build/run.js:121:9)
    at run (/home/user/breakapp/backend/node_modules/jest-circus/build/run.js:71:3)
    at runAndTransformResultsToJestFormat (/home/user/breakapp/backend/node_modules/jest-circus/build/legacy-code-todo-rewrite/jestAdapterInit.js:122:21)
    at jestAdapter (/home/user/breakapp/backend/node_modules/jest-circus/build/legacy-code-todo-rewrite/jestAdapter.js:79:19)
    at runTestInternal (/home/user/breakapp/backend/node_modules/jest-runner/build/runTest.js:367:16)
    at runTest (/home/user/breakapp/backend/node_modules/jest-runner/build/runTest.js:444:34)
    at Object.worker (/home/user/breakapp/backend/node_modules/jest-runner/build/testWorker.js:106:12)</failure>
    </testcase>
    <testcase classname="Recommendation Controller getRecommendationById should return recommendation by id" name="Recommendation Controller getRecommendationById should return recommendation by id" time="0">
      <failure>TypeError: Cannot read properties of undefined (reading &apos;mockResolvedValue&apos;)
    at Object.mockResolvedValue (/home/user/breakapp/backend/tests/unit/controllers/recommendationController.test.js:108:51)
    at Promise.then.completed (/home/user/breakapp/backend/node_modules/jest-circus/build/utils.js:298:28)
    at new Promise (&lt;anonymous&gt;)
    at callAsyncCircusFn (/home/user/breakapp/backend/node_modules/jest-circus/build/utils.js:231:10)
    at _callCircusTest (/home/user/breakapp/backend/node_modules/jest-circus/build/run.js:316:40)
    at processTicksAndRejections (node:internal/process/task_queues:105:5)
    at _runTest (/home/user/breakapp/backend/node_modules/jest-circus/build/run.js:252:3)
    at _runTestsForDescribeBlock (/home/user/breakapp/backend/node_modules/jest-circus/build/run.js:126:9)
    at _runTestsForDescribeBlock (/home/user/breakapp/backend/node_modules/jest-circus/build/run.js:121:9)
    at _runTestsForDescribeBlock (/home/user/breakapp/backend/node_modules/jest-circus/build/run.js:121:9)
    at run (/home/user/breakapp/backend/node_modules/jest-circus/build/run.js:71:3)
    at runAndTransformResultsToJestFormat (/home/user/breakapp/backend/node_modules/jest-circus/build/legacy-code-todo-rewrite/jestAdapterInit.js:122:21)
    at jestAdapter (/home/user/breakapp/backend/node_modules/jest-circus/build/legacy-code-todo-rewrite/jestAdapter.js:79:19)
    at runTestInternal (/home/user/breakapp/backend/node_modules/jest-runner/build/runTest.js:367:16)
    at runTest (/home/user/breakapp/backend/node_modules/jest-runner/build/runTest.js:444:34)
    at Object.worker (/home/user/breakapp/backend/node_modules/jest-runner/build/testWorker.js:106:12)</failure>
    </testcase>
    <testcase classname="Recommendation Controller getRecommendationById should return 404 for non-existent recommendation" name="Recommendation Controller getRecommendationById should return 404 for non-existent recommendation" time="0">
      <failure>TypeError: Cannot read properties of undefined (reading &apos;mockResolvedValue&apos;)
    at Object.mockResolvedValue (/home/user/breakapp/backend/tests/unit/controllers/recommendationController.test.js:122:51)
    at Promise.then.completed (/home/user/breakapp/backend/node_modules/jest-circus/build/utils.js:298:28)
    at new Promise (&lt;anonymous&gt;)
    at callAsyncCircusFn (/home/user/breakapp/backend/node_modules/jest-circus/build/utils.js:231:10)
    at _callCircusTest (/home/user/breakapp/backend/node_modules/jest-circus/build/run.js:316:40)
    at processTicksAndRejections (node:internal/process/task_queues:105:5)
    at _runTest (/home/user/breakapp/backend/node_modules/jest-circus/build/run.js:252:3)
    at _runTestsForDescribeBlock (/home/user/breakapp/backend/node_modules/jest-circus/build/run.js:126:9)
    at _runTestsForDescribeBlock (/home/user/breakapp/backend/node_modules/jest-circus/build/run.js:121:9)
    at _runTestsForDescribeBlock (/home/user/breakapp/backend/node_modules/jest-circus/build/run.js:121:9)
    at run (/home/user/breakapp/backend/node_modules/jest-circus/build/run.js:71:3)
    at runAndTransformResultsToJestFormat (/home/user/breakapp/backend/node_modules/jest-circus/build/legacy-code-todo-rewrite/jestAdapterInit.js:122:21)
    at jestAdapter (/home/user/breakapp/backend/node_modules/jest-circus/build/legacy-code-todo-rewrite/jestAdapter.js:79:19)
    at runTestInternal (/home/user/breakapp/backend/node_modules/jest-runner/build/runTest.js:367:16)
    at runTest (/home/user/breakapp/backend/node_modules/jest-runner/build/runTest.js:444:34)
    at Object.worker (/home/user/breakapp/backend/node_modules/jest-runner/build/testWorker.js:106:12)</failure>
    </testcase>
    <testcase classname="Recommendation Controller dismissRecommendation should mark recommendation as inactive" name="Recommendation Controller dismissRecommendation should mark recommendation as inactive" time="0">
      <failure>TypeError: Cannot read properties of undefined (reading &apos;mockResolvedValue&apos;)
    at Object.mockResolvedValue (/home/user/breakapp/backend/tests/unit/controllers/recommendationController.test.js:135:51)
    at Promise.then.completed (/home/user/breakapp/backend/node_modules/jest-circus/build/utils.js:298:28)
    at new Promise (&lt;anonymous&gt;)
    at callAsyncCircusFn (/home/user/breakapp/backend/node_modules/jest-circus/build/utils.js:231:10)
    at _callCircusTest (/home/user/breakapp/backend/node_modules/jest-circus/build/run.js:316:40)
    at processTicksAndRejections (node:internal/process/task_queues:105:5)
    at _runTest (/home/user/breakapp/backend/node_modules/jest-circus/build/run.js:252:3)
    at _runTestsForDescribeBlock (/home/user/breakapp/backend/node_modules/jest-circus/build/run.js:126:9)
    at _runTestsForDescribeBlock (/home/user/breakapp/backend/node_modules/jest-circus/build/run.js:121:9)
    at _runTestsForDescribeBlock (/home/user/breakapp/backend/node_modules/jest-circus/build/run.js:121:9)
    at run (/home/user/breakapp/backend/node_modules/jest-circus/build/run.js:71:3)
    at runAndTransformResultsToJestFormat (/home/user/breakapp/backend/node_modules/jest-circus/build/legacy-code-todo-rewrite/jestAdapterInit.js:122:21)
    at jestAdapter (/home/user/breakapp/backend/node_modules/jest-circus/build/legacy-code-todo-rewrite/jestAdapter.js:79:19)
    at runTestInternal (/home/user/breakapp/backend/node_modules/jest-runner/build/runTest.js:367:16)
    at runTest (/home/user/breakapp/backend/node_modules/jest-runner/build/runTest.js:444:34)
    at Object.worker (/home/user/breakapp/backend/node_modules/jest-runner/build/testWorker.js:106:12)</failure>
    </testcase>
    <testcase classname="Recommendation Controller updateRecommendationPreferences should update user preferences" name="Recommendation Controller updateRecommendationPreferences should update user preferences" time="0">
      <failure>TypeError: Cannot read properties of undefined (reading &apos;mockResolvedValue&apos;)
    at Object.mockResolvedValue (/home/user/breakapp/backend/tests/unit/controllers/recommendationController.test.js:156:47)
    at Promise.then.completed (/home/user/breakapp/backend/node_modules/jest-circus/build/utils.js:298:28)
    at new Promise (&lt;anonymous&gt;)
    at callAsyncCircusFn (/home/user/breakapp/backend/node_modules/jest-circus/build/utils.js:231:10)
    at _callCircusTest (/home/user/breakapp/backend/node_modules/jest-circus/build/run.js:316:40)
    at processTicksAndRejections (node:internal/process/task_queues:105:5)
    at _runTest (/home/user/breakapp/backend/node_modules/jest-circus/build/run.js:252:3)
    at _runTestsForDescribeBlock (/home/user/breakapp/backend/node_modules/jest-circus/build/run.js:126:9)
    at _runTestsForDescribeBlock (/home/user/breakapp/backend/node_modules/jest-circus/build/run.js:121:9)
    at _runTestsForDescribeBlock (/home/user/breakapp/backend/node_modules/jest-circus/build/run.js:121:9)
    at run (/home/user/breakapp/backend/node_modules/jest-circus/build/run.js:71:3)
    at runAndTransformResultsToJestFormat (/home/user/breakapp/backend/node_modules/jest-circus/build/legacy-code-todo-rewrite/jestAdapterInit.js:122:21)
    at jestAdapter (/home/user/breakapp/backend/node_modules/jest-circus/build/legacy-code-todo-rewrite/jestAdapter.js:79:19)
    at runTestInternal (/home/user/breakapp/backend/node_modules/jest-runner/build/runTest.js:367:16)
    at runTest (/home/user/breakapp/backend/node_modules/jest-runner/build/runTest.js:444:34)
    at Object.worker (/home/user/breakapp/backend/node_modules/jest-runner/build/testWorker.js:106:12)</failure>
    </testcase>
    <testcase classname="Recommendation Controller getTrendingItems should return trending menu items" name="Recommendation Controller getTrendingItems should return trending menu items" time="0">
      <failure>TypeError: Cannot read properties of undefined (reading &apos;mockResolvedValue&apos;)
    at Object.mockResolvedValue (/home/user/breakapp/backend/tests/unit/controllers/recommendationController.test.js:175:46)
    at Promise.then.completed (/home/user/breakapp/backend/node_modules/jest-circus/build/utils.js:298:28)
    at new Promise (&lt;anonymous&gt;)
    at callAsyncCircusFn (/home/user/breakapp/backend/node_modules/jest-circus/build/utils.js:231:10)
    at _callCircusTest (/home/user/breakapp/backend/node_modules/jest-circus/build/run.js:316:40)
    at processTicksAndRejections (node:internal/process/task_queues:105:5)
    at _runTest (/home/user/breakapp/backend/node_modules/jest-circus/build/run.js:252:3)
    at _runTestsForDescribeBlock (/home/user/breakapp/backend/node_modules/jest-circus/build/run.js:126:9)
    at _runTestsForDescribeBlock (/home/user/breakapp/backend/node_modules/jest-circus/build/run.js:121:9)
    at _runTestsForDescribeBlock (/home/user/breakapp/backend/node_modules/jest-circus/build/run.js:121:9)
    at run (/home/user/breakapp/backend/node_modules/jest-circus/build/run.js:71:3)
    at runAndTransformResultsToJestFormat (/home/user/breakapp/backend/node_modules/jest-circus/build/legacy-code-todo-rewrite/jestAdapterInit.js:122:21)
    at jestAdapter (/home/user/breakapp/backend/node_modules/jest-circus/build/legacy-code-todo-rewrite/jestAdapter.js:79:19)
    at runTestInternal (/home/user/breakapp/backend/node_modules/jest-runner/build/runTest.js:367:16)
    at runTest (/home/user/breakapp/backend/node_modules/jest-runner/build/runTest.js:444:34)
    at Object.worker (/home/user/breakapp/backend/node_modules/jest-runner/build/testWorker.js:106:12)</failure>
    </testcase>
    <testcase classname="Recommendation Controller getTrendingItems should limit results when limit query is provided" name="Recommendation Controller getTrendingItems should limit results when limit query is provided" time="0">
      <failure>TypeError: Cannot read properties of undefined (reading &apos;mockResolvedValue&apos;)
    at Object.mockResolvedValue (/home/user/breakapp/backend/tests/unit/controllers/recommendationController.test.js:189:46)
    at Promise.then.completed (/home/user/breakapp/backend/node_modules/jest-circus/build/utils.js:298:28)
    at new Promise (&lt;anonymous&gt;)
    at callAsyncCircusFn (/home/user/breakapp/backend/node_modules/jest-circus/build/utils.js:231:10)
    at _callCircusTest (/home/user/breakapp/backend/node_modules/jest-circus/build/run.js:316:40)
    at processTicksAndRejections (node:internal/process/task_queues:105:5)
    at _runTest (/home/user/breakapp/backend/node_modules/jest-circus/build/run.js:252:3)
    at _runTestsForDescribeBlock (/home/user/breakapp/backend/node_modules/jest-circus/build/run.js:126:9)
    at _runTestsForDescribeBlock (/home/user/breakapp/backend/node_modules/jest-circus/build/run.js:121:9)
    at _runTestsForDescribeBlock (/home/user/breakapp/backend/node_modules/jest-circus/build/run.js:121:9)
    at run (/home/user/breakapp/backend/node_modules/jest-circus/build/run.js:71:3)
    at runAndTransformResultsToJestFormat (/home/user/breakapp/backend/node_modules/jest-circus/build/legacy-code-todo-rewrite/jestAdapterInit.js:122:21)
    at jestAdapter (/home/user/breakapp/backend/node_modules/jest-circus/build/legacy-code-todo-rewrite/jestAdapter.js:79:19)
    at runTestInternal (/home/user/breakapp/backend/node_modules/jest-runner/build/runTest.js:367:16)
    at runTest (/home/user/breakapp/backend/node_modules/jest-runner/build/runTest.js:444:34)
    at Object.worker (/home/user/breakapp/backend/node_modules/jest-runner/build/testWorker.js:106:12)</failure>
    </testcase>
  </testsuite>
  <testsuite name="QR Code Service" errors="0" failures="1" skipped="0" timestamp="2025-12-28T11:32:20" time="2.785" tests="26">
    <testcase classname="QR Code Service generateQRCode should generate QR code for project" name="QR Code Service generateQRCode should generate QR code for project" time="0.028">
    </testcase>
    <testcase classname="QR Code Service generateQRCode should include project data in QR payload" name="QR Code Service generateQRCode should include project data in QR payload" time="0.002">
    </testcase>
    <testcase classname="QR Code Service generateQRCode should generate unique QR for each project" name="QR Code Service generateQRCode should generate unique QR for each project" time="0.001">
    </testcase>
    <testcase classname="QR Code Service generateQRToken should generate JWT token for QR" name="QR Code Service generateQRToken should generate JWT token for QR" time="0.004">
    </testcase>
    <testcase classname="QR Code Service generateQRToken should include expiration in token" name="QR Code Service generateQRToken should include expiration in token" time="0.002">
    </testcase>
    <testcase classname="QR Code Service generateQRToken should use secure secret key" name="QR Code Service generateQRToken should use secure secret key" time="0.001">
    </testcase>
    <testcase classname="QR Code Service verifyQRToken should verify valid QR token" name="QR Code Service verifyQRToken should verify valid QR token" time="0.001">
    </testcase>
    <testcase classname="QR Code Service verifyQRToken should reject expired QR token" name="QR Code Service verifyQRToken should reject expired QR token" time="0.021">
    </testcase>
    <testcase classname="QR Code Service verifyQRToken should reject token with invalid signature" name="QR Code Service verifyQRToken should reject token with invalid signature" time="0.002">
    </testcase>
    <testcase classname="QR Code Service verifyQRToken should reject malformed token" name="QR Code Service verifyQRToken should reject malformed token" time="0.001">
    </testcase>
    <testcase classname="QR Code Service accessProjectByQR should grant access to active project" name="QR Code Service accessProjectByQR should grant access to active project" time="0.001">
    </testcase>
    <testcase classname="QR Code Service accessProjectByQR should deny access to inactive project" name="QR Code Service accessProjectByQR should deny access to inactive project" time="0">
    </testcase>
    <testcase classname="QR Code Service accessProjectByQR should validate project date range" name="QR Code Service accessProjectByQR should validate project date range" time="0.001">
    </testcase>
    <testcase classname="QR Code Service accessProjectByQR should check order window" name="QR Code Service accessProjectByQR should check order window" time="0">
    </testcase>
    <testcase classname="QR Code Service scanQRCode should extract data from scanned QR" name="QR Code Service scanQRCode should extract data from scanned QR" time="0">
    </testcase>
    <testcase classname="QR Code Service scanQRCode should handle invalid QR data" name="QR Code Service scanQRCode should handle invalid QR data" time="0.001">
    </testcase>
    <testcase classname="QR Code Service associateUserWithProject should associate user with project on scan" name="QR Code Service associateUserWithProject should associate user with project on scan" time="0">
    </testcase>
    <testcase classname="QR Code Service associateUserWithProject should prevent duplicate associations" name="QR Code Service associateUserWithProject should prevent duplicate associations" time="0.001">
    </testcase>
    <testcase classname="QR Code Service QR code formats should generate PNG format" name="QR Code Service QR code formats should generate PNG format" time="0.001">
    </testcase>
    <testcase classname="QR Code Service QR code formats should generate SVG format" name="QR Code Service QR code formats should generate SVG format" time="0">
    </testcase>
    <testcase classname="QR Code Service QR code formats should support custom size options" name="QR Code Service QR code formats should support custom size options" time="0.001">
    </testcase>
    <testcase classname="QR Code Service QR security should use cryptographically secure random for tokens" name="QR Code Service QR security should use cryptographically secure random for tokens" time="0.002">
      <failure>Error: expect(received).toBe(expected) // Object.is equality

Expected: 32
Received: 31
    at Object.toBe (/home/user/breakapp/backend/tests/unit/services/qrCodeService.test.js:285:34)
    at Promise.then.completed (/home/user/breakapp/backend/node_modules/jest-circus/build/utils.js:298:28)
    at new Promise (&lt;anonymous&gt;)
    at callAsyncCircusFn (/home/user/breakapp/backend/node_modules/jest-circus/build/utils.js:231:10)
    at _callCircusTest (/home/user/breakapp/backend/node_modules/jest-circus/build/run.js:316:40)
    at processTicksAndRejections (node:internal/process/task_queues:105:5)
    at _runTest (/home/user/breakapp/backend/node_modules/jest-circus/build/run.js:252:3)
    at _runTestsForDescribeBlock (/home/user/breakapp/backend/node_modules/jest-circus/build/run.js:126:9)
    at _runTestsForDescribeBlock (/home/user/breakapp/backend/node_modules/jest-circus/build/run.js:121:9)
    at _runTestsForDescribeBlock (/home/user/breakapp/backend/node_modules/jest-circus/build/run.js:121:9)
    at run (/home/user/breakapp/backend/node_modules/jest-circus/build/run.js:71:3)
    at runAndTransformResultsToJestFormat (/home/user/breakapp/backend/node_modules/jest-circus/build/legacy-code-todo-rewrite/jestAdapterInit.js:122:21)
    at jestAdapter (/home/user/breakapp/backend/node_modules/jest-circus/build/legacy-code-todo-rewrite/jestAdapter.js:79:19)
    at runTestInternal (/home/user/breakapp/backend/node_modules/jest-runner/build/runTest.js:367:16)
    at runTest (/home/user/breakapp/backend/node_modules/jest-runner/build/runTest.js:444:34)
    at Object.worker (/home/user/breakapp/backend/node_modules/jest-runner/build/testWorker.js:106:12)</failure>
    </testcase>
    <testcase classname="QR Code Service QR security should hash sensitive data in QR" name="QR Code Service QR security should hash sensitive data in QR" time="0.001">
    </testcase>
    <testcase classname="QR Code Service QR security should rate limit QR scans" name="QR Code Service QR security should rate limit QR scans" time="0">
    </testcase>
    <testcase classname="QR Code Service QR analytics should track scan count" name="QR Code Service QR analytics should track scan count" time="0.009">
    </testcase>
    <testcase classname="QR Code Service QR analytics should track scan location" name="QR Code Service QR analytics should track scan location" time="0">
    </testcase>
  </testsuite>
  <testsuite name="Orders API Integration Tests" errors="0" failures="36" skipped="0" timestamp="2025-12-28T11:32:23" time="0.368" tests="36">
    <testcase classname="Orders API Integration Tests POST /api/v1/orders should create order with valid data" name="Orders API Integration Tests POST /api/v1/orders should create order with valid data" time="0.001">
      <failure>TypeError: generateUserToken is not a function
    at Object.generateUserToken (/home/user/breakapp/backend/tests/integration/api/orders.test.js:15:17)
    at Promise.then.completed (/home/user/breakapp/backend/node_modules/jest-circus/build/utils.js:298:28)
    at new Promise (&lt;anonymous&gt;)
    at callAsyncCircusFn (/home/user/breakapp/backend/node_modules/jest-circus/build/utils.js:231:10)
    at _callCircusHook (/home/user/breakapp/backend/node_modules/jest-circus/build/run.js:281:40)
    at processTicksAndRejections (node:internal/process/task_queues:105:5)
    at _runTestsForDescribeBlock (/home/user/breakapp/backend/node_modules/jest-circus/build/run.js:95:7)
    at _runTestsForDescribeBlock (/home/user/breakapp/backend/node_modules/jest-circus/build/run.js:121:9)
    at run (/home/user/breakapp/backend/node_modules/jest-circus/build/run.js:71:3)
    at runAndTransformResultsToJestFormat (/home/user/breakapp/backend/node_modules/jest-circus/build/legacy-code-todo-rewrite/jestAdapterInit.js:122:21)
    at jestAdapter (/home/user/breakapp/backend/node_modules/jest-circus/build/legacy-code-todo-rewrite/jestAdapter.js:79:19)
    at runTestInternal (/home/user/breakapp/backend/node_modules/jest-runner/build/runTest.js:367:16)
    at runTest (/home/user/breakapp/backend/node_modules/jest-runner/build/runTest.js:444:34)
    at Object.worker (/home/user/breakapp/backend/node_modules/jest-runner/build/testWorker.js:106:12)</failure>
    </testcase>
    <testcase classname="Orders API Integration Tests POST /api/v1/orders should validate restaurant exists and is active" name="Orders API Integration Tests POST /api/v1/orders should validate restaurant exists and is active" time="0">
      <failure>TypeError: generateUserToken is not a function
    at Object.generateUserToken (/home/user/breakapp/backend/tests/integration/api/orders.test.js:15:17)
    at Promise.then.completed (/home/user/breakapp/backend/node_modules/jest-circus/build/utils.js:298:28)
    at new Promise (&lt;anonymous&gt;)
    at callAsyncCircusFn (/home/user/breakapp/backend/node_modules/jest-circus/build/utils.js:231:10)
    at _callCircusHook (/home/user/breakapp/backend/node_modules/jest-circus/build/run.js:281:40)
    at processTicksAndRejections (node:internal/process/task_queues:105:5)
    at _runTestsForDescribeBlock (/home/user/breakapp/backend/node_modules/jest-circus/build/run.js:95:7)
    at _runTestsForDescribeBlock (/home/user/breakapp/backend/node_modules/jest-circus/build/run.js:121:9)
    at run (/home/user/breakapp/backend/node_modules/jest-circus/build/run.js:71:3)
    at runAndTransformResultsToJestFormat (/home/user/breakapp/backend/node_modules/jest-circus/build/legacy-code-todo-rewrite/jestAdapterInit.js:122:21)
    at jestAdapter (/home/user/breakapp/backend/node_modules/jest-circus/build/legacy-code-todo-rewrite/jestAdapter.js:79:19)
    at runTestInternal (/home/user/breakapp/backend/node_modules/jest-runner/build/runTest.js:367:16)
    at runTest (/home/user/breakapp/backend/node_modules/jest-runner/build/runTest.js:444:34)
    at Object.worker (/home/user/breakapp/backend/node_modules/jest-runner/build/testWorker.js:106:12)</failure>
    </testcase>
    <testcase classname="Orders API Integration Tests POST /api/v1/orders should reject order for inactive restaurant" name="Orders API Integration Tests POST /api/v1/orders should reject order for inactive restaurant" time="0">
      <failure>TypeError: generateUserToken is not a function
    at Object.generateUserToken (/home/user/breakapp/backend/tests/integration/api/orders.test.js:15:17)
    at Promise.then.completed (/home/user/breakapp/backend/node_modules/jest-circus/build/utils.js:298:28)
    at new Promise (&lt;anonymous&gt;)
    at callAsyncCircusFn (/home/user/breakapp/backend/node_modules/jest-circus/build/utils.js:231:10)
    at _callCircusHook (/home/user/breakapp/backend/node_modules/jest-circus/build/run.js:281:40)
    at processTicksAndRejections (node:internal/process/task_queues:105:5)
    at _runTestsForDescribeBlock (/home/user/breakapp/backend/node_modules/jest-circus/build/run.js:95:7)
    at _runTestsForDescribeBlock (/home/user/breakapp/backend/node_modules/jest-circus/build/run.js:121:9)
    at run (/home/user/breakapp/backend/node_modules/jest-circus/build/run.js:71:3)
    at runAndTransformResultsToJestFormat (/home/user/breakapp/backend/node_modules/jest-circus/build/legacy-code-todo-rewrite/jestAdapterInit.js:122:21)
    at jestAdapter (/home/user/breakapp/backend/node_modules/jest-circus/build/legacy-code-todo-rewrite/jestAdapter.js:79:19)
    at runTestInternal (/home/user/breakapp/backend/node_modules/jest-runner/build/runTest.js:367:16)
    at runTest (/home/user/breakapp/backend/node_modules/jest-runner/build/runTest.js:444:34)
    at Object.worker (/home/user/breakapp/backend/node_modules/jest-runner/build/testWorker.js:106:12)</failure>
    </testcase>
    <testcase classname="Orders API Integration Tests POST /api/v1/orders should validate all menu items exist and are available" name="Orders API Integration Tests POST /api/v1/orders should validate all menu items exist and are available" time="0.001">
      <failure>TypeError: generateUserToken is not a function
    at Object.generateUserToken (/home/user/breakapp/backend/tests/integration/api/orders.test.js:15:17)
    at Promise.then.completed (/home/user/breakapp/backend/node_modules/jest-circus/build/utils.js:298:28)
    at new Promise (&lt;anonymous&gt;)
    at callAsyncCircusFn (/home/user/breakapp/backend/node_modules/jest-circus/build/utils.js:231:10)
    at _callCircusHook (/home/user/breakapp/backend/node_modules/jest-circus/build/run.js:281:40)
    at processTicksAndRejections (node:internal/process/task_queues:105:5)
    at _runTestsForDescribeBlock (/home/user/breakapp/backend/node_modules/jest-circus/build/run.js:95:7)
    at _runTestsForDescribeBlock (/home/user/breakapp/backend/node_modules/jest-circus/build/run.js:121:9)
    at run (/home/user/breakapp/backend/node_modules/jest-circus/build/run.js:71:3)
    at runAndTransformResultsToJestFormat (/home/user/breakapp/backend/node_modules/jest-circus/build/legacy-code-todo-rewrite/jestAdapterInit.js:122:21)
    at jestAdapter (/home/user/breakapp/backend/node_modules/jest-circus/build/legacy-code-todo-rewrite/jestAdapter.js:79:19)
    at runTestInternal (/home/user/breakapp/backend/node_modules/jest-runner/build/runTest.js:367:16)
    at runTest (/home/user/breakapp/backend/node_modules/jest-runner/build/runTest.js:444:34)
    at Object.worker (/home/user/breakapp/backend/node_modules/jest-runner/build/testWorker.js:106:12)</failure>
    </testcase>
    <testcase classname="Orders API Integration Tests POST /api/v1/orders should reject unavailable menu items" name="Orders API Integration Tests POST /api/v1/orders should reject unavailable menu items" time="0">
      <failure>TypeError: generateUserToken is not a function
    at Object.generateUserToken (/home/user/breakapp/backend/tests/integration/api/orders.test.js:15:17)
    at Promise.then.completed (/home/user/breakapp/backend/node_modules/jest-circus/build/utils.js:298:28)
    at new Promise (&lt;anonymous&gt;)
    at callAsyncCircusFn (/home/user/breakapp/backend/node_modules/jest-circus/build/utils.js:231:10)
    at _callCircusHook (/home/user/breakapp/backend/node_modules/jest-circus/build/run.js:281:40)
    at processTicksAndRejections (node:internal/process/task_queues:105:5)
    at _runTestsForDescribeBlock (/home/user/breakapp/backend/node_modules/jest-circus/build/run.js:95:7)
    at _runTestsForDescribeBlock (/home/user/breakapp/backend/node_modules/jest-circus/build/run.js:121:9)
    at run (/home/user/breakapp/backend/node_modules/jest-circus/build/run.js:71:3)
    at runAndTransformResultsToJestFormat (/home/user/breakapp/backend/node_modules/jest-circus/build/legacy-code-todo-rewrite/jestAdapterInit.js:122:21)
    at jestAdapter (/home/user/breakapp/backend/node_modules/jest-circus/build/legacy-code-todo-rewrite/jestAdapter.js:79:19)
    at runTestInternal (/home/user/breakapp/backend/node_modules/jest-runner/build/runTest.js:367:16)
    at runTest (/home/user/breakapp/backend/node_modules/jest-runner/build/runTest.js:444:34)
    at Object.worker (/home/user/breakapp/backend/node_modules/jest-runner/build/testWorker.js:106:12)</failure>
    </testcase>
    <testcase classname="Orders API Integration Tests POST /api/v1/orders should calculate total correctly" name="Orders API Integration Tests POST /api/v1/orders should calculate total correctly" time="0">
      <failure>TypeError: generateUserToken is not a function
    at Object.generateUserToken (/home/user/breakapp/backend/tests/integration/api/orders.test.js:15:17)
    at Promise.then.completed (/home/user/breakapp/backend/node_modules/jest-circus/build/utils.js:298:28)
    at new Promise (&lt;anonymous&gt;)
    at callAsyncCircusFn (/home/user/breakapp/backend/node_modules/jest-circus/build/utils.js:231:10)
    at _callCircusHook (/home/user/breakapp/backend/node_modules/jest-circus/build/run.js:281:40)
    at processTicksAndRejections (node:internal/process/task_queues:105:5)
    at _runTestsForDescribeBlock (/home/user/breakapp/backend/node_modules/jest-circus/build/run.js:95:7)
    at _runTestsForDescribeBlock (/home/user/breakapp/backend/node_modules/jest-circus/build/run.js:121:9)
    at run (/home/user/breakapp/backend/node_modules/jest-circus/build/run.js:71:3)
    at runAndTransformResultsToJestFormat (/home/user/breakapp/backend/node_modules/jest-circus/build/legacy-code-todo-rewrite/jestAdapterInit.js:122:21)
    at jestAdapter (/home/user/breakapp/backend/node_modules/jest-circus/build/legacy-code-todo-rewrite/jestAdapter.js:79:19)
    at runTestInternal (/home/user/breakapp/backend/node_modules/jest-runner/build/runTest.js:367:16)
    at runTest (/home/user/breakapp/backend/node_modules/jest-runner/build/runTest.js:444:34)
    at Object.worker (/home/user/breakapp/backend/node_modules/jest-runner/build/testWorker.js:106:12)</failure>
    </testcase>
    <testcase classname="Orders API Integration Tests POST /api/v1/orders should require authentication" name="Orders API Integration Tests POST /api/v1/orders should require authentication" time="0">
      <failure>TypeError: generateUserToken is not a function
    at Object.generateUserToken (/home/user/breakapp/backend/tests/integration/api/orders.test.js:15:17)
    at Promise.then.completed (/home/user/breakapp/backend/node_modules/jest-circus/build/utils.js:298:28)
    at new Promise (&lt;anonymous&gt;)
    at callAsyncCircusFn (/home/user/breakapp/backend/node_modules/jest-circus/build/utils.js:231:10)
    at _callCircusHook (/home/user/breakapp/backend/node_modules/jest-circus/build/run.js:281:40)
    at processTicksAndRejections (node:internal/process/task_queues:105:5)
    at _runTestsForDescribeBlock (/home/user/breakapp/backend/node_modules/jest-circus/build/run.js:95:7)
    at _runTestsForDescribeBlock (/home/user/breakapp/backend/node_modules/jest-circus/build/run.js:121:9)
    at run (/home/user/breakapp/backend/node_modules/jest-circus/build/run.js:71:3)
    at runAndTransformResultsToJestFormat (/home/user/breakapp/backend/node_modules/jest-circus/build/legacy-code-todo-rewrite/jestAdapterInit.js:122:21)
    at jestAdapter (/home/user/breakapp/backend/node_modules/jest-circus/build/legacy-code-todo-rewrite/jestAdapter.js:79:19)
    at runTestInternal (/home/user/breakapp/backend/node_modules/jest-runner/build/runTest.js:367:16)
    at runTest (/home/user/breakapp/backend/node_modules/jest-runner/build/runTest.js:444:34)
    at Object.worker (/home/user/breakapp/backend/node_modules/jest-runner/build/testWorker.js:106:12)</failure>
    </testcase>
    <testcase classname="Orders API Integration Tests POST /api/v1/orders should set initial status to PENDING" name="Orders API Integration Tests POST /api/v1/orders should set initial status to PENDING" time="0">
      <failure>TypeError: generateUserToken is not a function
    at Object.generateUserToken (/home/user/breakapp/backend/tests/integration/api/orders.test.js:15:17)
    at Promise.then.completed (/home/user/breakapp/backend/node_modules/jest-circus/build/utils.js:298:28)
    at new Promise (&lt;anonymous&gt;)
    at callAsyncCircusFn (/home/user/breakapp/backend/node_modules/jest-circus/build/utils.js:231:10)
    at _callCircusHook (/home/user/breakapp/backend/node_modules/jest-circus/build/run.js:281:40)
    at processTicksAndRejections (node:internal/process/task_queues:105:5)
    at _runTestsForDescribeBlock (/home/user/breakapp/backend/node_modules/jest-circus/build/run.js:95:7)
    at _runTestsForDescribeBlock (/home/user/breakapp/backend/node_modules/jest-circus/build/run.js:121:9)
    at run (/home/user/breakapp/backend/node_modules/jest-circus/build/run.js:71:3)
    at runAndTransformResultsToJestFormat (/home/user/breakapp/backend/node_modules/jest-circus/build/legacy-code-todo-rewrite/jestAdapterInit.js:122:21)
    at jestAdapter (/home/user/breakapp/backend/node_modules/jest-circus/build/legacy-code-todo-rewrite/jestAdapter.js:79:19)
    at runTestInternal (/home/user/breakapp/backend/node_modules/jest-runner/build/runTest.js:367:16)
    at runTest (/home/user/breakapp/backend/node_modules/jest-runner/build/runTest.js:444:34)
    at Object.worker (/home/user/breakapp/backend/node_modules/jest-runner/build/testWorker.js:106:12)</failure>
    </testcase>
    <testcase classname="Orders API Integration Tests GET /api/v1/orders should return user orders" name="Orders API Integration Tests GET /api/v1/orders should return user orders" time="0">
      <failure>TypeError: generateUserToken is not a function
    at Object.generateUserToken (/home/user/breakapp/backend/tests/integration/api/orders.test.js:15:17)
    at Promise.then.completed (/home/user/breakapp/backend/node_modules/jest-circus/build/utils.js:298:28)
    at new Promise (&lt;anonymous&gt;)
    at callAsyncCircusFn (/home/user/breakapp/backend/node_modules/jest-circus/build/utils.js:231:10)
    at _callCircusHook (/home/user/breakapp/backend/node_modules/jest-circus/build/run.js:281:40)
    at processTicksAndRejections (node:internal/process/task_queues:105:5)
    at _runTestsForDescribeBlock (/home/user/breakapp/backend/node_modules/jest-circus/build/run.js:95:7)
    at _runTestsForDescribeBlock (/home/user/breakapp/backend/node_modules/jest-circus/build/run.js:121:9)
    at run (/home/user/breakapp/backend/node_modules/jest-circus/build/run.js:71:3)
    at runAndTransformResultsToJestFormat (/home/user/breakapp/backend/node_modules/jest-circus/build/legacy-code-todo-rewrite/jestAdapterInit.js:122:21)
    at jestAdapter (/home/user/breakapp/backend/node_modules/jest-circus/build/legacy-code-todo-rewrite/jestAdapter.js:79:19)
    at runTestInternal (/home/user/breakapp/backend/node_modules/jest-runner/build/runTest.js:367:16)
    at runTest (/home/user/breakapp/backend/node_modules/jest-runner/build/runTest.js:444:34)
    at Object.worker (/home/user/breakapp/backend/node_modules/jest-runner/build/testWorker.js:106:12)</failure>
    </testcase>
    <testcase classname="Orders API Integration Tests GET /api/v1/orders should support pagination" name="Orders API Integration Tests GET /api/v1/orders should support pagination" time="0">
      <failure>TypeError: generateUserToken is not a function
    at Object.generateUserToken (/home/user/breakapp/backend/tests/integration/api/orders.test.js:15:17)
    at Promise.then.completed (/home/user/breakapp/backend/node_modules/jest-circus/build/utils.js:298:28)
    at new Promise (&lt;anonymous&gt;)
    at callAsyncCircusFn (/home/user/breakapp/backend/node_modules/jest-circus/build/utils.js:231:10)
    at _callCircusHook (/home/user/breakapp/backend/node_modules/jest-circus/build/run.js:281:40)
    at processTicksAndRejections (node:internal/process/task_queues:105:5)
    at _runTestsForDescribeBlock (/home/user/breakapp/backend/node_modules/jest-circus/build/run.js:95:7)
    at _runTestsForDescribeBlock (/home/user/breakapp/backend/node_modules/jest-circus/build/run.js:121:9)
    at run (/home/user/breakapp/backend/node_modules/jest-circus/build/run.js:71:3)
    at runAndTransformResultsToJestFormat (/home/user/breakapp/backend/node_modules/jest-circus/build/legacy-code-todo-rewrite/jestAdapterInit.js:122:21)
    at jestAdapter (/home/user/breakapp/backend/node_modules/jest-circus/build/legacy-code-todo-rewrite/jestAdapter.js:79:19)
    at runTestInternal (/home/user/breakapp/backend/node_modules/jest-runner/build/runTest.js:367:16)
    at runTest (/home/user/breakapp/backend/node_modules/jest-runner/build/runTest.js:444:34)
    at Object.worker (/home/user/breakapp/backend/node_modules/jest-runner/build/testWorker.js:106:12)</failure>
    </testcase>
    <testcase classname="Orders API Integration Tests GET /api/v1/orders should filter by status" name="Orders API Integration Tests GET /api/v1/orders should filter by status" time="0">
      <failure>TypeError: generateUserToken is not a function
    at Object.generateUserToken (/home/user/breakapp/backend/tests/integration/api/orders.test.js:15:17)
    at Promise.then.completed (/home/user/breakapp/backend/node_modules/jest-circus/build/utils.js:298:28)
    at new Promise (&lt;anonymous&gt;)
    at callAsyncCircusFn (/home/user/breakapp/backend/node_modules/jest-circus/build/utils.js:231:10)
    at _callCircusHook (/home/user/breakapp/backend/node_modules/jest-circus/build/run.js:281:40)
    at processTicksAndRejections (node:internal/process/task_queues:105:5)
    at _runTestsForDescribeBlock (/home/user/breakapp/backend/node_modules/jest-circus/build/run.js:95:7)
    at _runTestsForDescribeBlock (/home/user/breakapp/backend/node_modules/jest-circus/build/run.js:121:9)
    at run (/home/user/breakapp/backend/node_modules/jest-circus/build/run.js:71:3)
    at runAndTransformResultsToJestFormat (/home/user/breakapp/backend/node_modules/jest-circus/build/legacy-code-todo-rewrite/jestAdapterInit.js:122:21)
    at jestAdapter (/home/user/breakapp/backend/node_modules/jest-circus/build/legacy-code-todo-rewrite/jestAdapter.js:79:19)
    at runTestInternal (/home/user/breakapp/backend/node_modules/jest-runner/build/runTest.js:367:16)
    at runTest (/home/user/breakapp/backend/node_modules/jest-runner/build/runTest.js:444:34)
    at Object.worker (/home/user/breakapp/backend/node_modules/jest-runner/build/testWorker.js:106:12)</failure>
    </testcase>
    <testcase classname="Orders API Integration Tests GET /api/v1/orders should sort by date descending" name="Orders API Integration Tests GET /api/v1/orders should sort by date descending" time="0">
      <failure>TypeError: generateUserToken is not a function
    at Object.generateUserToken (/home/user/breakapp/backend/tests/integration/api/orders.test.js:15:17)
    at Promise.then.completed (/home/user/breakapp/backend/node_modules/jest-circus/build/utils.js:298:28)
    at new Promise (&lt;anonymous&gt;)
    at callAsyncCircusFn (/home/user/breakapp/backend/node_modules/jest-circus/build/utils.js:231:10)
    at _callCircusHook (/home/user/breakapp/backend/node_modules/jest-circus/build/run.js:281:40)
    at processTicksAndRejections (node:internal/process/task_queues:105:5)
    at _runTestsForDescribeBlock (/home/user/breakapp/backend/node_modules/jest-circus/build/run.js:95:7)
    at _runTestsForDescribeBlock (/home/user/breakapp/backend/node_modules/jest-circus/build/run.js:121:9)
    at run (/home/user/breakapp/backend/node_modules/jest-circus/build/run.js:71:3)
    at runAndTransformResultsToJestFormat (/home/user/breakapp/backend/node_modules/jest-circus/build/legacy-code-todo-rewrite/jestAdapterInit.js:122:21)
    at jestAdapter (/home/user/breakapp/backend/node_modules/jest-circus/build/legacy-code-todo-rewrite/jestAdapter.js:79:19)
    at runTestInternal (/home/user/breakapp/backend/node_modules/jest-runner/build/runTest.js:367:16)
    at runTest (/home/user/breakapp/backend/node_modules/jest-runner/build/runTest.js:444:34)
    at Object.worker (/home/user/breakapp/backend/node_modules/jest-runner/build/testWorker.js:106:12)</failure>
    </testcase>
    <testcase classname="Orders API Integration Tests GET /api/v1/orders should only return orders for authenticated user" name="Orders API Integration Tests GET /api/v1/orders should only return orders for authenticated user" time="0">
      <failure>TypeError: generateUserToken is not a function
    at Object.generateUserToken (/home/user/breakapp/backend/tests/integration/api/orders.test.js:15:17)
    at Promise.then.completed (/home/user/breakapp/backend/node_modules/jest-circus/build/utils.js:298:28)
    at new Promise (&lt;anonymous&gt;)
    at callAsyncCircusFn (/home/user/breakapp/backend/node_modules/jest-circus/build/utils.js:231:10)
    at _callCircusHook (/home/user/breakapp/backend/node_modules/jest-circus/build/run.js:281:40)
    at processTicksAndRejections (node:internal/process/task_queues:105:5)
    at _runTestsForDescribeBlock (/home/user/breakapp/backend/node_modules/jest-circus/build/run.js:95:7)
    at _runTestsForDescribeBlock (/home/user/breakapp/backend/node_modules/jest-circus/build/run.js:121:9)
    at run (/home/user/breakapp/backend/node_modules/jest-circus/build/run.js:71:3)
    at runAndTransformResultsToJestFormat (/home/user/breakapp/backend/node_modules/jest-circus/build/legacy-code-todo-rewrite/jestAdapterInit.js:122:21)
    at jestAdapter (/home/user/breakapp/backend/node_modules/jest-circus/build/legacy-code-todo-rewrite/jestAdapter.js:79:19)
    at runTestInternal (/home/user/breakapp/backend/node_modules/jest-runner/build/runTest.js:367:16)
    at runTest (/home/user/breakapp/backend/node_modules/jest-runner/build/runTest.js:444:34)
    at Object.worker (/home/user/breakapp/backend/node_modules/jest-runner/build/testWorker.js:106:12)</failure>
    </testcase>
    <testcase classname="Orders API Integration Tests GET /api/v1/orders/:id should return order with items" name="Orders API Integration Tests GET /api/v1/orders/:id should return order with items" time="0">
      <failure>TypeError: generateUserToken is not a function
    at Object.generateUserToken (/home/user/breakapp/backend/tests/integration/api/orders.test.js:15:17)
    at Promise.then.completed (/home/user/breakapp/backend/node_modules/jest-circus/build/utils.js:298:28)
    at new Promise (&lt;anonymous&gt;)
    at callAsyncCircusFn (/home/user/breakapp/backend/node_modules/jest-circus/build/utils.js:231:10)
    at _callCircusHook (/home/user/breakapp/backend/node_modules/jest-circus/build/run.js:281:40)
    at processTicksAndRejections (node:internal/process/task_queues:105:5)
    at _runTestsForDescribeBlock (/home/user/breakapp/backend/node_modules/jest-circus/build/run.js:95:7)
    at _runTestsForDescribeBlock (/home/user/breakapp/backend/node_modules/jest-circus/build/run.js:121:9)
    at run (/home/user/breakapp/backend/node_modules/jest-circus/build/run.js:71:3)
    at runAndTransformResultsToJestFormat (/home/user/breakapp/backend/node_modules/jest-circus/build/legacy-code-todo-rewrite/jestAdapterInit.js:122:21)
    at jestAdapter (/home/user/breakapp/backend/node_modules/jest-circus/build/legacy-code-todo-rewrite/jestAdapter.js:79:19)
    at runTestInternal (/home/user/breakapp/backend/node_modules/jest-runner/build/runTest.js:367:16)
    at runTest (/home/user/breakapp/backend/node_modules/jest-runner/build/runTest.js:444:34)
    at Object.worker (/home/user/breakapp/backend/node_modules/jest-runner/build/testWorker.js:106:12)</failure>
    </testcase>
    <testcase classname="Orders API Integration Tests GET /api/v1/orders/:id should return 404 for non-existent order" name="Orders API Integration Tests GET /api/v1/orders/:id should return 404 for non-existent order" time="0">
      <failure>TypeError: generateUserToken is not a function
    at Object.generateUserToken (/home/user/breakapp/backend/tests/integration/api/orders.test.js:15:17)
    at Promise.then.completed (/home/user/breakapp/backend/node_modules/jest-circus/build/utils.js:298:28)
    at new Promise (&lt;anonymous&gt;)
    at callAsyncCircusFn (/home/user/breakapp/backend/node_modules/jest-circus/build/utils.js:231:10)
    at _callCircusHook (/home/user/breakapp/backend/node_modules/jest-circus/build/run.js:281:40)
    at processTicksAndRejections (node:internal/process/task_queues:105:5)
    at _runTestsForDescribeBlock (/home/user/breakapp/backend/node_modules/jest-circus/build/run.js:95:7)
    at _runTestsForDescribeBlock (/home/user/breakapp/backend/node_modules/jest-circus/build/run.js:121:9)
    at run (/home/user/breakapp/backend/node_modules/jest-circus/build/run.js:71:3)
    at runAndTransformResultsToJestFormat (/home/user/breakapp/backend/node_modules/jest-circus/build/legacy-code-todo-rewrite/jestAdapterInit.js:122:21)
    at jestAdapter (/home/user/breakapp/backend/node_modules/jest-circus/build/legacy-code-todo-rewrite/jestAdapter.js:79:19)
    at runTestInternal (/home/user/breakapp/backend/node_modules/jest-runner/build/runTest.js:367:16)
    at runTest (/home/user/breakapp/backend/node_modules/jest-runner/build/runTest.js:444:34)
    at Object.worker (/home/user/breakapp/backend/node_modules/jest-runner/build/testWorker.js:106:12)</failure>
    </testcase>
    <testcase classname="Orders API Integration Tests GET /api/v1/orders/:id should not allow access to other users orders" name="Orders API Integration Tests GET /api/v1/orders/:id should not allow access to other users orders" time="0.001">
      <failure>TypeError: generateUserToken is not a function
    at Object.generateUserToken (/home/user/breakapp/backend/tests/integration/api/orders.test.js:15:17)
    at Promise.then.completed (/home/user/breakapp/backend/node_modules/jest-circus/build/utils.js:298:28)
    at new Promise (&lt;anonymous&gt;)
    at callAsyncCircusFn (/home/user/breakapp/backend/node_modules/jest-circus/build/utils.js:231:10)
    at _callCircusHook (/home/user/breakapp/backend/node_modules/jest-circus/build/run.js:281:40)
    at processTicksAndRejections (node:internal/process/task_queues:105:5)
    at _runTestsForDescribeBlock (/home/user/breakapp/backend/node_modules/jest-circus/build/run.js:95:7)
    at _runTestsForDescribeBlock (/home/user/breakapp/backend/node_modules/jest-circus/build/run.js:121:9)
    at run (/home/user/breakapp/backend/node_modules/jest-circus/build/run.js:71:3)
    at runAndTransformResultsToJestFormat (/home/user/breakapp/backend/node_modules/jest-circus/build/legacy-code-todo-rewrite/jestAdapterInit.js:122:21)
    at jestAdapter (/home/user/breakapp/backend/node_modules/jest-circus/build/legacy-code-todo-rewrite/jestAdapter.js:79:19)
    at runTestInternal (/home/user/breakapp/backend/node_modules/jest-runner/build/runTest.js:367:16)
    at runTest (/home/user/breakapp/backend/node_modules/jest-runner/build/runTest.js:444:34)
    at Object.worker (/home/user/breakapp/backend/node_modules/jest-runner/build/testWorker.js:106:12)</failure>
    </testcase>
    <testcase classname="Orders API Integration Tests GET /api/v1/orders/:id should allow admin to access any order" name="Orders API Integration Tests GET /api/v1/orders/:id should allow admin to access any order" time="0">
      <failure>TypeError: generateUserToken is not a function
    at Object.generateUserToken (/home/user/breakapp/backend/tests/integration/api/orders.test.js:15:17)
    at Promise.then.completed (/home/user/breakapp/backend/node_modules/jest-circus/build/utils.js:298:28)
    at new Promise (&lt;anonymous&gt;)
    at callAsyncCircusFn (/home/user/breakapp/backend/node_modules/jest-circus/build/utils.js:231:10)
    at _callCircusHook (/home/user/breakapp/backend/node_modules/jest-circus/build/run.js:281:40)
    at processTicksAndRejections (node:internal/process/task_queues:105:5)
    at _runTestsForDescribeBlock (/home/user/breakapp/backend/node_modules/jest-circus/build/run.js:95:7)
    at _runTestsForDescribeBlock (/home/user/breakapp/backend/node_modules/jest-circus/build/run.js:121:9)
    at run (/home/user/breakapp/backend/node_modules/jest-circus/build/run.js:71:3)
    at runAndTransformResultsToJestFormat (/home/user/breakapp/backend/node_modules/jest-circus/build/legacy-code-todo-rewrite/jestAdapterInit.js:122:21)
    at jestAdapter (/home/user/breakapp/backend/node_modules/jest-circus/build/legacy-code-todo-rewrite/jestAdapter.js:79:19)
    at runTestInternal (/home/user/breakapp/backend/node_modules/jest-runner/build/runTest.js:367:16)
    at runTest (/home/user/breakapp/backend/node_modules/jest-runner/build/runTest.js:444:34)
    at Object.worker (/home/user/breakapp/backend/node_modules/jest-runner/build/testWorker.js:106:12)</failure>
    </testcase>
    <testcase classname="Orders API Integration Tests PUT /api/v1/orders/:id/status should update status (admin/producer only)" name="Orders API Integration Tests PUT /api/v1/orders/:id/status should update status (admin/producer only)" time="0">
      <failure>TypeError: generateUserToken is not a function
    at Object.generateUserToken (/home/user/breakapp/backend/tests/integration/api/orders.test.js:15:17)
    at Promise.then.completed (/home/user/breakapp/backend/node_modules/jest-circus/build/utils.js:298:28)
    at new Promise (&lt;anonymous&gt;)
    at callAsyncCircusFn (/home/user/breakapp/backend/node_modules/jest-circus/build/utils.js:231:10)
    at _callCircusHook (/home/user/breakapp/backend/node_modules/jest-circus/build/run.js:281:40)
    at processTicksAndRejections (node:internal/process/task_queues:105:5)
    at _runTestsForDescribeBlock (/home/user/breakapp/backend/node_modules/jest-circus/build/run.js:95:7)
    at _runTestsForDescribeBlock (/home/user/breakapp/backend/node_modules/jest-circus/build/run.js:121:9)
    at run (/home/user/breakapp/backend/node_modules/jest-circus/build/run.js:71:3)
    at runAndTransformResultsToJestFormat (/home/user/breakapp/backend/node_modules/jest-circus/build/legacy-code-todo-rewrite/jestAdapterInit.js:122:21)
    at jestAdapter (/home/user/breakapp/backend/node_modules/jest-circus/build/legacy-code-todo-rewrite/jestAdapter.js:79:19)
    at runTestInternal (/home/user/breakapp/backend/node_modules/jest-runner/build/runTest.js:367:16)
    at runTest (/home/user/breakapp/backend/node_modules/jest-runner/build/runTest.js:444:34)
    at Object.worker (/home/user/breakapp/backend/node_modules/jest-runner/build/testWorker.js:106:12)</failure>
    </testcase>
    <testcase classname="Orders API Integration Tests PUT /api/v1/orders/:id/status should validate status transition" name="Orders API Integration Tests PUT /api/v1/orders/:id/status should validate status transition" time="0">
      <failure>TypeError: generateUserToken is not a function
    at Object.generateUserToken (/home/user/breakapp/backend/tests/integration/api/orders.test.js:15:17)
    at Promise.then.completed (/home/user/breakapp/backend/node_modules/jest-circus/build/utils.js:298:28)
    at new Promise (&lt;anonymous&gt;)
    at callAsyncCircusFn (/home/user/breakapp/backend/node_modules/jest-circus/build/utils.js:231:10)
    at _callCircusHook (/home/user/breakapp/backend/node_modules/jest-circus/build/run.js:281:40)
    at processTicksAndRejections (node:internal/process/task_queues:105:5)
    at _runTestsForDescribeBlock (/home/user/breakapp/backend/node_modules/jest-circus/build/run.js:95:7)
    at _runTestsForDescribeBlock (/home/user/breakapp/backend/node_modules/jest-circus/build/run.js:121:9)
    at run (/home/user/breakapp/backend/node_modules/jest-circus/build/run.js:71:3)
    at runAndTransformResultsToJestFormat (/home/user/breakapp/backend/node_modules/jest-circus/build/legacy-code-todo-rewrite/jestAdapterInit.js:122:21)
    at jestAdapter (/home/user/breakapp/backend/node_modules/jest-circus/build/legacy-code-todo-rewrite/jestAdapter.js:79:19)
    at runTestInternal (/home/user/breakapp/backend/node_modules/jest-runner/build/runTest.js:367:16)
    at runTest (/home/user/breakapp/backend/node_modules/jest-runner/build/runTest.js:444:34)
    at Object.worker (/home/user/breakapp/backend/node_modules/jest-runner/build/testWorker.js:106:12)</failure>
    </testcase>
    <testcase classname="Orders API Integration Tests PUT /api/v1/orders/:id/status should set timestamps on status change" name="Orders API Integration Tests PUT /api/v1/orders/:id/status should set timestamps on status change" time="0">
      <failure>TypeError: generateUserToken is not a function
    at Object.generateUserToken (/home/user/breakapp/backend/tests/integration/api/orders.test.js:15:17)
    at Promise.then.completed (/home/user/breakapp/backend/node_modules/jest-circus/build/utils.js:298:28)
    at new Promise (&lt;anonymous&gt;)
    at callAsyncCircusFn (/home/user/breakapp/backend/node_modules/jest-circus/build/utils.js:231:10)
    at _callCircusHook (/home/user/breakapp/backend/node_modules/jest-circus/build/run.js:281:40)
    at processTicksAndRejections (node:internal/process/task_queues:105:5)
    at _runTestsForDescribeBlock (/home/user/breakapp/backend/node_modules/jest-circus/build/run.js:95:7)
    at _runTestsForDescribeBlock (/home/user/breakapp/backend/node_modules/jest-circus/build/run.js:121:9)
    at run (/home/user/breakapp/backend/node_modules/jest-circus/build/run.js:71:3)
    at runAndTransformResultsToJestFormat (/home/user/breakapp/backend/node_modules/jest-circus/build/legacy-code-todo-rewrite/jestAdapterInit.js:122:21)
    at jestAdapter (/home/user/breakapp/backend/node_modules/jest-circus/build/legacy-code-todo-rewrite/jestAdapter.js:79:19)
    at runTestInternal (/home/user/breakapp/backend/node_modules/jest-runner/build/runTest.js:367:16)
    at runTest (/home/user/breakapp/backend/node_modules/jest-runner/build/runTest.js:444:34)
    at Object.worker (/home/user/breakapp/backend/node_modules/jest-runner/build/testWorker.js:106:12)</failure>
    </testcase>
    <testcase classname="Orders API Integration Tests POST /api/v1/orders/:id/cancel should cancel PENDING order" name="Orders API Integration Tests POST /api/v1/orders/:id/cancel should cancel PENDING order" time="0">
      <failure>TypeError: generateUserToken is not a function
    at Object.generateUserToken (/home/user/breakapp/backend/tests/integration/api/orders.test.js:15:17)
    at Promise.then.completed (/home/user/breakapp/backend/node_modules/jest-circus/build/utils.js:298:28)
    at new Promise (&lt;anonymous&gt;)
    at callAsyncCircusFn (/home/user/breakapp/backend/node_modules/jest-circus/build/utils.js:231:10)
    at _callCircusHook (/home/user/breakapp/backend/node_modules/jest-circus/build/run.js:281:40)
    at processTicksAndRejections (node:internal/process/task_queues:105:5)
    at _runTestsForDescribeBlock (/home/user/breakapp/backend/node_modules/jest-circus/build/run.js:95:7)
    at _runTestsForDescribeBlock (/home/user/breakapp/backend/node_modules/jest-circus/build/run.js:121:9)
    at run (/home/user/breakapp/backend/node_modules/jest-circus/build/run.js:71:3)
    at runAndTransformResultsToJestFormat (/home/user/breakapp/backend/node_modules/jest-circus/build/legacy-code-todo-rewrite/jestAdapterInit.js:122:21)
    at jestAdapter (/home/user/breakapp/backend/node_modules/jest-circus/build/legacy-code-todo-rewrite/jestAdapter.js:79:19)
    at runTestInternal (/home/user/breakapp/backend/node_modules/jest-runner/build/runTest.js:367:16)
    at runTest (/home/user/breakapp/backend/node_modules/jest-runner/build/runTest.js:444:34)
    at Object.worker (/home/user/breakapp/backend/node_modules/jest-runner/build/testWorker.js:106:12)</failure>
    </testcase>
    <testcase classname="Orders API Integration Tests POST /api/v1/orders/:id/cancel should cancel CONFIRMED order" name="Orders API Integration Tests POST /api/v1/orders/:id/cancel should cancel CONFIRMED order" time="0">
      <failure>TypeError: generateUserToken is not a function
    at Object.generateUserToken (/home/user/breakapp/backend/tests/integration/api/orders.test.js:15:17)
    at Promise.then.completed (/home/user/breakapp/backend/node_modules/jest-circus/build/utils.js:298:28)
    at new Promise (&lt;anonymous&gt;)
    at callAsyncCircusFn (/home/user/breakapp/backend/node_modules/jest-circus/build/utils.js:231:10)
    at _callCircusHook (/home/user/breakapp/backend/node_modules/jest-circus/build/run.js:281:40)
    at processTicksAndRejections (node:internal/process/task_queues:105:5)
    at _runTestsForDescribeBlock (/home/user/breakapp/backend/node_modules/jest-circus/build/run.js:95:7)
    at _runTestsForDescribeBlock (/home/user/breakapp/backend/node_modules/jest-circus/build/run.js:121:9)
    at run (/home/user/breakapp/backend/node_modules/jest-circus/build/run.js:71:3)
    at runAndTransformResultsToJestFormat (/home/user/breakapp/backend/node_modules/jest-circus/build/legacy-code-todo-rewrite/jestAdapterInit.js:122:21)
    at jestAdapter (/home/user/breakapp/backend/node_modules/jest-circus/build/legacy-code-todo-rewrite/jestAdapter.js:79:19)
    at runTestInternal (/home/user/breakapp/backend/node_modules/jest-runner/build/runTest.js:367:16)
    at runTest (/home/user/breakapp/backend/node_modules/jest-runner/build/runTest.js:444:34)
    at Object.worker (/home/user/breakapp/backend/node_modules/jest-runner/build/testWorker.js:106:12)</failure>
    </testcase>
[...]
    at Object.id (/home/user/breakapp/backend/tests/performance/phase4Performance.test.js:23:40)</failure>
    </testcase>
    <testcase classname="Phase 4 Performance Tests Database Query Performance should handle complex medical profile queries efficiently" name="Phase 4 Performance Tests Database Query Performance should handle complex medical profile queries efficiently" time="0">
      <failure>TypeError: Cannot read properties of undefined (reading &apos;id&apos;)
    at Object.id (/home/user/breakapp/backend/tests/performance/phase4Performance.test.js:23:40)</failure>
    </testcase>
    <testcase classname="Phase 4 Performance Tests Memory Usage Tests should not cause memory leaks during intensive operations" name="Phase 4 Performance Tests Memory Usage Tests should not cause memory leaks during intensive operations" time="0.001">
      <failure>TypeError: Cannot read properties of undefined (reading &apos;id&apos;)
    at Object.id (/home/user/breakapp/backend/tests/performance/phase4Performance.test.js:23:40)</failure>
    </testcase>
    <testcase classname="Phase 4 Performance Tests API Response Time Benchmarks should respond to GET /api/v1/voice/preferences within acceptable time" name="Phase 4 Performance Tests API Response Time Benchmarks should respond to GET /api/v1/voice/preferences within acceptable time" time="0">
      <failure>TypeError: Cannot read properties of undefined (reading &apos;id&apos;)
    at Object.id (/home/user/breakapp/backend/tests/performance/phase4Performance.test.js:23:40)</failure>
    </testcase>
    <testcase classname="Phase 4 Performance Tests API Response Time Benchmarks should respond to GET /api/v1/medical/profile within acceptable time" name="Phase 4 Performance Tests API Response Time Benchmarks should respond to GET /api/v1/medical/profile within acceptable time" time="0">
      <failure>TypeError: Cannot read properties of undefined (reading &apos;id&apos;)
    at Object.id (/home/user/breakapp/backend/tests/performance/phase4Performance.test.js:23:40)</failure>
    </testcase>
    <testcase classname="Phase 4 Performance Tests API Response Time Benchmarks should respond to GET /api/v1/emergency/inventory?projectId=test within acceptable time" name="Phase 4 Performance Tests API Response Time Benchmarks should respond to GET /api/v1/emergency/inventory?projectId=test within acceptable time" time="0">
      <failure>TypeError: Cannot read properties of undefined (reading &apos;id&apos;)
    at Object.id (/home/user/breakapp/backend/tests/performance/phase4Performance.test.js:23:40)</failure>
    </testcase>
    <testcase classname="Phase 4 Performance Tests API Response Time Benchmarks should respond to POST /api/v1/voice/text-to-speech within acceptable time" name="Phase 4 Performance Tests API Response Time Benchmarks should respond to POST /api/v1/voice/text-to-speech within acceptable time" time="0">
      <failure>TypeError: Cannot read properties of undefined (reading &apos;id&apos;)
    at Object.id (/home/user/breakapp/backend/tests/performance/phase4Performance.test.js:23:40)</failure>
    </testcase>
    <testcase classname="Phase 4 Performance Tests API Response Time Benchmarks should respond to POST /api/v1/medical/check-item within acceptable time" name="Phase 4 Performance Tests API Response Time Benchmarks should respond to POST /api/v1/medical/check-item within acceptable time" time="0">
      <failure>TypeError: Cannot read properties of undefined (reading &apos;id&apos;)
    at Object.id (/home/user/breakapp/backend/tests/performance/phase4Performance.test.js:23:40)</failure>
    </testcase>
    <testcase classname="Phase 4 Performance Tests Stress Testing should handle high load without degrading significantly" name="Phase 4 Performance Tests Stress Testing should handle high load without degrading significantly" time="0">
      <failure>TypeError: Cannot read properties of undefined (reading &apos;id&apos;)
    at Object.id (/home/user/breakapp/backend/tests/performance/phase4Performance.test.js:23:40)</failure>
    </testcase>
  </testsuite>
  <testsuite name="Phase 4 Features - E2E Tests" errors="0" failures="5" skipped="0" timestamp="2025-12-28T11:32:20" time="6.653" tests="5">
    <testcase classname="Phase 4 Features - E2E Tests Emergency Mode Complete Workflow should handle complete emergency scenario" name="Phase 4 Features - E2E Tests Emergency Mode Complete Workflow should handle complete emergency scenario" time="0.016">
      <failure>TypeError: createTestProject is not a function
    at Object.createTestProject (/home/user/breakapp/backend/tests/e2e/phase4Features.test.js:25:25)</failure>
    </testcase>
    <testcase classname="Phase 4 Features - E2E Tests Medical Alerts Complete Workflow should handle complete medical profile and alerts scenario" name="Phase 4 Features - E2E Tests Medical Alerts Complete Workflow should handle complete medical profile and alerts scenario" time="0">
      <failure>TypeError: createTestProject is not a function
    at Object.createTestProject (/home/user/breakapp/backend/tests/e2e/phase4Features.test.js:25:25)</failure>
    </testcase>
    <testcase classname="Phase 4 Features - E2E Tests Voice Ordering Complete Workflow should handle complete voice ordering scenario" name="Phase 4 Features - E2E Tests Voice Ordering Complete Workflow should handle complete voice ordering scenario" time="0">
      <failure>TypeError: createTestProject is not a function
    at Object.createTestProject (/home/user/breakapp/backend/tests/e2e/phase4Features.test.js:25:25)</failure>
    </testcase>
    <testcase classname="Phase 4 Features - E2E Tests Cross-Feature Integration should handle emergency medical scenario with voice ordering" name="Phase 4 Features - E2E Tests Cross-Feature Integration should handle emergency medical scenario with voice ordering" time="0.001">
      <failure>TypeError: createTestProject is not a function
    at Object.createTestProject (/home/user/breakapp/backend/tests/e2e/phase4Features.test.js:25:25)</failure>
    </testcase>
    <testcase classname="Phase 4 Features - E2E Tests Performance and Load Testing should handle concurrent requests across all Phase 4 features" name="Phase 4 Features - E2E Tests Performance and Load Testing should handle concurrent requests across all Phase 4 features" time="0">
      <failure>TypeError: createTestProject is not a function
    at Object.createTestProject (/home/user/breakapp/backend/tests/e2e/phase4Features.test.js:25:25)</failure>
    </testcase>
  </testsuite>
  <testsuite name="Emergency API - Integration Tests" errors="0" failures="22" skipped="0" timestamp="2025-12-28T11:32:20" time="6.668" tests="22">
    <testcase classname="Emergency API - Integration Tests POST /api/v1/emergency/activate should activate emergency mode successfully (Admin)" name="Emergency API - Integration Tests POST /api/v1/emergency/activate should activate emergency mode successfully (Admin)" time="0.016">
      <failure>TypeError: createTestProject is not a function
    at Object.createTestProject (/home/user/breakapp/backend/tests/integration/api/emergency.test.js:25:25)</failure>
    </testcase>
    <testcase classname="Emergency API - Integration Tests POST /api/v1/emergency/activate should reject activation by regular user" name="Emergency API - Integration Tests POST /api/v1/emergency/activate should reject activation by regular user" time="0">
      <failure>TypeError: createTestProject is not a function
    at Object.createTestProject (/home/user/breakapp/backend/tests/integration/api/emergency.test.js:25:25)</failure>
    </testcase>
    <testcase classname="Emergency API - Integration Tests POST /api/v1/emergency/activate should validate emergency type" name="Emergency API - Integration Tests POST /api/v1/emergency/activate should validate emergency type" time="0">
      <failure>TypeError: createTestProject is not a function
    at Object.createTestProject (/home/user/breakapp/backend/tests/integration/api/emergency.test.js:25:25)</failure>
    </testcase>
    <testcase classname="Emergency API - Integration Tests POST /api/v1/emergency/activate should require authentication" name="Emergency API - Integration Tests POST /api/v1/emergency/activate should require authentication" time="0">
      <failure>TypeError: createTestProject is not a function
    at Object.createTestProject (/home/user/breakapp/backend/tests/integration/api/emergency.test.js:25:25)</failure>
    </testcase>
    <testcase classname="Emergency API - Integration Tests POST /api/v1/emergency/orders should create emergency order successfully" name="Emergency API - Integration Tests POST /api/v1/emergency/orders should create emergency order successfully" time="0.001">
      <failure>TypeError: createTestProject is not a function
    at Object.createTestProject (/home/user/breakapp/backend/tests/integration/api/emergency.test.js:25:25)</failure>
    </testcase>
    <testcase classname="Emergency API - Integration Tests POST /api/v1/emergency/orders should validate urgency level" name="Emergency API - Integration Tests POST /api/v1/emergency/orders should validate urgency level" time="0">
      <failure>TypeError: createTestProject is not a function
    at Object.createTestProject (/home/user/breakapp/backend/tests/integration/api/emergency.test.js:25:25)</failure>
    </testcase>
    <testcase classname="Emergency API - Integration Tests POST /api/v1/emergency/orders should require active emergency mode" name="Emergency API - Integration Tests POST /api/v1/emergency/orders should require active emergency mode" time="0">
      <failure>TypeError: createTestProject is not a function
    at Object.createTestProject (/home/user/breakapp/backend/tests/integration/api/emergency.test.js:25:25)</failure>
    </testcase>
    <testcase classname="Emergency API - Integration Tests GET /api/v1/emergency/restaurants should return emergency restaurants within radius" name="Emergency API - Integration Tests GET /api/v1/emergency/restaurants should return emergency restaurants within radius" time="0">
      <failure>TypeError: createTestProject is not a function
    at Object.createTestProject (/home/user/breakapp/backend/tests/integration/api/emergency.test.js:25:25)</failure>
    </testcase>
    <testcase classname="Emergency API - Integration Tests GET /api/v1/emergency/restaurants should validate coordinates" name="Emergency API - Integration Tests GET /api/v1/emergency/restaurants should validate coordinates" time="0">
      <failure>TypeError: createTestProject is not a function
    at Object.createTestProject (/home/user/breakapp/backend/tests/integration/api/emergency.test.js:25:25)</failure>
    </testcase>
    <testcase classname="Emergency API - Integration Tests GET /api/v1/emergency/restaurants should use default radius if not provided" name="Emergency API - Integration Tests GET /api/v1/emergency/restaurants should use default radius if not provided" time="0">
      <failure>TypeError: createTestProject is not a function
    at Object.createTestProject (/home/user/breakapp/backend/tests/integration/api/emergency.test.js:25:25)</failure>
    </testcase>
    <testcase classname="Emergency API - Integration Tests GET /api/v1/emergency/inventory should return pre-prepared inventory" name="Emergency API - Integration Tests GET /api/v1/emergency/inventory should return pre-prepared inventory" time="0">
      <failure>TypeError: createTestProject is not a function
    at Object.createTestProject (/home/user/breakapp/backend/tests/integration/api/emergency.test.js:25:25)</failure>
    </testcase>
    <testcase classname="Emergency API - Integration Tests GET /api/v1/emergency/inventory should require project ID" name="Emergency API - Integration Tests GET /api/v1/emergency/inventory should require project ID" time="0">
      <failure>TypeError: createTestProject is not a function
    at Object.createTestProject (/home/user/breakapp/backend/tests/integration/api/emergency.test.js:25:25)</failure>
    </testcase>
    <testcase classname="Emergency API - Integration Tests POST /api/v1/emergency/inventory should add item to pre-prepared inventory (Admin)" name="Emergency API - Integration Tests POST /api/v1/emergency/inventory should add item to pre-prepared inventory (Admin)" time="0">
      <failure>TypeError: createTestProject is not a function
    at Object.createTestProject (/home/user/breakapp/backend/tests/integration/api/emergency.test.js:25:25)</failure>
    </testcase>
    <testcase classname="Emergency API - Integration Tests POST /api/v1/emergency/inventory should reject addition by regular user" name="Emergency API - Integration Tests POST /api/v1/emergency/inventory should reject addition by regular user" time="0">
      <failure>TypeError: createTestProject is not a function
    at Object.createTestProject (/home/user/breakapp/backend/tests/integration/api/emergency.test.js:25:25)</failure>
    </testcase>
    <testcase classname="Emergency API - Integration Tests POST /api/v1/emergency/inventory should validate quantity" name="Emergency API - Integration Tests POST /api/v1/emergency/inventory should validate quantity" time="0">
      <failure>TypeError: createTestProject is not a function
    at Object.createTestProject (/home/user/breakapp/backend/tests/integration/api/emergency.test.js:25:25)</failure>
    </testcase>
    <testcase classname="Emergency API - Integration Tests GET /api/v1/emergency/history should return emergency history with pagination (Admin)" name="Emergency API - Integration Tests GET /api/v1/emergency/history should return emergency history with pagination (Admin)" time="0">
      <failure>TypeError: createTestProject is not a function
    at Object.createTestProject (/home/user/breakapp/backend/tests/integration/api/emergency.test.js:25:25)</failure>
    </testcase>
    <testcase classname="Emergency API - Integration Tests GET /api/v1/emergency/history should filter by date range" name="Emergency API - Integration Tests GET /api/v1/emergency/history should filter by date range" time="0">
      <failure>TypeError: createTestProject is not a function
    at Object.createTestProject (/home/user/breakapp/backend/tests/integration/api/emergency.test.js:25:25)</failure>
    </testcase>
    <testcase classname="Emergency API - Integration Tests GET /api/v1/emergency/history should reject access by regular user" name="Emergency API - Integration Tests GET /api/v1/emergency/history should reject access by regular user" time="0">
      <failure>TypeError: createTestProject is not a function
    at Object.createTestProject (/home/user/breakapp/backend/tests/integration/api/emergency.test.js:25:25)</failure>
    </testcase>
    <testcase classname="Emergency API - Integration Tests POST /api/v1/emergency/schedule-change should send schedule change notification (Admin)" name="Emergency API - Integration Tests POST /api/v1/emergency/schedule-change should send schedule change notification (Admin)" time="0">
      <failure>TypeError: createTestProject is not a function
    at Object.createTestProject (/home/user/breakapp/backend/tests/integration/api/emergency.test.js:25:25)</failure>
    </testcase>
    <testcase classname="Emergency API - Integration Tests POST /api/v1/emergency/schedule-change should validate change type" name="Emergency API - Integration Tests POST /api/v1/emergency/schedule-change should validate change type" time="0">
      <failure>TypeError: createTestProject is not a function
    at Object.createTestProject (/home/user/breakapp/backend/tests/integration/api/emergency.test.js:25:25)</failure>
    </testcase>
    <testcase classname="Emergency API - Integration Tests POST /api/v1/emergency/deactivate should deactivate emergency mode successfully (Admin)" name="Emergency API - Integration Tests POST /api/v1/emergency/deactivate should deactivate emergency mode successfully (Admin)" time="0">
      <failure>TypeError: createTestProject is not a function
    at Object.createTestProject (/home/user/breakapp/backend/tests/integration/api/emergency.test.js:25:25)</failure>
    </testcase>
    <testcase classname="Emergency API - Integration Tests POST /api/v1/emergency/deactivate should reject deactivation by regular user" name="Emergency API - Integration Tests POST /api/v1/emergency/deactivate should reject deactivation by regular user" time="0">
      <failure>TypeError: createTestProject is not a function
    at Object.createTestProject (/home/user/breakapp/backend/tests/integration/api/emergency.test.js:25:25)</failure>
    </testcase>
  </testsuite>
  <testsuite name="Payments API - Integration Tests" errors="0" failures="7" skipped="0" timestamp="2025-12-28T11:32:20" time="7.035" tests="7">
    <testcase classname="Payments API - Integration Tests POST /api/v1/payments/create-intent should create payment intent successfully" name="Payments API - Integration Tests POST /api/v1/payments/create-intent should create payment intent successfully" time="0.125">
      <failure>TypeError: Cannot read properties of undefined (reading &apos;id&apos;)
    at Object.id (/home/user/breakapp/backend/tests/integration/api/payments.test.js:60:44)</failure>
    </testcase>
    <testcase classname="Payments API - Integration Tests POST /api/v1/payments/create-intent should reject invalid amount" name="Payments API - Integration Tests POST /api/v1/payments/create-intent should reject invalid amount" time="0.078">
      <failure>TypeError: Cannot read properties of undefined (reading &apos;id&apos;)
    at Object.id (/home/user/breakapp/backend/tests/integration/api/payments.test.js:60:44)</failure>
    </testcase>
    <testcase classname="Payments API - Integration Tests POST /api/v1/payments/create-intent should require authentication" name="Payments API - Integration Tests POST /api/v1/payments/create-intent should require authentication" time="0.079">
      <failure>TypeError: Cannot read properties of undefined (reading &apos;id&apos;)
    at Object.id (/home/user/breakapp/backend/tests/integration/api/payments.test.js:60:44)</failure>
    </testcase>
    <testcase classname="Payments API - Integration Tests POST /api/v1/payments/confirm should confirm payment successfully" name="Payments API - Integration Tests POST /api/v1/payments/confirm should confirm payment successfully" time="0.082">
      <failure>TypeError: Cannot read properties of undefined (reading &apos;id&apos;)
    at Object.id (/home/user/breakapp/backend/tests/integration/api/payments.test.js:60:44)</failure>
    </testcase>
    <testcase classname="Payments API - Integration Tests GET /api/v1/payments should return user payments" name="Payments API - Integration Tests GET /api/v1/payments should return user payments" time="0.079">
      <failure>TypeError: Cannot read properties of undefined (reading &apos;id&apos;)
    at Object.id (/home/user/breakapp/backend/tests/integration/api/payments.test.js:60:44)</failure>
    </testcase>
    <testcase classname="Payments API - Integration Tests GET /api/v1/payments should filter payments by status" name="Payments API - Integration Tests GET /api/v1/payments should filter payments by status" time="0.077">
      <failure>TypeError: Cannot read properties of undefined (reading &apos;id&apos;)
    at Object.id (/home/user/breakapp/backend/tests/integration/api/payments.test.js:60:44)</failure>
    </testcase>
    <testcase classname="Payments API - Integration Tests POST /api/v1/payments/invoices should create invoice successfully" name="Payments API - Integration Tests POST /api/v1/payments/invoices should create invoice successfully" time="0.079">
      <failure>TypeError: Cannot read properties of undefined (reading &apos;id&apos;)
    at Object.id (/home/user/breakapp/backend/tests/integration/api/payments.test.js:60:44)</failure>
    </testcase>
  </testsuite>
</testsuites>