<?xml version="1.0" encoding="UTF-8"?>
<testsuites name="jest tests" tests="271" failures="144" errors="0" time="10.968">
  <testsuite name="Custom Error Classes" errors="0" failures="1" skipped="0" timestamp="2025-12-28T11:09:54" time="2.33" tests="21">
    <testcase classname="Custom Error Classes ApiError should create base API error" name="Custom Error Classes ApiError should create base API error" time="0.028">
    </testcase>
    <testcase classname="Custom Error Classes ApiError should serialize to JSON correctly" name="Custom Error Classes ApiError should serialize to JSON correctly" time="0.001">
    </testcase>
    <testcase classname="Custom Error Classes ApiError should include stack trace in development" name="Custom Error Classes ApiError should include stack trace in development" time="0.017">
    </testcase>
    <testcase classname="Custom Error Classes BadRequestError should create 400 error" name="Custom Error Classes BadRequestError should create 400 error" time="0.001">
    </testcase>
    <testcase classname="Custom Error Classes UnauthorizedError should create 401 error" name="Custom Error Classes UnauthorizedError should create 401 error" time="0.001">
    </testcase>
    <testcase classname="Custom Error Classes ForbiddenError should create 403 error" name="Custom Error Classes ForbiddenError should create 403 error" time="0.001">
    </testcase>
    <testcase classname="Custom Error Classes NotFoundError should create 404 error" name="Custom Error Classes NotFoundError should create 404 error" time="0.001">
    </testcase>
    <testcase classname="Custom Error Classes ConflictError should create 409 error" name="Custom Error Classes ConflictError should create 409 error" time="0.001">
    </testcase>
    <testcase classname="Custom Error Classes ValidationError should create validation error with details" name="Custom Error Classes ValidationError should create validation error with details" time="0.001">
    </testcase>
    <testcase classname="Custom Error Classes RateLimitError should create rate limit error with retry time" name="Custom Error Classes RateLimitError should create rate limit error with retry time" time="0">
    </testcase>
    <testcase classname="Custom Error Classes InternalServerError should create 500 error as non-operational" name="Custom Error Classes InternalServerError should create 500 error as non-operational" time="0">
    </testcase>
    <testcase classname="Custom Error Classes ServiceUnavailableError should create 503 error" name="Custom Error Classes ServiceUnavailableError should create 503 error" time="0.001">
    </testcase>
    <testcase classname="Custom Error Classes DatabaseError should wrap database errors" name="Custom Error Classes DatabaseError should wrap database errors" time="0">
    </testcase>
    <testcase classname="Custom Error Classes PrismaError should handle P2002 (unique constraint)" name="Custom Error Classes PrismaError should handle P2002 (unique constraint)" time="0.001">
    </testcase>
    <testcase classname="Custom Error Classes PrismaError should handle P2025 (record not found)" name="Custom Error Classes PrismaError should handle P2025 (record not found)" time="0.001">
    </testcase>
    <testcase classname="Custom Error Classes PrismaError should handle P2003 (foreign key constraint)" name="Custom Error Classes PrismaError should handle P2003 (foreign key constraint)" time="0.001">
    </testcase>
    <testcase classname="Custom Error Classes PrismaError should handle unknown Prisma errors" name="Custom Error Classes PrismaError should handle unknown Prisma errors" time="0.001">
    </testcase>
    <testcase classname="Custom Error Classes errorHandler utility should handle Prisma errors" name="Custom Error Classes errorHandler utility should handle Prisma errors" time="0.001">
    </testcase>
    <testcase classname="Custom Error Classes errorHandler utility should handle JWT errors" name="Custom Error Classes errorHandler utility should handle JWT errors" time="0">
    </testcase>
    <testcase classname="Custom Error Classes errorHandler utility should handle validation errors" name="Custom Error Classes errorHandler utility should handle validation errors" time="0.001">
    </testcase>
    <testcase classname="Custom Error Classes errorHandler utility should log errors with context" name="Custom Error Classes errorHandler utility should log errors with context" time="0.014">
      <failure>Error: expect(received).toHaveBeenCalledWith(...expected)

Matcher error: received value must be a mock or spy function

Received has type:  function
Received has value: [Function warn]
    at Object.toHaveBeenCalledWith (/home/user/breakapp/backend/tests/unit/utils/errors.test.js:242:27)
    at Promise.then.completed (/home/user/breakapp/backend/node_modules/jest-circus/build/utils.js:298:28)
    at new Promise (&lt;anonymous&gt;)
    at callAsyncCircusFn (/home/user/breakapp/backend/node_modules/jest-circus/build/utils.js:231:10)
    at _callCircusTest (/home/user/breakapp/backend/node_modules/jest-circus/build/run.js:316:40)
    at processTicksAndRejections (node:internal/process/task_queues:105:5)
    at _runTest (/home/user/breakapp/backend/node_modules/jest-circus/build/run.js:252:3)
    at _runTestsForDescribeBlock (/home/user/breakapp/backend/node_modules/jest-circus/build/run.js:126:9)
    at _runTestsForDescribeBlock (/home/user/breakapp/backend/node_modules/jest-circus/build/run.js:121:9)
    at _runTestsForDescribeBlock (/home/user/breakapp/backend/node_modules/jest-circus/build/run.js:121:9)
    at run (/home/user/breakapp/backend/node_modules/jest-circus/build/run.js:71:3)
    at runAndTransformResultsToJestFormat (/home/user/breakapp/backend/node_modules/jest-circus/build/legacy-code-todo-rewrite/jestAdapterInit.js:122:21)
    at jestAdapter (/home/user/breakapp/backend/node_modules/jest-circus/build/legacy-code-todo-rewrite/jestAdapter.js:79:19)
    at runTestInternal (/home/user/breakapp/backend/node_modules/jest-runner/build/runTest.js:367:16)
    at runTest (/home/user/breakapp/backend/node_modules/jest-runner/build/runTest.js:444:34)
    at Object.worker (/home/user/breakapp/backend/node_modules/jest-runner/build/testWorker.js:106:12)</failure>
    </testcase>
  </testsuite>
  <testsuite name="Error Handler Middleware" errors="0" failures="5" skipped="0" timestamp="2025-12-28T11:09:54" time="2.35" tests="6">
    <testcase classname="Error Handler Middleware errorHandler should handle Prisma duplicate error" name="Error Handler Middleware errorHandler should handle Prisma duplicate error" time="0.024">
      <failure>TypeError: req.get is not a function
    at get (/home/user/breakapp/backend/src/middleware/errorHandler.js:72:20)
    at Object.errorHandler (/home/user/breakapp/backend/tests/unit/middleware/errorHandler.test.js:23:7)
    at Promise.then.completed (/home/user/breakapp/backend/node_modules/jest-circus/build/utils.js:298:28)
    at new Promise (&lt;anonymous&gt;)
    at callAsyncCircusFn (/home/user/breakapp/backend/node_modules/jest-circus/build/utils.js:231:10)
    at _callCircusTest (/home/user/breakapp/backend/node_modules/jest-circus/build/run.js:316:40)
    at processTicksAndRejections (node:internal/process/task_queues:105:5)
    at _runTest (/home/user/breakapp/backend/node_modules/jest-circus/build/run.js:252:3)
    at _runTestsForDescribeBlock (/home/user/breakapp/backend/node_modules/jest-circus/build/run.js:126:9)
    at _runTestsForDescribeBlock (/home/user/breakapp/backend/node_modules/jest-circus/build/run.js:121:9)
    at _runTestsForDescribeBlock (/home/user/breakapp/backend/node_modules/jest-circus/build/run.js:121:9)
    at run (/home/user/breakapp/backend/node_modules/jest-circus/build/run.js:71:3)
    at runAndTransformResultsToJestFormat (/home/user/breakapp/backend/node_modules/jest-circus/build/legacy-code-todo-rewrite/jestAdapterInit.js:122:21)
    at jestAdapter (/home/user/breakapp/backend/node_modules/jest-circus/build/legacy-code-todo-rewrite/jestAdapter.js:79:19)
    at runTestInternal (/home/user/breakapp/backend/node_modules/jest-runner/build/runTest.js:367:16)
    at runTest (/home/user/breakapp/backend/node_modules/jest-runner/build/runTest.js:444:34)
    at Object.worker (/home/user/breakapp/backend/node_modules/jest-runner/build/testWorker.js:106:12)</failure>
    </testcase>
    <testcase classname="Error Handler Middleware errorHandler should handle Prisma not found error" name="Error Handler Middleware errorHandler should handle Prisma not found error" time="0.001">
      <failure>TypeError: req.get is not a function
    at get (/home/user/breakapp/backend/src/middleware/errorHandler.js:72:20)
    at Object.errorHandler (/home/user/breakapp/backend/tests/unit/middleware/errorHandler.test.js:36:7)
    at Promise.then.completed (/home/user/breakapp/backend/node_modules/jest-circus/build/utils.js:298:28)
    at new Promise (&lt;anonymous&gt;)
    at callAsyncCircusFn (/home/user/breakapp/backend/node_modules/jest-circus/build/utils.js:231:10)
    at _callCircusTest (/home/user/breakapp/backend/node_modules/jest-circus/build/run.js:316:40)
    at processTicksAndRejections (node:internal/process/task_queues:105:5)
    at _runTest (/home/user/breakapp/backend/node_modules/jest-circus/build/run.js:252:3)
    at _runTestsForDescribeBlock (/home/user/breakapp/backend/node_modules/jest-circus/build/run.js:126:9)
    at _runTestsForDescribeBlock (/home/user/breakapp/backend/node_modules/jest-circus/build/run.js:121:9)
    at _runTestsForDescribeBlock (/home/user/breakapp/backend/node_modules/jest-circus/build/run.js:121:9)
    at run (/home/user/breakapp/backend/node_modules/jest-circus/build/run.js:71:3)
    at runAndTransformResultsToJestFormat (/home/user/breakapp/backend/node_modules/jest-circus/build/legacy-code-todo-rewrite/jestAdapterInit.js:122:21)
    at jestAdapter (/home/user/breakapp/backend/node_modules/jest-circus/build/legacy-code-todo-rewrite/jestAdapter.js:79:19)
    at runTestInternal (/home/user/breakapp/backend/node_modules/jest-runner/build/runTest.js:367:16)
    at runTest (/home/user/breakapp/backend/node_modules/jest-runner/build/runTest.js:444:34)
    at Object.worker (/home/user/breakapp/backend/node_modules/jest-runner/build/testWorker.js:106:12)</failure>
    </testcase>
    <testcase classname="Error Handler Middleware errorHandler should handle validation error" name="Error Handler Middleware errorHandler should handle validation error" time="0.001">
      <failure>TypeError: req.get is not a function
    at get (/home/user/breakapp/backend/src/middleware/errorHandler.js:72:20)
    at Object.errorHandler (/home/user/breakapp/backend/tests/unit/middleware/errorHandler.test.js:44:7)
    at Promise.then.completed (/home/user/breakapp/backend/node_modules/jest-circus/build/utils.js:298:28)
    at new Promise (&lt;anonymous&gt;)
    at callAsyncCircusFn (/home/user/breakapp/backend/node_modules/jest-circus/build/utils.js:231:10)
    at _callCircusTest (/home/user/breakapp/backend/node_modules/jest-circus/build/run.js:316:40)
    at processTicksAndRejections (node:internal/process/task_queues:105:5)
    at _runTest (/home/user/breakapp/backend/node_modules/jest-circus/build/run.js:252:3)
    at _runTestsForDescribeBlock (/home/user/breakapp/backend/node_modules/jest-circus/build/run.js:126:9)
    at _runTestsForDescribeBlock (/home/user/breakapp/backend/node_modules/jest-circus/build/run.js:121:9)
    at _runTestsForDescribeBlock (/home/user/breakapp/backend/node_modules/jest-circus/build/run.js:121:9)
    at run (/home/user/breakapp/backend/node_modules/jest-circus/build/run.js:71:3)
    at runAndTransformResultsToJestFormat (/home/user/breakapp/backend/node_modules/jest-circus/build/legacy-code-todo-rewrite/jestAdapterInit.js:122:21)
    at jestAdapter (/home/user/breakapp/backend/node_modules/jest-circus/build/legacy-code-todo-rewrite/jestAdapter.js:79:19)
    at runTestInternal (/home/user/breakapp/backend/node_modules/jest-runner/build/runTest.js:367:16)
    at runTest (/home/user/breakapp/backend/node_modules/jest-runner/build/runTest.js:444:34)
    at Object.worker (/home/user/breakapp/backend/node_modules/jest-runner/build/testWorker.js:106:12)</failure>
    </testcase>
    <testcase classname="Error Handler Middleware errorHandler should handle JWT error" name="Error Handler Middleware errorHandler should handle JWT error" time="0.001">
      <failure>TypeError: req.get is not a function
    at get (/home/user/breakapp/backend/src/middleware/errorHandler.js:72:20)
    at Object.errorHandler (/home/user/breakapp/backend/tests/unit/middleware/errorHandler.test.js:52:7)
    at Promise.then.completed (/home/user/breakapp/backend/node_modules/jest-circus/build/utils.js:298:28)
    at new Promise (&lt;anonymous&gt;)
    at callAsyncCircusFn (/home/user/breakapp/backend/node_modules/jest-circus/build/utils.js:231:10)
    at _callCircusTest (/home/user/breakapp/backend/node_modules/jest-circus/build/run.js:316:40)
    at processTicksAndRejections (node:internal/process/task_queues:105:5)
    at _runTest (/home/user/breakapp/backend/node_modules/jest-circus/build/run.js:252:3)
    at _runTestsForDescribeBlock (/home/user/breakapp/backend/node_modules/jest-circus/build/run.js:126:9)
    at _runTestsForDescribeBlock (/home/user/breakapp/backend/node_modules/jest-circus/build/run.js:121:9)
    at _runTestsForDescribeBlock (/home/user/breakapp/backend/node_modules/jest-circus/build/run.js:121:9)
    at run (/home/user/breakapp/backend/node_modules/jest-circus/build/run.js:71:3)
    at runAndTransformResultsToJestFormat (/home/user/breakapp/backend/node_modules/jest-circus/build/legacy-code-todo-rewrite/jestAdapterInit.js:122:21)
    at jestAdapter (/home/user/breakapp/backend/node_modules/jest-circus/build/legacy-code-todo-rewrite/jestAdapter.js:79:19)
    at runTestInternal (/home/user/breakapp/backend/node_modules/jest-runner/build/runTest.js:367:16)
    at runTest (/home/user/breakapp/backend/node_modules/jest-runner/build/runTest.js:444:34)
    at Object.worker (/home/user/breakapp/backend/node_modules/jest-runner/build/testWorker.js:106:12)</failure>
    </testcase>
    <testcase classname="Error Handler Middleware errorHandler should sanitize sensitive data" name="Error Handler Middleware errorHandler should sanitize sensitive data" time="0.001">
      <failure>TypeError: req.get is not a function
    at get (/home/user/breakapp/backend/src/middleware/errorHandler.js:72:20)
    at Object.errorHandler (/home/user/breakapp/backend/tests/unit/middleware/errorHandler.test.js:61:7)
    at Promise.then.completed (/home/user/breakapp/backend/node_modules/jest-circus/build/utils.js:298:28)
    at new Promise (&lt;anonymous&gt;)
    at callAsyncCircusFn (/home/user/breakapp/backend/node_modules/jest-circus/build/utils.js:231:10)
    at _callCircusTest (/home/user/breakapp/backend/node_modules/jest-circus/build/run.js:316:40)
    at processTicksAndRejections (node:internal/process/task_queues:105:5)
    at _runTest (/home/user/breakapp/backend/node_modules/jest-circus/build/run.js:252:3)
    at _runTestsForDescribeBlock (/home/user/breakapp/backend/node_modules/jest-circus/build/run.js:126:9)
    at _runTestsForDescribeBlock (/home/user/breakapp/backend/node_modules/jest-circus/build/run.js:121:9)
    at _runTestsForDescribeBlock (/home/user/breakapp/backend/node_modules/jest-circus/build/run.js:121:9)
    at run (/home/user/breakapp/backend/node_modules/jest-circus/build/run.js:71:3)
    at runAndTransformResultsToJestFormat (/home/user/breakapp/backend/node_modules/jest-circus/build/legacy-code-todo-rewrite/jestAdapterInit.js:122:21)
    at jestAdapter (/home/user/breakapp/backend/node_modules/jest-circus/build/legacy-code-todo-rewrite/jestAdapter.js:79:19)
    at runTestInternal (/home/user/breakapp/backend/node_modules/jest-runner/build/runTest.js:367:16)
    at runTest (/home/user/breakapp/backend/node_modules/jest-runner/build/runTest.js:444:34)
    at Object.worker (/home/user/breakapp/backend/node_modules/jest-runner/build/testWorker.js:106:12)</failure>
    </testcase>
    <testcase classname="Error Handler Middleware notFound should create 404 error" name="Error Handler Middleware notFound should create 404 error" time="0.003">
    </testcase>
  </testsuite>
  <testsuite name="Order Controller" errors="0" failures="4" skipped="0" timestamp="2025-12-28T11:09:54" time="2.406" tests="7">
    <testcase classname="Order Controller createOrder should create order successfully" name="Order Controller createOrder should create order successfully" time="0.031">
      <failure>Error: expect(jest.fn()).toHaveBeenCalledWith(...expected)

- Expected
+ Received

  Object {
    &quot;data&quot;: Object {
      &quot;id&quot;: &quot;order-1&quot;,
    },
-   &quot;message&quot;: &quot;تم إنشاء الطلب بنجاح&quot;,
+   &quot;message&quot;: &quot;orders.orderCreated&quot;,
    &quot;success&quot;: true,
  },

Number of calls: 1
    at Object.toHaveBeenCalledWith (/home/user/breakapp/backend/tests/unit/controllers/orderController.test.js:37:24)
    at processTicksAndRejections (node:internal/process/task_queues:105:5)</failure>
    </testcase>
    <testcase classname="Order Controller createOrder should reject order without items" name="Order Controller createOrder should reject order without items" time="0.002">
      <failure>Error: expect(jest.fn()).toHaveBeenCalledWith(...expected)

- Expected
+ Received

  Object {
-   &quot;error&quot;: &quot;يجب إضافة عنصر واحد على الأقل للطلب&quot;,
+   &quot;error&quot;: &quot;orders.itemsRequired&quot;,
    &quot;success&quot;: false,
  },

Number of calls: 1
    at Object.toHaveBeenCalledWith (/home/user/breakapp/backend/tests/unit/controllers/orderController.test.js:50:24)
    at processTicksAndRejections (node:internal/process/task_queues:105:5)</failure>
    </testcase>
    <testcase classname="Order Controller getOrderById should return order for owner" name="Order Controller getOrderById should return order for owner" time="0.001">
    </testcase>
    <testcase classname="Order Controller getOrderById should reject access for non-owner" name="Order Controller getOrderById should reject access for non-owner" time="0.001">
    </testcase>
    <testcase classname="Order Controller updateOrderStatus should update status for admin" name="Order Controller updateOrderStatus should update status for admin" time="0.001">
      <failure>Error: expect(jest.fn()).toHaveBeenCalledWith(...expected)

- Expected
+ Received

  Object {
    &quot;data&quot;: Object {
      &quot;id&quot;: &quot;order-1&quot;,
      &quot;status&quot;: &quot;CONFIRMED&quot;,
    },
-   &quot;message&quot;: &quot;تم تحديث حالة الطلب إلى CONFIRMED&quot;,
+   &quot;message&quot;: &quot;orders.orderStatusUpdated&quot;,
    &quot;success&quot;: true,
  },

Number of calls: 1
    at Object.toHaveBeenCalledWith (/home/user/breakapp/backend/tests/unit/controllers/orderController.test.js:89:24)
    at processTicksAndRejections (node:internal/process/task_queues:105:5)</failure>
    </testcase>
    <testcase classname="Order Controller updateOrderStatus should reject status update for regular user" name="Order Controller updateOrderStatus should reject status update for regular user" time="0.001">
    </testcase>
    <testcase classname="Order Controller cancelOrder should cancel order successfully" name="Order Controller cancelOrder should cancel order successfully" time="0.001">
      <failure>Error: expect(jest.fn()).toHaveBeenCalledWith(...expected)

- Expected
+ Received

  Object {
    &quot;data&quot;: Object {
      &quot;id&quot;: &quot;order-1&quot;,
      &quot;status&quot;: &quot;CANCELLED&quot;,
    },
-   &quot;message&quot;: &quot;تم إلغاء الطلب بنجاح&quot;,
+   &quot;message&quot;: &quot;orders.orderCancelled&quot;,
    &quot;success&quot;: true,
  },

Number of calls: 1
    at Object.toHaveBeenCalledWith (/home/user/breakapp/backend/tests/unit/controllers/orderController.test.js:114:24)
    at processTicksAndRejections (node:internal/process/task_queues:105:5)</failure>
    </testcase>
  </testsuite>
  <testsuite name="Emotion Controller" errors="0" failures="3" skipped="0" timestamp="2025-12-28T11:09:54" time="2.421" tests="5">
    <testcase classname="Emotion Controller logMood should log mood successfully" name="Emotion Controller logMood should log mood successfully" time="0.028">
      <failure>Error: expect(jest.fn()).toHaveBeenCalledWith(...expected)

- Expected
+ Received

  Object {
    &quot;data&quot;: Object {
      &quot;id&quot;: &quot;log-1&quot;,
      &quot;mood&quot;: &quot;HAPPY&quot;,
    },
+   &quot;message&quot;: &quot;emotion.moodLogSuccess&quot;,
    &quot;success&quot;: true,
  },

Number of calls: 1
    at Object.toHaveBeenCalledWith (/home/user/breakapp/backend/tests/unit/controllers/emotionController.test.js:39:24)
    at processTicksAndRejections (node:internal/process/task_queues:105:5)</failure>
    </testcase>
    <testcase classname="Emotion Controller logMood should use userId from token only" name="Emotion Controller logMood should use userId from token only" time="0.001">
    </testcase>
    <testcase classname="Emotion Controller getRecommendations should get recommendations successfully" name="Emotion Controller getRecommendations should get recommendations successfully" time="0">
    </testcase>
    <testcase classname="Emotion Controller getRecommendations should reject request without mood" name="Emotion Controller getRecommendations should reject request without mood" time="0.002">
      <failure>Error: expect(jest.fn()).toHaveBeenCalledWith(...expected)

- Expected
+ Received

  Object {
-   &quot;message&quot;: &quot;Mood is required&quot;,
+   &quot;error&quot;: Object {
+     &quot;code&quot;: &quot;MOOD_REQUIRED&quot;,
+     &quot;message&quot;: &quot;emotion.moodRequired&quot;,
+   },
+   &quot;success&quot;: false,
  },

Number of calls: 1
    at Object.toHaveBeenCalledWith (/home/user/breakapp/backend/tests/unit/controllers/emotionController.test.js:76:24)
    at processTicksAndRejections (node:internal/process/task_queues:105:5)</failure>
    </testcase>
    <testcase classname="Emotion Controller updateConsent should update consent successfully" name="Emotion Controller updateConsent should update consent successfully" time="0.001">
      <failure>Error: expect(jest.fn()).toHaveBeenCalledWith(...expected)

- Expected
+ Received

  Object {
    &quot;data&quot;: Object {
      &quot;id&quot;: &quot;consent-1&quot;,
    },
+   &quot;message&quot;: &quot;emotion.consentUpdated&quot;,
    &quot;success&quot;: true,
  },

Number of calls: 1
    at Object.toHaveBeenCalledWith (/home/user/breakapp/backend/tests/unit/controllers/emotionController.test.js:99:24)
    at processTicksAndRejections (node:internal/process/task_queues:105:5)</failure>
    </testcase>
  </testsuite>
  <testsuite name="Notification Service" errors="0" failures="14" skipped="0" timestamp="2025-12-28T11:09:54" time="2.436" tests="14">
    <testcase classname="Notification Service getUserNotifications should return user notifications with pagination" name="Notification Service getUserNotifications should return user notifications with pagination" time="0.025">
      <failure>TypeError: Cannot read properties of undefined (reading &apos;notification&apos;)
    at Object.notification (/home/user/breakapp/backend/tests/unit/services/notificationService.test.js:27:14)
    at Promise.then.completed (/home/user/breakapp/backend/node_modules/jest-circus/build/utils.js:298:28)
    at new Promise (&lt;anonymous&gt;)
    at callAsyncCircusFn (/home/user/breakapp/backend/node_modules/jest-circus/build/utils.js:231:10)
    at _callCircusTest (/home/user/breakapp/backend/node_modules/jest-circus/build/run.js:316:40)
    at processTicksAndRejections (node:internal/process/task_queues:105:5)
    at _runTest (/home/user/breakapp/backend/node_modules/jest-circus/build/run.js:252:3)
    at _runTestsForDescribeBlock (/home/user/breakapp/backend/node_modules/jest-circus/build/run.js:126:9)
    at _runTestsForDescribeBlock (/home/user/breakapp/backend/node_modules/jest-circus/build/run.js:121:9)
    at _runTestsForDescribeBlock (/home/user/breakapp/backend/node_modules/jest-circus/build/run.js:121:9)
    at run (/home/user/breakapp/backend/node_modules/jest-circus/build/run.js:71:3)
    at runAndTransformResultsToJestFormat (/home/user/breakapp/backend/node_modules/jest-circus/build/legacy-code-todo-rewrite/jestAdapterInit.js:122:21)
    at jestAdapter (/home/user/breakapp/backend/node_modules/jest-circus/build/legacy-code-todo-rewrite/jestAdapter.js:79:19)
    at runTestInternal (/home/user/breakapp/backend/node_modules/jest-runner/build/runTest.js:367:16)
    at runTest (/home/user/breakapp/backend/node_modules/jest-runner/build/runTest.js:444:34)
    at Object.worker (/home/user/breakapp/backend/node_modules/jest-runner/build/testWorker.js:106:12)</failure>
    </testcase>
    <testcase classname="Notification Service getUserNotifications should filter by unread status" name="Notification Service getUserNotifications should filter by unread status" time="0.001">
      <failure>TypeError: Cannot read properties of undefined (reading &apos;notification&apos;)
    at Object.notification (/home/user/breakapp/backend/tests/unit/services/notificationService.test.js:43:14)
    at Promise.then.completed (/home/user/breakapp/backend/node_modules/jest-circus/build/utils.js:298:28)
    at new Promise (&lt;anonymous&gt;)
    at callAsyncCircusFn (/home/user/breakapp/backend/node_modules/jest-circus/build/utils.js:231:10)
    at _callCircusTest (/home/user/breakapp/backend/node_modules/jest-circus/build/run.js:316:40)
    at processTicksAndRejections (node:internal/process/task_queues:105:5)
    at _runTest (/home/user/breakapp/backend/node_modules/jest-circus/build/run.js:252:3)
    at _runTestsForDescribeBlock (/home/user/breakapp/backend/node_modules/jest-circus/build/run.js:126:9)
    at _runTestsForDescribeBlock (/home/user/breakapp/backend/node_modules/jest-circus/build/run.js:121:9)
    at _runTestsForDescribeBlock (/home/user/breakapp/backend/node_modules/jest-circus/build/run.js:121:9)
    at run (/home/user/breakapp/backend/node_modules/jest-circus/build/run.js:71:3)
    at runAndTransformResultsToJestFormat (/home/user/breakapp/backend/node_modules/jest-circus/build/legacy-code-todo-rewrite/jestAdapterInit.js:122:21)
    at jestAdapter (/home/user/breakapp/backend/node_modules/jest-circus/build/legacy-code-todo-rewrite/jestAdapter.js:79:19)
    at runTestInternal (/home/user/breakapp/backend/node_modules/jest-runner/build/runTest.js:367:16)
    at runTest (/home/user/breakapp/backend/node_modules/jest-runner/build/runTest.js:444:34)
    at Object.worker (/home/user/breakapp/backend/node_modules/jest-runner/build/testWorker.js:106:12)</failure>
    </testcase>
    <testcase classname="Notification Service createNotification should create notification successfully" name="Notification Service createNotification should create notification successfully" time="0">
      <failure>TypeError: Cannot read properties of undefined (reading &apos;notification&apos;)
    at Object.notification (/home/user/breakapp/backend/tests/unit/services/notificationService.test.js:68:14)
    at Promise.then.completed (/home/user/breakapp/backend/node_modules/jest-circus/build/utils.js:298:28)
    at new Promise (&lt;anonymous&gt;)
    at callAsyncCircusFn (/home/user/breakapp/backend/node_modules/jest-circus/build/utils.js:231:10)
    at _callCircusTest (/home/user/breakapp/backend/node_modules/jest-circus/build/run.js:316:40)
    at processTicksAndRejections (node:internal/process/task_queues:105:5)
    at _runTest (/home/user/breakapp/backend/node_modules/jest-circus/build/run.js:252:3)
    at _runTestsForDescribeBlock (/home/user/breakapp/backend/node_modules/jest-circus/build/run.js:126:9)
    at _runTestsForDescribeBlock (/home/user/breakapp/backend/node_modules/jest-circus/build/run.js:121:9)
    at _runTestsForDescribeBlock (/home/user/breakapp/backend/node_modules/jest-circus/build/run.js:121:9)
    at run (/home/user/breakapp/backend/node_modules/jest-circus/build/run.js:71:3)
    at runAndTransformResultsToJestFormat (/home/user/breakapp/backend/node_modules/jest-circus/build/legacy-code-todo-rewrite/jestAdapterInit.js:122:21)
    at jestAdapter (/home/user/breakapp/backend/node_modules/jest-circus/build/legacy-code-todo-rewrite/jestAdapter.js:79:19)
    at runTestInternal (/home/user/breakapp/backend/node_modules/jest-runner/build/runTest.js:367:16)
    at runTest (/home/user/breakapp/backend/node_modules/jest-runner/build/runTest.js:444:34)
    at Object.worker (/home/user/breakapp/backend/node_modules/jest-runner/build/testWorker.js:106:12)</failure>
    </testcase>
    <testcase classname="Notification Service createNotification should link to order if orderId provided" name="Notification Service createNotification should link to order if orderId provided" time="0">
      <failure>TypeError: Cannot read properties of undefined (reading &apos;notification&apos;)
    at Object.notification (/home/user/breakapp/backend/tests/unit/services/notificationService.test.js:87:14)
    at Promise.then.completed (/home/user/breakapp/backend/node_modules/jest-circus/build/utils.js:298:28)
    at new Promise (&lt;anonymous&gt;)
    at callAsyncCircusFn (/home/user/breakapp/backend/node_modules/jest-circus/build/utils.js:231:10)
    at _callCircusTest (/home/user/breakapp/backend/node_modules/jest-circus/build/run.js:316:40)
    at processTicksAndRejections (node:internal/process/task_queues:105:5)
    at _runTest (/home/user/breakapp/backend/node_modules/jest-circus/build/run.js:252:3)
    at _runTestsForDescribeBlock (/home/user/breakapp/backend/node_modules/jest-circus/build/run.js:126:9)
    at _runTestsForDescribeBlock (/home/user/breakapp/backend/node_modules/jest-circus/build/run.js:121:9)
    at _runTestsForDescribeBlock (/home/user/breakapp/backend/node_modules/jest-circus/build/run.js:121:9)
    at run (/home/user/breakapp/backend/node_modules/jest-circus/build/run.js:71:3)
    at runAndTransformResultsToJestFormat (/home/user/breakapp/backend/node_modules/jest-circus/build/legacy-code-todo-rewrite/jestAdapterInit.js:122:21)
    at jestAdapter (/home/user/breakapp/backend/node_modules/jest-circus/build/legacy-code-todo-rewrite/jestAdapter.js:79:19)
    at runTestInternal (/home/user/breakapp/backend/node_modules/jest-runner/build/runTest.js:367:16)
    at runTest (/home/user/breakapp/backend/node_modules/jest-runner/build/runTest.js:444:34)
    at Object.worker (/home/user/breakapp/backend/node_modules/jest-runner/build/testWorker.js:106:12)</failure>
    </testcase>
    <testcase classname="Notification Service markAsRead should mark notification as read" name="Notification Service markAsRead should mark notification as read" time="0.001">
      <failure>TypeError: Cannot read properties of undefined (reading &apos;notification&apos;)
    at Object.notification (/home/user/breakapp/backend/tests/unit/services/notificationService.test.js:115:14)
    at Promise.then.completed (/home/user/breakapp/backend/node_modules/jest-circus/build/utils.js:298:28)
    at new Promise (&lt;anonymous&gt;)
    at callAsyncCircusFn (/home/user/breakapp/backend/node_modules/jest-circus/build/utils.js:231:10)
    at _callCircusTest (/home/user/breakapp/backend/node_modules/jest-circus/build/run.js:316:40)
    at processTicksAndRejections (node:internal/process/task_queues:105:5)
    at _runTest (/home/user/breakapp/backend/node_modules/jest-circus/build/run.js:252:3)
    at _runTestsForDescribeBlock (/home/user/breakapp/backend/node_modules/jest-circus/build/run.js:126:9)
    at _runTestsForDescribeBlock (/home/user/breakapp/backend/node_modules/jest-circus/build/run.js:121:9)
    at _runTestsForDescribeBlock (/home/user/breakapp/backend/node_modules/jest-circus/build/run.js:121:9)
    at run (/home/user/breakapp/backend/node_modules/jest-circus/build/run.js:71:3)
    at runAndTransformResultsToJestFormat (/home/user/breakapp/backend/node_modules/jest-circus/build/legacy-code-todo-rewrite/jestAdapterInit.js:122:21)
    at jestAdapter (/home/user/breakapp/backend/node_modules/jest-circus/build/legacy-code-todo-rewrite/jestAdapter.js:79:19)
    at runTestInternal (/home/user/breakapp/backend/node_modules/jest-runner/build/runTest.js:367:16)
    at runTest (/home/user/breakapp/backend/node_modules/jest-runner/build/runTest.js:444:34)
    at Object.worker (/home/user/breakapp/backend/node_modules/jest-runner/build/testWorker.js:106:12)</failure>
    </testcase>
    <testcase classname="Notification Service markAsRead should return null if notification not found" name="Notification Service markAsRead should return null if notification not found" time="0.001">
      <failure>TypeError: Cannot read properties of undefined (reading &apos;notification&apos;)
    at Object.notification (/home/user/breakapp/backend/tests/unit/services/notificationService.test.js:132:14)
    at Promise.then.completed (/home/user/breakapp/backend/node_modules/jest-circus/build/utils.js:298:28)
    at new Promise (&lt;anonymous&gt;)
    at callAsyncCircusFn (/home/user/breakapp/backend/node_modules/jest-circus/build/utils.js:231:10)
    at _callCircusTest (/home/user/breakapp/backend/node_modules/jest-circus/build/run.js:316:40)
    at processTicksAndRejections (node:internal/process/task_queues:105:5)
    at _runTest (/home/user/breakapp/backend/node_modules/jest-circus/build/run.js:252:3)
    at _runTestsForDescribeBlock (/home/user/breakapp/backend/node_modules/jest-circus/build/run.js:126:9)
    at _runTestsForDescribeBlock (/home/user/breakapp/backend/node_modules/jest-circus/build/run.js:121:9)
    at _runTestsForDescribeBlock (/home/user/breakapp/backend/node_modules/jest-circus/build/run.js:121:9)
    at run (/home/user/breakapp/backend/node_modules/jest-circus/build/run.js:71:3)
    at runAndTransformResultsToJestFormat (/home/user/breakapp/backend/node_modules/jest-circus/build/legacy-code-todo-rewrite/jestAdapterInit.js:122:21)
    at jestAdapter (/home/user/breakapp/backend/node_modules/jest-circus/build/legacy-code-todo-rewrite/jestAdapter.js:79:19)
    at runTestInternal (/home/user/breakapp/backend/node_modules/jest-runner/build/runTest.js:367:16)
    at runTest (/home/user/breakapp/backend/node_modules/jest-runner/build/runTest.js:444:34)
    at Object.worker (/home/user/breakapp/backend/node_modules/jest-runner/build/testWorker.js:106:12)</failure>
    </testcase>
    <testcase classname="Notification Service markAllAsRead should mark all user notifications as read" name="Notification Service markAllAsRead should mark all user notifications as read" time="0">
      <failure>TypeError: Cannot read properties of undefined (reading &apos;notification&apos;)
    at Object.notification (/home/user/breakapp/backend/tests/unit/services/notificationService.test.js:142:14)
    at Promise.then.completed (/home/user/breakapp/backend/node_modules/jest-circus/build/utils.js:298:28)
    at new Promise (&lt;anonymous&gt;)
    at callAsyncCircusFn (/home/user/breakapp/backend/node_modules/jest-circus/build/utils.js:231:10)
    at _callCircusTest (/home/user/breakapp/backend/node_modules/jest-circus/build/run.js:316:40)
    at processTicksAndRejections (node:internal/process/task_queues:105:5)
    at _runTest (/home/user/breakapp/backend/node_modules/jest-circus/build/run.js:252:3)
    at _runTestsForDescribeBlock (/home/user/breakapp/backend/node_modules/jest-circus/build/run.js:126:9)
    at _runTestsForDescribeBlock (/home/user/breakapp/backend/node_modules/jest-circus/build/run.js:121:9)
    at _runTestsForDescribeBlock (/home/user/breakapp/backend/node_modules/jest-circus/build/run.js:121:9)
    at run (/home/user/breakapp/backend/node_modules/jest-circus/build/run.js:71:3)
    at runAndTransformResultsToJestFormat (/home/user/breakapp/backend/node_modules/jest-circus/build/legacy-code-todo-rewrite/jestAdapterInit.js:122:21)
    at jestAdapter (/home/user/breakapp/backend/node_modules/jest-circus/build/legacy-code-todo-rewrite/jestAdapter.js:79:19)
    at runTestInternal (/home/user/breakapp/backend/node_modules/jest-runner/build/runTest.js:367:16)
    at runTest (/home/user/breakapp/backend/node_modules/jest-runner/build/runTest.js:444:34)
    at Object.worker (/home/user/breakapp/backend/node_modules/jest-runner/build/testWorker.js:106:12)</failure>
    </testcase>
    <testcase classname="Notification Service deleteNotification should delete notification" name="Notification Service deleteNotification should delete notification" time="0">
      <failure>TypeError: Cannot read properties of undefined (reading &apos;notification&apos;)
    at Object.notification (/home/user/breakapp/backend/tests/unit/services/notificationService.test.js:164:14)
    at Promise.then.completed (/home/user/breakapp/backend/node_modules/jest-circus/build/utils.js:298:28)
    at new Promise (&lt;anonymous&gt;)
    at callAsyncCircusFn (/home/user/breakapp/backend/node_modules/jest-circus/build/utils.js:231:10)
    at _callCircusTest (/home/user/breakapp/backend/node_modules/jest-circus/build/run.js:316:40)
    at processTicksAndRejections (node:internal/process/task_queues:105:5)
    at _runTest (/home/user/breakapp/backend/node_modules/jest-circus/build/run.js:252:3)
    at _runTestsForDescribeBlock (/home/user/breakapp/backend/node_modules/jest-circus/build/run.js:126:9)
    at _runTestsForDescribeBlock (/home/user/breakapp/backend/node_modules/jest-circus/build/run.js:121:9)
    at _runTestsForDescribeBlock (/home/user/breakapp/backend/node_modules/jest-circus/build/run.js:121:9)
    at run (/home/user/breakapp/backend/node_modules/jest-circus/build/run.js:71:3)
    at runAndTransformResultsToJestFormat (/home/user/breakapp/backend/node_modules/jest-circus/build/legacy-code-todo-rewrite/jestAdapterInit.js:122:21)
    at jestAdapter (/home/user/breakapp/backend/node_modules/jest-circus/build/legacy-code-todo-rewrite/jestAdapter.js:79:19)
    at runTestInternal (/home/user/breakapp/backend/node_modules/jest-runner/build/runTest.js:367:16)
    at runTest (/home/user/breakapp/backend/node_modules/jest-runner/build/runTest.js:444:34)
    at Object.worker (/home/user/breakapp/backend/node_modules/jest-runner/build/testWorker.js:106:12)</failure>
    </testcase>
    <testcase classname="Notification Service deleteNotification should return false on error" name="Notification Service deleteNotification should return false on error" time="0">
      <failure>TypeError: Cannot read properties of undefined (reading &apos;notification&apos;)
    at Object.notification (/home/user/breakapp/backend/tests/unit/services/notificationService.test.js:172:14)
    at Promise.then.completed (/home/user/breakapp/backend/node_modules/jest-circus/build/utils.js:298:28)
    at new Promise (&lt;anonymous&gt;)
    at callAsyncCircusFn (/home/user/breakapp/backend/node_modules/jest-circus/build/utils.js:231:10)
    at _callCircusTest (/home/user/breakapp/backend/node_modules/jest-circus/build/run.js:316:40)
    at processTicksAndRejections (node:internal/process/task_queues:105:5)
    at _runTest (/home/user/breakapp/backend/node_modules/jest-circus/build/run.js:252:3)
    at _runTestsForDescribeBlock (/home/user/breakapp/backend/node_modules/jest-circus/build/run.js:126:9)
    at _runTestsForDescribeBlock (/home/user/breakapp/backend/node_modules/jest-circus/build/run.js:121:9)
    at _runTestsForDescribeBlock (/home/user/breakapp/backend/node_modules/jest-circus/build/run.js:121:9)
    at run (/home/user/breakapp/backend/node_modules/jest-circus/build/run.js:71:3)
    at runAndTransformResultsToJestFormat (/home/user/breakapp/backend/node_modules/jest-circus/build/legacy-code-todo-rewrite/jestAdapterInit.js:122:21)
    at jestAdapter (/home/user/breakapp/backend/node_modules/jest-circus/build/legacy-code-todo-rewrite/jestAdapter.js:79:19)
    at runTestInternal (/home/user/breakapp/backend/node_modules/jest-runner/build/runTest.js:367:16)
    at runTest (/home/user/breakapp/backend/node_modules/jest-runner/build/runTest.js:444:34)
    at Object.worker (/home/user/breakapp/backend/node_modules/jest-runner/build/testWorker.js:106:12)</failure>
    </testcase>
    <testcase classname="Notification Service sendPushNotification should send push notification successfully" name="Notification Service sendPushNotification should send push notification successfully" time="0">
      <failure>TypeError: Cannot read properties of undefined (reading &apos;notification&apos;)
    at Object.notification (/home/user/breakapp/backend/tests/unit/services/notificationService.test.js:190:14)
    at Promise.then.completed (/home/user/breakapp/backend/node_modules/jest-circus/build/utils.js:298:28)
    at new Promise (&lt;anonymous&gt;)
    at callAsyncCircusFn (/home/user/breakapp/backend/node_modules/jest-circus/build/utils.js:231:10)
    at _callCircusTest (/home/user/breakapp/backend/node_modules/jest-circus/build/run.js:316:40)
    at processTicksAndRejections (node:internal/process/task_queues:105:5)
    at _runTest (/home/user/breakapp/backend/node_modules/jest-circus/build/run.js:252:3)
    at _runTestsForDescribeBlock (/home/user/breakapp/backend/node_modules/jest-circus/build/run.js:126:9)
    at _runTestsForDescribeBlock (/home/user/breakapp/backend/node_modules/jest-circus/build/run.js:121:9)
    at _runTestsForDescribeBlock (/home/user/breakapp/backend/node_modules/jest-circus/build/run.js:121:9)
    at run (/home/user/breakapp/backend/node_modules/jest-circus/build/run.js:71:3)
    at runAndTransformResultsToJestFormat (/home/user/breakapp/backend/node_modules/jest-circus/build/legacy-code-todo-rewrite/jestAdapterInit.js:122:21)
    at jestAdapter (/home/user/breakapp/backend/node_modules/jest-circus/build/legacy-code-todo-rewrite/jestAdapter.js:79:19)
    at runTestInternal (/home/user/breakapp/backend/node_modules/jest-runner/build/runTest.js:367:16)
    at runTest (/home/user/breakapp/backend/node_modules/jest-runner/build/runTest.js:444:34)
    at Object.worker (/home/user/breakapp/backend/node_modules/jest-runner/build/testWorker.js:106:12)</failure>
    </testcase>
    <testcase classname="Notification Service sendPushNotification should return false if notification not found" name="Notification Service sendPushNotification should return false if notification not found" time="0.001">
      <failure>TypeError: Cannot read properties of undefined (reading &apos;notification&apos;)
    at Object.notification (/home/user/breakapp/backend/tests/unit/services/notificationService.test.js:198:14)
    at Promise.then.completed (/home/user/breakapp/backend/node_modules/jest-circus/build/utils.js:298:28)
    at new Promise (&lt;anonymous&gt;)
    at callAsyncCircusFn (/home/user/breakapp/backend/node_modules/jest-circus/build/utils.js:231:10)
    at _callCircusTest (/home/user/breakapp/backend/node_modules/jest-circus/build/run.js:316:40)
    at processTicksAndRejections (node:internal/process/task_queues:105:5)
    at _runTest (/home/user/breakapp/backend/node_modules/jest-circus/build/run.js:252:3)
    at _runTestsForDescribeBlock (/home/user/breakapp/backend/node_modules/jest-circus/build/run.js:126:9)
    at _runTestsForDescribeBlock (/home/user/breakapp/backend/node_modules/jest-circus/build/run.js:121:9)
    at _runTestsForDescribeBlock (/home/user/breakapp/backend/node_modules/jest-circus/build/run.js:121:9)
    at run (/home/user/breakapp/backend/node_modules/jest-circus/build/run.js:71:3)
    at runAndTransformResultsToJestFormat (/home/user/breakapp/backend/node_modules/jest-circus/build/legacy-code-todo-rewrite/jestAdapterInit.js:122:21)
    at jestAdapter (/home/user/breakapp/backend/node_modules/jest-circus/build/legacy-code-todo-rewrite/jestAdapter.js:79:19)
    at runTestInternal (/home/user/breakapp/backend/node_modules/jest-runner/build/runTest.js:367:16)
    at runTest (/home/user/breakapp/backend/node_modules/jest-runner/build/runTest.js:444:34)
    at Object.worker (/home/user/breakapp/backend/node_modules/jest-runner/build/testWorker.js:106:12)</failure>
    </testcase>
    <testcase classname="Notification Service getPreferences should return user preferences with defaults" name="Notification Service getPreferences should return user preferences with defaults" time="0">
      <failure>TypeError: Cannot read properties of undefined (reading &apos;userReminderPreferences&apos;)
    at Object.userReminderPreferences (/home/user/breakapp/backend/tests/unit/services/notificationService.test.js:215:14)
    at Promise.then.completed (/home/user/breakapp/backend/node_modules/jest-circus/build/utils.js:298:28)
    at new Promise (&lt;anonymous&gt;)
    at callAsyncCircusFn (/home/user/breakapp/backend/node_modules/jest-circus/build/utils.js:231:10)
    at _callCircusTest (/home/user/breakapp/backend/node_modules/jest-circus/build/run.js:316:40)
    at processTicksAndRejections (node:internal/process/task_queues:105:5)
    at _runTest (/home/user/breakapp/backend/node_modules/jest-circus/build/run.js:252:3)
    at _runTestsForDescribeBlock (/home/user/breakapp/backend/node_modules/jest-circus/build/run.js:126:9)
    at _runTestsForDescribeBlock (/home/user/breakapp/backend/node_modules/jest-circus/build/run.js:121:9)
    at _runTestsForDescribeBlock (/home/user/breakapp/backend/node_modules/jest-circus/build/run.js:121:9)
    at run (/home/user/breakapp/backend/node_modules/jest-circus/build/run.js:71:3)
    at runAndTransformResultsToJestFormat (/home/user/breakapp/backend/node_modules/jest-circus/build/legacy-code-todo-rewrite/jestAdapterInit.js:122:21)
    at jestAdapter (/home/user/breakapp/backend/node_modules/jest-circus/build/legacy-code-todo-rewrite/jestAdapter.js:79:19)
    at runTestInternal (/home/user/breakapp/backend/node_modules/jest-runner/build/runTest.js:367:16)
    at runTest (/home/user/breakapp/backend/node_modules/jest-runner/build/runTest.js:444:34)
    at Object.worker (/home/user/breakapp/backend/node_modules/jest-runner/build/testWorker.js:106:12)</failure>
    </testcase>
    <testcase classname="Notification Service getPreferences should return default preferences if none exist" name="Notification Service getPreferences should return default preferences if none exist" time="0">
      <failure>TypeError: Cannot read properties of undefined (reading &apos;userReminderPreferences&apos;)
    at Object.userReminderPreferences (/home/user/breakapp/backend/tests/unit/services/notificationService.test.js:223:14)
    at Promise.then.completed (/home/user/breakapp/backend/node_modules/jest-circus/build/utils.js:298:28)
    at new Promise (&lt;anonymous&gt;)
    at callAsyncCircusFn (/home/user/breakapp/backend/node_modules/jest-circus/build/utils.js:231:10)
    at _callCircusTest (/home/user/breakapp/backend/node_modules/jest-circus/build/run.js:316:40)
    at processTicksAndRejections (node:internal/process/task_queues:105:5)
    at _runTest (/home/user/breakapp/backend/node_modules/jest-circus/build/run.js:252:3)
    at _runTestsForDescribeBlock (/home/user/breakapp/backend/node_modules/jest-circus/build/run.js:126:9)
    at _runTestsForDescribeBlock (/home/user/breakapp/backend/node_modules/jest-circus/build/run.js:121:9)
    at _runTestsForDescribeBlock (/home/user/breakapp/backend/node_modules/jest-circus/build/run.js:121:9)
    at run (/home/user/breakapp/backend/node_modules/jest-circus/build/run.js:71:3)
    at runAndTransformResultsToJestFormat (/home/user/breakapp/backend/node_modules/jest-circus/build/legacy-code-todo-rewrite/jestAdapterInit.js:122:21)
    at jestAdapter (/home/user/breakapp/backend/node_modules/jest-circus/build/legacy-code-todo-rewrite/jestAdapter.js:79:19)
    at runTestInternal (/home/user/breakapp/backend/node_modules/jest-runner/build/runTest.js:367:16)
    at runTest (/home/user/breakapp/backend/node_modules/jest-runner/build/runTest.js:444:34)
    at Object.worker (/home/user/breakapp/backend/node_modules/jest-runner/build/testWorker.js:106:12)</failure>
    </testcase>
    <testcase classname="Notification Service updatePreferences should update existing preferences" name="Notification Service updatePreferences should update existing preferences" time="0">
      <failure>TypeError: Cannot read properties of undefined (reading &apos;userReminderPreferences&apos;)
    at Object.userReminderPreferences (/home/user/breakapp/backend/tests/unit/services/notificationService.test.js:243:14)
    at Promise.then.completed (/home/user/breakapp/backend/node_modules/jest-circus/build/utils.js:298:28)
    at new Promise (&lt;anonymous&gt;)
    at callAsyncCircusFn (/home/user/breakapp/backend/node_modules/jest-circus/build/utils.js:231:10)
    at _callCircusTest (/home/user/breakapp/backend/node_modules/jest-circus/build/run.js:316:40)
    at processTicksAndRejections (node:internal/process/task_queues:105:5)
    at _runTest (/home/user/breakapp/backend/node_modules/jest-circus/build/run.js:252:3)
    at _runTestsForDescribeBlock (/home/user/breakapp/backend/node_modules/jest-circus/build/run.js:126:9)
    at _runTestsForDescribeBlock (/home/user/breakapp/backend/node_modules/jest-circus/build/run.js:121:9)
    at _runTestsForDescribeBlock (/home/user/breakapp/backend/node_modules/jest-circus/build/run.js:121:9)
    at run (/home/user/breakapp/backend/node_modules/jest-circus/build/run.js:71:3)
    at runAndTransformResultsToJestFormat (/home/user/breakapp/backend/node_modules/jest-circus/build/legacy-code-todo-rewrite/jestAdapterInit.js:122:21)
    at jestAdapter (/home/user/breakapp/backend/node_modules/jest-circus/build/legacy-code-todo-rewrite/jestAdapter.js:79:19)
    at runTestInternal (/home/user/breakapp/backend/node_modules/jest-runner/build/runTest.js:367:16)
    at runTest (/home/user/breakapp/backend/node_modules/jest-runner/build/runTest.js:444:34)
    at Object.worker (/home/user/breakapp/backend/node_modules/jest-runner/build/testWorker.js:106:12)</failure>
    </testcase>
  </testsuite>
  <testsuite name="Notification Controller" errors="0" failures="14" skipped="0" timestamp="2025-12-28T11:09:54" time="2.44" tests="14">
    <testcase classname="Notification Controller getNotifications should return user notifications" name="Notification Controller getNotifications should return user notifications" time="0.024">
      <failure>TypeError: notificationController.getNotifications is not a function
    at Object.getNotifications (/home/user/breakapp/backend/tests/unit/controllers/notificationController.test.js:48:36)
    at Promise.then.completed (/home/user/breakapp/backend/node_modules/jest-circus/build/utils.js:298:28)
    at new Promise (&lt;anonymous&gt;)
    at callAsyncCircusFn (/home/user/breakapp/backend/node_modules/jest-circus/build/utils.js:231:10)
    at _callCircusTest (/home/user/breakapp/backend/node_modules/jest-circus/build/run.js:316:40)
    at processTicksAndRejections (node:internal/process/task_queues:105:5)
    at _runTest (/home/user/breakapp/backend/node_modules/jest-circus/build/run.js:252:3)
    at _runTestsForDescribeBlock (/home/user/breakapp/backend/node_modules/jest-circus/build/run.js:126:9)
    at _runTestsForDescribeBlock (/home/user/breakapp/backend/node_modules/jest-circus/build/run.js:121:9)
    at _runTestsForDescribeBlock (/home/user/breakapp/backend/node_modules/jest-circus/build/run.js:121:9)
    at run (/home/user/breakapp/backend/node_modules/jest-circus/build/run.js:71:3)
    at runAndTransformResultsToJestFormat (/home/user/breakapp/backend/node_modules/jest-circus/build/legacy-code-todo-rewrite/jestAdapterInit.js:122:21)
    at jestAdapter (/home/user/breakapp/backend/node_modules/jest-circus/build/legacy-code-todo-rewrite/jestAdapter.js:79:19)
    at runTestInternal (/home/user/breakapp/backend/node_modules/jest-runner/build/runTest.js:367:16)
    at runTest (/home/user/breakapp/backend/node_modules/jest-runner/build/runTest.js:444:34)
    at Object.worker (/home/user/breakapp/backend/node_modules/jest-runner/build/testWorker.js:106:12)</failure>
    </testcase>
    <testcase classname="Notification Controller getNotifications should filter unread notifications when requested" name="Notification Controller getNotifications should filter unread notifications when requested" time="0">
      <failure>TypeError: Cannot read properties of undefined (reading &apos;mockResolvedValue&apos;)
    at Object.mockResolvedValue (/home/user/breakapp/backend/tests/unit/controllers/notificationController.test.js:60:50)
    at Promise.then.completed (/home/user/breakapp/backend/node_modules/jest-circus/build/utils.js:298:28)
    at new Promise (&lt;anonymous&gt;)
    at callAsyncCircusFn (/home/user/breakapp/backend/node_modules/jest-circus/build/utils.js:231:10)
    at _callCircusTest (/home/user/breakapp/backend/node_modules/jest-circus/build/run.js:316:40)
    at processTicksAndRejections (node:internal/process/task_queues:105:5)
    at _runTest (/home/user/breakapp/backend/node_modules/jest-circus/build/run.js:252:3)
    at _runTestsForDescribeBlock (/home/user/breakapp/backend/node_modules/jest-circus/build/run.js:126:9)
    at _runTestsForDescribeBlock (/home/user/breakapp/backend/node_modules/jest-circus/build/run.js:121:9)
    at _runTestsForDescribeBlock (/home/user/breakapp/backend/node_modules/jest-circus/build/run.js:121:9)
    at run (/home/user/breakapp/backend/node_modules/jest-circus/build/run.js:71:3)
    at runAndTransformResultsToJestFormat (/home/user/breakapp/backend/node_modules/jest-circus/build/legacy-code-todo-rewrite/jestAdapterInit.js:122:21)
    at jestAdapter (/home/user/breakapp/backend/node_modules/jest-circus/build/legacy-code-todo-rewrite/jestAdapter.js:79:19)
    at runTestInternal (/home/user/breakapp/backend/node_modules/jest-runner/build/runTest.js:367:16)
    at runTest (/home/user/breakapp/backend/node_modules/jest-runner/build/runTest.js:444:34)
    at Object.worker (/home/user/breakapp/backend/node_modules/jest-runner/build/testWorker.js:106:12)</failure>
    </testcase>
    <testcase classname="Notification Controller getNotifications should paginate results" name="Notification Controller getNotifications should paginate results" time="0">
      <failure>TypeError: notificationController.getNotifications is not a function
    at Object.getNotifications (/home/user/breakapp/backend/tests/unit/controllers/notificationController.test.js:73:36)
    at Promise.then.completed (/home/user/breakapp/backend/node_modules/jest-circus/build/utils.js:298:28)
    at new Promise (&lt;anonymous&gt;)
    at callAsyncCircusFn (/home/user/breakapp/backend/node_modules/jest-circus/build/utils.js:231:10)
    at _callCircusTest (/home/user/breakapp/backend/node_modules/jest-circus/build/run.js:316:40)
    at processTicksAndRejections (node:internal/process/task_queues:105:5)
    at _runTest (/home/user/breakapp/backend/node_modules/jest-circus/build/run.js:252:3)
    at _runTestsForDescribeBlock (/home/user/breakapp/backend/node_modules/jest-circus/build/run.js:126:9)
    at _runTestsForDescribeBlock (/home/user/breakapp/backend/node_modules/jest-circus/build/run.js:121:9)
    at _runTestsForDescribeBlock (/home/user/breakapp/backend/node_modules/jest-circus/build/run.js:121:9)
    at run (/home/user/breakapp/backend/node_modules/jest-circus/build/run.js:71:3)
    at runAndTransformResultsToJestFormat (/home/user/breakapp/backend/node_modules/jest-circus/build/legacy-code-todo-rewrite/jestAdapterInit.js:122:21)
    at jestAdapter (/home/user/breakapp/backend/node_modules/jest-circus/build/legacy-code-todo-rewrite/jestAdapter.js:79:19)
    at runTestInternal (/home/user/breakapp/backend/node_modules/jest-runner/build/runTest.js:367:16)
    at runTest (/home/user/breakapp/backend/node_modules/jest-runner/build/runTest.js:444:34)
    at Object.worker (/home/user/breakapp/backend/node_modules/jest-runner/build/testWorker.js:106:12)</failure>
    </testcase>
    <testcase classname="Notification Controller markAsRead should mark notification as read" name="Notification Controller markAsRead should mark notification as read" time="0.003">
      <failure>Error: expect(jest.fn()).toHaveBeenCalledWith(...expected)

Expected: 200

Number of calls: 0
    at Object.toHaveBeenCalledWith (/home/user/breakapp/backend/tests/unit/controllers/notificationController.test.js:97:30)
    at processTicksAndRejections (node:internal/process/task_queues:105:5)</failure>
    </testcase>
    <testcase classname="Notification Controller markAsRead should return 404 for non-existent notification" name="Notification Controller markAsRead should return 404 for non-existent notification" time="0">
      <failure>TypeError: Cannot read properties of undefined (reading &apos;0&apos;)
    at Object.&lt;anonymous&gt; (/home/user/breakapp/backend/tests/unit/controllers/notificationController.test.js:111:43)
    at processTicksAndRejections (node:internal/process/task_queues:105:5)</failure>
    </testcase>
    <testcase classname="Notification Controller markAllAsRead should mark all notifications as read" name="Notification Controller markAllAsRead should mark all notifications as read" time="0.001">
      <failure>Error: expect(jest.fn()).toHaveBeenCalledWith(...expected)

Expected: 200

Number of calls: 0
    at Object.toHaveBeenCalledWith (/home/user/breakapp/backend/tests/unit/controllers/notificationController.test.js:122:30)
    at processTicksAndRejections (node:internal/process/task_queues:105:5)</failure>
    </testcase>
    <testcase classname="Notification Controller createNotification should create notification successfully" name="Notification Controller createNotification should create notification successfully" time="0">
      <failure>TypeError: notificationController.createNotification is not a function
    at Object.createNotification (/home/user/breakapp/backend/tests/unit/controllers/notificationController.test.js:148:36)
    at Promise.then.completed (/home/user/breakapp/backend/node_modules/jest-circus/build/utils.js:298:28)
    at new Promise (&lt;anonymous&gt;)
    at callAsyncCircusFn (/home/user/breakapp/backend/node_modules/jest-circus/build/utils.js:231:10)
    at _callCircusTest (/home/user/breakapp/backend/node_modules/jest-circus/build/run.js:316:40)
    at processTicksAndRejections (node:internal/process/task_queues:105:5)
    at _runTest (/home/user/breakapp/backend/node_modules/jest-circus/build/run.js:252:3)
    at _runTestsForDescribeBlock (/home/user/breakapp/backend/node_modules/jest-circus/build/run.js:126:9)
    at _runTestsForDescribeBlock (/home/user/breakapp/backend/node_modules/jest-circus/build/run.js:121:9)
    at _runTestsForDescribeBlock (/home/user/breakapp/backend/node_modules/jest-circus/build/run.js:121:9)
    at run (/home/user/breakapp/backend/node_modules/jest-circus/build/run.js:71:3)
    at runAndTransformResultsToJestFormat (/home/user/breakapp/backend/node_modules/jest-circus/build/legacy-code-todo-rewrite/jestAdapterInit.js:122:21)
    at jestAdapter (/home/user/breakapp/backend/node_modules/jest-circus/build/legacy-code-todo-rewrite/jestAdapter.js:79:19)
    at runTestInternal (/home/user/breakapp/backend/node_modules/jest-runner/build/runTest.js:367:16)
    at runTest (/home/user/breakapp/backend/node_modules/jest-runner/build/runTest.js:444:34)
    at Object.worker (/home/user/breakapp/backend/node_modules/jest-runner/build/testWorker.js:106:12)</failure>
    </testcase>
    <testcase classname="Notification Controller createNotification should validate required fields" name="Notification Controller createNotification should validate required fields" time="0">
      <failure>TypeError: notificationController.createNotification is not a function
    at Object.createNotification (/home/user/breakapp/backend/tests/unit/controllers/notificationController.test.js:160:36)
    at Promise.then.completed (/home/user/breakapp/backend/node_modules/jest-circus/build/utils.js:298:28)
    at new Promise (&lt;anonymous&gt;)
    at callAsyncCircusFn (/home/user/breakapp/backend/node_modules/jest-circus/build/utils.js:231:10)
    at _callCircusTest (/home/user/breakapp/backend/node_modules/jest-circus/build/run.js:316:40)
    at processTicksAndRejections (node:internal/process/task_queues:105:5)
    at _runTest (/home/user/breakapp/backend/node_modules/jest-circus/build/run.js:252:3)
    at _runTestsForDescribeBlock (/home/user/breakapp/backend/node_modules/jest-circus/build/run.js:126:9)
    at _runTestsForDescribeBlock (/home/user/breakapp/backend/node_modules/jest-circus/build/run.js:121:9)
    at _runTestsForDescribeBlock (/home/user/breakapp/backend/node_modules/jest-circus/build/run.js:121:9)
    at run (/home/user/breakapp/backend/node_modules/jest-circus/build/run.js:71:3)
    at runAndTransformResultsToJestFormat (/home/user/breakapp/backend/node_modules/jest-circus/build/legacy-code-todo-rewrite/jestAdapterInit.js:122:21)
    at jestAdapter (/home/user/breakapp/backend/node_modules/jest-circus/build/legacy-code-todo-rewrite/jestAdapter.js:79:19)
    at runTestInternal (/home/user/breakapp/backend/node_modules/jest-runner/build/runTest.js:367:16)
    at runTest (/home/user/breakapp/backend/node_modules/jest-runner/build/runTest.js:444:34)
    at Object.worker (/home/user/breakapp/backend/node_modules/jest-runner/build/testWorker.js:106:12)</failure>
    </testcase>
    <testcase classname="Notification Controller deleteNotification should delete notification" name="Notification Controller deleteNotification should delete notification" time="0">
      <failure>Error: expect(jest.fn()).toHaveBeenCalledWith(...expected)

Expected: 200

Number of calls: 0
    at Object.toHaveBeenCalledWith (/home/user/breakapp/backend/tests/unit/controllers/notificationController.test.js:174:30)
    at processTicksAndRejections (node:internal/process/task_queues:105:5)</failure>
    </testcase>
    <testcase classname="Notification Controller deleteNotification should handle not found error" name="Notification Controller deleteNotification should handle not found error" time="0">
      <failure>TypeError: Cannot read properties of undefined (reading &apos;0&apos;)
    at Object.&lt;anonymous&gt; (/home/user/breakapp/backend/tests/unit/controllers/notificationController.test.js:188:43)
    at processTicksAndRejections (node:internal/process/task_queues:105:5)</failure>
    </testcase>
    <testcase classname="Notification Controller sendPushNotification should send push notification" name="Notification Controller sendPushNotification should send push notification" time="0.001">
      <failure>TypeError: notificationController.sendPushNotification is not a function
    at Object.sendPushNotification (/home/user/breakapp/backend/tests/unit/controllers/notificationController.test.js:199:36)
    at Promise.then.completed (/home/user/breakapp/backend/node_modules/jest-circus/build/utils.js:298:28)
    at new Promise (&lt;anonymous&gt;)
    at callAsyncCircusFn (/home/user/breakapp/backend/node_modules/jest-circus/build/utils.js:231:10)
    at _callCircusTest (/home/user/breakapp/backend/node_modules/jest-circus/build/run.js:316:40)
    at processTicksAndRejections (node:internal/process/task_queues:105:5)
    at _runTest (/home/user/breakapp/backend/node_modules/jest-circus/build/run.js:252:3)
    at _runTestsForDescribeBlock (/home/user/breakapp/backend/node_modules/jest-circus/build/run.js:126:9)
    at _runTestsForDescribeBlock (/home/user/breakapp/backend/node_modules/jest-circus/build/run.js:121:9)
    at _runTestsForDescribeBlock (/home/user/breakapp/backend/node_modules/jest-circus/build/run.js:121:9)
    at run (/home/user/breakapp/backend/node_modules/jest-circus/build/run.js:71:3)
    at runAndTransformResultsToJestFormat (/home/user/breakapp/backend/node_modules/jest-circus/build/legacy-code-todo-rewrite/jestAdapterInit.js:122:21)
    at jestAdapter (/home/user/breakapp/backend/node_modules/jest-circus/build/legacy-code-todo-rewrite/jestAdapter.js:79:19)
    at runTestInternal (/home/user/breakapp/backend/node_modules/jest-runner/build/runTest.js:367:16)
    at runTest (/home/user/breakapp/backend/node_modules/jest-runner/build/runTest.js:444:34)
    at Object.worker (/home/user/breakapp/backend/node_modules/jest-runner/build/testWorker.js:106:12)</failure>
    </testcase>
    <testcase classname="Notification Controller sendPushNotification should handle push send failure" name="Notification Controller sendPushNotification should handle push send failure" time="0">
      <failure>TypeError: notificationController.sendPushNotification is not a function
    at Object.sendPushNotification (/home/user/breakapp/backend/tests/unit/controllers/notificationController.test.js:213:36)
    at Promise.then.completed (/home/user/breakapp/backend/node_modules/jest-circus/build/utils.js:298:28)
    at new Promise (&lt;anonymous&gt;)
    at callAsyncCircusFn (/home/user/breakapp/backend/node_modules/jest-circus/build/utils.js:231:10)
    at _callCircusTest (/home/user/breakapp/backend/node_modules/jest-circus/build/run.js:316:40)
    at processTicksAndRejections (node:internal/process/task_queues:105:5)
    at _runTest (/home/user/breakapp/backend/node_modules/jest-circus/build/run.js:252:3)
    at _runTestsForDescribeBlock (/home/user/breakapp/backend/node_modules/jest-circus/build/run.js:126:9)
    at _runTestsForDescribeBlock (/home/user/breakapp/backend/node_modules/jest-circus/build/run.js:121:9)
    at _runTestsForDescribeBlock (/home/user/breakapp/backend/node_modules/jest-circus/build/run.js:121:9)
    at run (/home/user/breakapp/backend/node_modules/jest-circus/build/run.js:71:3)
    at runAndTransformResultsToJestFormat (/home/user/breakapp/backend/node_modules/jest-circus/build/legacy-code-todo-rewrite/jestAdapterInit.js:122:21)
    at jestAdapter (/home/user/breakapp/backend/node_modules/jest-circus/build/legacy-code-todo-rewrite/jestAdapter.js:79:19)
    at runTestInternal (/home/user/breakapp/backend/node_modules/jest-runner/build/runTest.js:367:16)
    at runTest (/home/user/breakapp/backend/node_modules/jest-runner/build/runTest.js:444:34)
    at Object.worker (/home/user/breakapp/backend/node_modules/jest-runner/build/testWorker.js:106:12)</failure>
    </testcase>
    <testcase classname="Notification Controller getNotificationPreferences should return notification preferences" name="Notification Controller getNotificationPreferences should return notification preferences" time="0">
      <failure>TypeError: Cannot read properties of undefined (reading &apos;mockResolvedValue&apos;)
    at Object.mockResolvedValue (/home/user/breakapp/backend/tests/unit/controllers/notificationController.test.js:227:42)
    at Promise.then.completed (/home/user/breakapp/backend/node_modules/jest-circus/build/utils.js:298:28)
    at new Promise (&lt;anonymous&gt;)
    at callAsyncCircusFn (/home/user/breakapp/backend/node_modules/jest-circus/build/utils.js:231:10)
    at _callCircusTest (/home/user/breakapp/backend/node_modules/jest-circus/build/run.js:316:40)
    at processTicksAndRejections (node:internal/process/task_queues:105:5)
    at _runTest (/home/user/breakapp/backend/node_modules/jest-circus/build/run.js:252:3)
    at _runTestsForDescribeBlock (/home/user/breakapp/backend/node_modules/jest-circus/build/run.js:126:9)
    at _runTestsForDescribeBlock (/home/user/breakapp/backend/node_modules/jest-circus/build/run.js:121:9)
    at _runTestsForDescribeBlock (/home/user/breakapp/backend/node_modules/jest-circus/build/run.js:121:9)
    at run (/home/user/breakapp/backend/node_modules/jest-circus/build/run.js:71:3)
    at runAndTransformResultsToJestFormat (/home/user/breakapp/backend/node_modules/jest-circus/build/legacy-code-todo-rewrite/jestAdapterInit.js:122:21)
    at jestAdapter (/home/user/breakapp/backend/node_modules/jest-circus/build/legacy-code-todo-rewrite/jestAdapter.js:79:19)
    at runTestInternal (/home/user/breakapp/backend/node_modules/jest-runner/build/runTest.js:367:16)
    at runTest (/home/user/breakapp/backend/node_modules/jest-runner/build/runTest.js:444:34)
    at Object.worker (/home/user/breakapp/backend/node_modules/jest-runner/build/testWorker.js:106:12)</failure>
    </testcase>
    <testcase classname="Notification Controller updateNotificationPreferences should update notification preferences" name="Notification Controller updateNotificationPreferences should update notification preferences" time="0">
      <failure>TypeError: Cannot read properties of undefined (reading &apos;mockResolvedValue&apos;)
    at Object.mockResolvedValue (/home/user/breakapp/backend/tests/unit/controllers/notificationController.test.js:252:45)
    at Promise.then.completed (/home/user/breakapp/backend/node_modules/jest-circus/build/utils.js:298:28)
    at new Promise (&lt;anonymous&gt;)
    at callAsyncCircusFn (/home/user/breakapp/backend/node_modules/jest-circus/build/utils.js:231:10)
    at _callCircusTest (/home/user/breakapp/backend/node_modules/jest-circus/build/run.js:316:40)
    at processTicksAndRejections (node:internal/process/task_queues:105:5)
    at _runTest (/home/user/breakapp/backend/node_modules/jest-circus/build/run.js:252:3)
    at _runTestsForDescribeBlock (/home/user/breakapp/backend/node_modules/jest-circus/build/run.js:126:9)
    at _runTestsForDescribeBlock (/home/user/breakapp/backend/node_modules/jest-circus/build/run.js:121:9)
    at _runTestsForDescribeBlock (/home/user/breakapp/backend/node_modules/jest-circus/build/run.js:121:9)
    at run (/home/user/breakapp/backend/node_modules/jest-circus/build/run.js:71:3)
    at runAndTransformResultsToJestFormat (/home/user/breakapp/backend/node_modules/jest-circus/build/legacy-code-todo-rewrite/jestAdapterInit.js:122:21)
    at jestAdapter (/home/user/breakapp/backend/node_modules/jest-circus/build/legacy-code-todo-rewrite/jestAdapter.js:79:19)
    at runTestInternal (/home/user/breakapp/backend/node_modules/jest-runner/build/runTest.js:367:16)
    at runTest (/home/user/breakapp/backend/node_modules/jest-runner/build/runTest.js:444:34)
    at Object.worker (/home/user/breakapp/backend/node_modules/jest-runner/build/testWorker.js:106:12)</failure>
    </testcase>
  </testsuite>
  <testsuite name="Medical Service" errors="0" failures="16" skipped="0" timestamp="2025-12-28T11:09:54" time="2.469" tests="16">
    <testcase classname="Medical Service createOrUpdateMedicalProfile should create medical profile with encryption" name="Medical Service createOrUpdateMedicalProfile should create medical profile with encryption" time="0.029">
      <failure>TypeError: Cannot read properties of undefined (reading &apos;upsert&apos;)
    at Object.upsert [as createOrUpdateMedicalProfile] (/home/user/breakapp/backend/src/services/medicalService.js:20:56)
    at Object.createOrUpdateMedicalProfile (/home/user/breakapp/backend/tests/unit/services/medicalService.test.js:87:43)
    at Promise.then.completed (/home/user/breakapp/backend/node_modules/jest-circus/build/utils.js:298:28)
    at new Promise (&lt;anonymous&gt;)
    at callAsyncCircusFn (/home/user/breakapp/backend/node_modules/jest-circus/build/utils.js:231:10)
    at _callCircusTest (/home/user/breakapp/backend/node_modules/jest-circus/build/run.js:316:40)
    at processTicksAndRejections (node:internal/process/task_queues:105:5)
    at _runTest (/home/user/breakapp/backend/node_modules/jest-circus/build/run.js:252:3)
    at _runTestsForDescribeBlock (/home/user/breakapp/backend/node_modules/jest-circus/build/run.js:126:9)
    at _runTestsForDescribeBlock (/home/user/breakapp/backend/node_modules/jest-circus/build/run.js:121:9)
    at _runTestsForDescribeBlock (/home/user/breakapp/backend/node_modules/jest-circus/build/run.js:121:9)
    at run (/home/user/breakapp/backend/node_modules/jest-circus/build/run.js:71:3)
    at runAndTransformResultsToJestFormat (/home/user/breakapp/backend/node_modules/jest-circus/build/legacy-code-todo-rewrite/jestAdapterInit.js:122:21)
    at jestAdapter (/home/user/breakapp/backend/node_modules/jest-circus/build/legacy-code-todo-rewrite/jestAdapter.js:79:19)
    at runTestInternal (/home/user/breakapp/backend/node_modules/jest-runner/build/runTest.js:367:16)
    at runTest (/home/user/breakapp/backend/node_modules/jest-runner/build/runTest.js:444:34)
    at Object.worker (/home/user/breakapp/backend/node_modules/jest-runner/build/testWorker.js:106:12)</failure>
    </testcase>
    <testcase classname="Medical Service createOrUpdateMedicalProfile should update existing medical profile" name="Medical Service createOrUpdateMedicalProfile should update existing medical profile" time="0.001">
      <failure>TypeError: Cannot read properties of undefined (reading &apos;upsert&apos;)
    at Object.upsert [as createOrUpdateMedicalProfile] (/home/user/breakapp/backend/src/services/medicalService.js:20:56)
    at Object.createOrUpdateMedicalProfile (/home/user/breakapp/backend/tests/unit/services/medicalService.test.js:120:43)
    at Promise.then.completed (/home/user/breakapp/backend/node_modules/jest-circus/build/utils.js:298:28)
    at new Promise (&lt;anonymous&gt;)
    at callAsyncCircusFn (/home/user/breakapp/backend/node_modules/jest-circus/build/utils.js:231:10)
    at _callCircusTest (/home/user/breakapp/backend/node_modules/jest-circus/build/run.js:316:40)
    at processTicksAndRejections (node:internal/process/task_queues:105:5)
    at _runTest (/home/user/breakapp/backend/node_modules/jest-circus/build/run.js:252:3)
    at _runTestsForDescribeBlock (/home/user/breakapp/backend/node_modules/jest-circus/build/run.js:126:9)
    at _runTestsForDescribeBlock (/home/user/breakapp/backend/node_modules/jest-circus/build/run.js:121:9)
    at _runTestsForDescribeBlock (/home/user/breakapp/backend/node_modules/jest-circus/build/run.js:121:9)
    at run (/home/user/breakapp/backend/node_modules/jest-circus/build/run.js:71:3)
    at runAndTransformResultsToJestFormat (/home/user/breakapp/backend/node_modules/jest-circus/build/legacy-code-todo-rewrite/jestAdapterInit.js:122:21)
    at jestAdapter (/home/user/breakapp/backend/node_modules/jest-circus/build/legacy-code-todo-rewrite/jestAdapter.js:79:19)
    at runTestInternal (/home/user/breakapp/backend/node_modules/jest-runner/build/runTest.js:367:16)
    at runTest (/home/user/breakapp/backend/node_modules/jest-runner/build/runTest.js:444:34)
    at Object.worker (/home/user/breakapp/backend/node_modules/jest-runner/build/testWorker.js:106:12)</failure>
    </testcase>
    <testcase classname="Medical Service createOrUpdateMedicalProfile should require consent for medical data processing" name="Medical Service createOrUpdateMedicalProfile should require consent for medical data processing" time="0.018">
      <failure>Error: expect(received).rejects.toThrow(expected)

Expected substring: &quot;Consent required for medical data processing&quot;
Received message:   &quot;Cannot read properties of undefined (reading &apos;upsert&apos;)&quot;

      18 |     const encryptedData = encryptMedicalData(profileData);
      19 |
    &gt; 20 |     const medicalProfile = await prisma.medicalProfile.upsert({
         |                                                        ^
      21 |       where: { userId },
      22 |       update: {
      23 |         ...encryptedData,

      at Object.upsert [as createOrUpdateMedicalProfile] (src/services/medicalService.js:20:56)
      at Object.createOrUpdateMedicalProfile (tests/unit/services/medicalService.test.js:137:35)
    at Object.toThrow (/home/user/breakapp/backend/node_modules/jest-circus/node_modules/expect/build/index.js:218:22)
    at Object.toThrow (/home/user/breakapp/backend/tests/unit/services/medicalService.test.js:138:18)
    at Promise.then.completed (/home/user/breakapp/backend/node_modules/jest-circus/build/utils.js:298:28)
    at new Promise (&lt;anonymous&gt;)
    at callAsyncCircusFn (/home/user/breakapp/backend/node_modules/jest-circus/build/utils.js:231:10)
    at _callCircusTest (/home/user/breakapp/backend/node_modules/jest-circus/build/run.js:316:40)
    at processTicksAndRejections (node:internal/process/task_queues:105:5)
    at _runTest (/home/user/breakapp/backend/node_modules/jest-circus/build/run.js:252:3)
    at _runTestsForDescribeBlock (/home/user/breakapp/backend/node_modules/jest-circus/build/run.js:126:9)
    at _runTestsForDescribeBlock (/home/user/breakapp/backend/node_modules/jest-circus/build/run.js:121:9)
    at _runTestsForDescribeBlock (/home/user/breakapp/backend/node_modules/jest-circus/build/run.js:121:9)
    at run (/home/user/breakapp/backend/node_modules/jest-circus/build/run.js:71:3)
    at runAndTransformResultsToJestFormat (/home/user/breakapp/backend/node_modules/jest-circus/build/legacy-code-todo-rewrite/jestAdapterInit.js:122:21)
    at jestAdapter (/home/user/breakapp/backend/node_modules/jest-circus/build/legacy-code-todo-rewrite/jestAdapter.js:79:19)
    at runTestInternal (/home/user/breakapp/backend/node_modules/jest-runner/build/runTest.js:367:16)
    at runTest (/home/user/breakapp/backend/node_modules/jest-runner/build/runTest.js:444:34)
    at Object.worker (/home/user/breakapp/backend/node_modules/jest-runner/build/testWorker.js:106:12)</failure>
    </testcase>
    <testcase classname="Medical Service getMedicalProfile should return decrypted medical profile" name="Medical Service getMedicalProfile should return decrypted medical profile" time="0.001">
      <failure>TypeError: Cannot read properties of undefined (reading &apos;findUnique&apos;)
    at Object.findUnique [as getMedicalProfile] (/home/user/breakapp/backend/src/services/medicalService.js:51:49)
    at Object.getMedicalProfile (/home/user/breakapp/backend/tests/unit/services/medicalService.test.js:153:43)
    at Promise.then.completed (/home/user/breakapp/backend/node_modules/jest-circus/build/utils.js:298:28)
    at new Promise (&lt;anonymous&gt;)
    at callAsyncCircusFn (/home/user/breakapp/backend/node_modules/jest-circus/build/utils.js:231:10)
    at _callCircusTest (/home/user/breakapp/backend/node_modules/jest-circus/build/run.js:316:40)
    at processTicksAndRejections (node:internal/process/task_queues:105:5)
    at _runTest (/home/user/breakapp/backend/node_modules/jest-circus/build/run.js:252:3)
    at _runTestsForDescribeBlock (/home/user/breakapp/backend/node_modules/jest-circus/build/run.js:126:9)
    at _runTestsForDescribeBlock (/home/user/breakapp/backend/node_modules/jest-circus/build/run.js:121:9)
    at _runTestsForDescribeBlock (/home/user/breakapp/backend/node_modules/jest-circus/build/run.js:121:9)
    at run (/home/user/breakapp/backend/node_modules/jest-circus/build/run.js:71:3)
    at runAndTransformResultsToJestFormat (/home/user/breakapp/backend/node_modules/jest-circus/build/legacy-code-todo-rewrite/jestAdapterInit.js:122:21)
    at jestAdapter (/home/user/breakapp/backend/node_modules/jest-circus/build/legacy-code-todo-rewrite/jestAdapter.js:79:19)
    at runTestInternal (/home/user/breakapp/backend/node_modules/jest-runner/build/runTest.js:367:16)
    at runTest (/home/user/breakapp/backend/node_modules/jest-runner/build/runTest.js:444:34)
    at Object.worker (/home/user/breakapp/backend/node_modules/jest-runner/build/testWorker.js:106:12)</failure>
    </testcase>
    <testcase classname="Medical Service getMedicalProfile should return null for non-existent profile" name="Medical Service getMedicalProfile should return null for non-existent profile" time="0.001">
      <failure>TypeError: Cannot read properties of undefined (reading &apos;findUnique&apos;)
    at Object.findUnique [as getMedicalProfile] (/home/user/breakapp/backend/src/services/medicalService.js:51:49)
    at Object.getMedicalProfile (/home/user/breakapp/backend/tests/unit/services/medicalService.test.js:168:43)
[...]
+   &quot;success&quot;: true,
  }
    at Object.toEqual (/home/user/breakapp/backend/tests/unit/services/voiceService.test.js:368:22)</failure>
    </testcase>
    <testcase classname="Voice Service textToSpeech should handle English text to speech" name="Voice Service textToSpeech should handle English text to speech" time="0.501">
      <failure>Error: expect(received).toBe(expected) // Object.is equality

Expected: &quot;en&quot;
Received: undefined
    at Object.toBe (/home/user/breakapp/backend/tests/unit/services/voiceService.test.js:386:31)</failure>
    </testcase>
    <testcase classname="Voice Service setVoicePreferences should set user voice preferences" name="Voice Service setVoicePreferences should set user voice preferences" time="0">
      <failure>TypeError: Cannot read properties of undefined (reading &apos;upsert&apos;)
    at Object.upsert [as setVoicePreferences] (/home/user/breakapp/backend/src/services/voiceService.js:581:54)
    at Object.setVoicePreferences (/home/user/breakapp/backend/tests/unit/services/voiceService.test.js:410:41)
    at Promise.then.completed (/home/user/breakapp/backend/node_modules/jest-circus/build/utils.js:298:28)
    at new Promise (&lt;anonymous&gt;)
    at callAsyncCircusFn (/home/user/breakapp/backend/node_modules/jest-circus/build/utils.js:231:10)
    at _callCircusTest (/home/user/breakapp/backend/node_modules/jest-circus/build/run.js:316:40)
    at _runTest (/home/user/breakapp/backend/node_modules/jest-circus/build/run.js:252:3)
    at _runTestsForDescribeBlock (/home/user/breakapp/backend/node_modules/jest-circus/build/run.js:126:9)
    at _runTestsForDescribeBlock (/home/user/breakapp/backend/node_modules/jest-circus/build/run.js:121:9)
    at _runTestsForDescribeBlock (/home/user/breakapp/backend/node_modules/jest-circus/build/run.js:121:9)
    at run (/home/user/breakapp/backend/node_modules/jest-circus/build/run.js:71:3)
    at runAndTransformResultsToJestFormat (/home/user/breakapp/backend/node_modules/jest-circus/build/legacy-code-todo-rewrite/jestAdapterInit.js:122:21)
    at jestAdapter (/home/user/breakapp/backend/node_modules/jest-circus/build/legacy-code-todo-rewrite/jestAdapter.js:79:19)
    at runTestInternal (/home/user/breakapp/backend/node_modules/jest-runner/build/runTest.js:367:16)
    at runTest (/home/user/breakapp/backend/node_modules/jest-runner/build/runTest.js:444:34)
    at Object.worker (/home/user/breakapp/backend/node_modules/jest-runner/build/testWorker.js:106:12)</failure>
    </testcase>
    <testcase classname="Voice Service getVoicePreferences should return user voice preferences" name="Voice Service getVoicePreferences should return user voice preferences" time="0">
      <failure>TypeError: Cannot read properties of undefined (reading &apos;findUnique&apos;)
    at Object.findUnique [as getVoicePreferences] (/home/user/breakapp/backend/src/services/voiceService.js:606:42)
    at Object.getVoicePreferences (/home/user/breakapp/backend/tests/unit/services/voiceService.test.js:432:41)
    at Promise.then.completed (/home/user/breakapp/backend/node_modules/jest-circus/build/utils.js:298:28)
    at new Promise (&lt;anonymous&gt;)
    at callAsyncCircusFn (/home/user/breakapp/backend/node_modules/jest-circus/build/utils.js:231:10)
    at _callCircusTest (/home/user/breakapp/backend/node_modules/jest-circus/build/run.js:316:40)
    at _runTest (/home/user/breakapp/backend/node_modules/jest-circus/build/run.js:252:3)
    at _runTestsForDescribeBlock (/home/user/breakapp/backend/node_modules/jest-circus/build/run.js:126:9)
    at _runTestsForDescribeBlock (/home/user/breakapp/backend/node_modules/jest-circus/build/run.js:121:9)
    at _runTestsForDescribeBlock (/home/user/breakapp/backend/node_modules/jest-circus/build/run.js:121:9)
    at run (/home/user/breakapp/backend/node_modules/jest-circus/build/run.js:71:3)
    at runAndTransformResultsToJestFormat (/home/user/breakapp/backend/node_modules/jest-circus/build/legacy-code-todo-rewrite/jestAdapterInit.js:122:21)
    at jestAdapter (/home/user/breakapp/backend/node_modules/jest-circus/build/legacy-code-todo-rewrite/jestAdapter.js:79:19)
    at runTestInternal (/home/user/breakapp/backend/node_modules/jest-runner/build/runTest.js:367:16)
    at runTest (/home/user/breakapp/backend/node_modules/jest-runner/build/runTest.js:444:34)
    at Object.worker (/home/user/breakapp/backend/node_modules/jest-runner/build/testWorker.js:106:12)</failure>
    </testcase>
    <testcase classname="Voice Service getVoicePreferences should return default preferences if none exist" name="Voice Service getVoicePreferences should return default preferences if none exist" time="0">
      <failure>TypeError: Cannot read properties of undefined (reading &apos;findUnique&apos;)
    at Object.findUnique [as getVoicePreferences] (/home/user/breakapp/backend/src/services/voiceService.js:606:42)
    at Object.getVoicePreferences (/home/user/breakapp/backend/tests/unit/services/voiceService.test.js:440:41)
    at Promise.then.completed (/home/user/breakapp/backend/node_modules/jest-circus/build/utils.js:298:28)
    at new Promise (&lt;anonymous&gt;)
    at callAsyncCircusFn (/home/user/breakapp/backend/node_modules/jest-circus/build/utils.js:231:10)
    at _callCircusTest (/home/user/breakapp/backend/node_modules/jest-circus/build/run.js:316:40)
    at _runTest (/home/user/breakapp/backend/node_modules/jest-circus/build/run.js:252:3)
    at _runTestsForDescribeBlock (/home/user/breakapp/backend/node_modules/jest-circus/build/run.js:126:9)
    at _runTestsForDescribeBlock (/home/user/breakapp/backend/node_modules/jest-circus/build/run.js:121:9)
    at _runTestsForDescribeBlock (/home/user/breakapp/backend/node_modules/jest-circus/build/run.js:121:9)
    at run (/home/user/breakapp/backend/node_modules/jest-circus/build/run.js:71:3)
    at runAndTransformResultsToJestFormat (/home/user/breakapp/backend/node_modules/jest-circus/build/legacy-code-todo-rewrite/jestAdapterInit.js:122:21)
    at jestAdapter (/home/user/breakapp/backend/node_modules/jest-circus/build/legacy-code-todo-rewrite/jestAdapter.js:79:19)
    at runTestInternal (/home/user/breakapp/backend/node_modules/jest-runner/build/runTest.js:367:16)
    at runTest (/home/user/breakapp/backend/node_modules/jest-runner/build/runTest.js:444:34)
    at Object.worker (/home/user/breakapp/backend/node_modules/jest-runner/build/testWorker.js:106:12)</failure>
    </testcase>
    <testcase classname="Voice Service createVoiceShortcut should create custom voice shortcut" name="Voice Service createVoiceShortcut should create custom voice shortcut" time="0">
      <failure>TypeError: Cannot read properties of undefined (reading &apos;create&apos;)
    at Object.create [as createVoiceShortcut] (/home/user/breakapp/backend/src/services/voiceService.js:620:49)
    at Object.createVoiceShortcut (/home/user/breakapp/backend/tests/unit/services/voiceService.test.js:470:41)
    at Promise.then.completed (/home/user/breakapp/backend/node_modules/jest-circus/build/utils.js:298:28)
    at new Promise (&lt;anonymous&gt;)
    at callAsyncCircusFn (/home/user/breakapp/backend/node_modules/jest-circus/build/utils.js:231:10)
    at _callCircusTest (/home/user/breakapp/backend/node_modules/jest-circus/build/run.js:316:40)
    at _runTest (/home/user/breakapp/backend/node_modules/jest-circus/build/run.js:252:3)
    at _runTestsForDescribeBlock (/home/user/breakapp/backend/node_modules/jest-circus/build/run.js:126:9)
    at _runTestsForDescribeBlock (/home/user/breakapp/backend/node_modules/jest-circus/build/run.js:121:9)
    at _runTestsForDescribeBlock (/home/user/breakapp/backend/node_modules/jest-circus/build/run.js:121:9)
    at run (/home/user/breakapp/backend/node_modules/jest-circus/build/run.js:71:3)
    at runAndTransformResultsToJestFormat (/home/user/breakapp/backend/node_modules/jest-circus/build/legacy-code-todo-rewrite/jestAdapterInit.js:122:21)
    at jestAdapter (/home/user/breakapp/backend/node_modules/jest-circus/build/legacy-code-todo-rewrite/jestAdapter.js:79:19)
    at runTestInternal (/home/user/breakapp/backend/node_modules/jest-runner/build/runTest.js:367:16)
    at runTest (/home/user/breakapp/backend/node_modules/jest-runner/build/runTest.js:444:34)
    at Object.worker (/home/user/breakapp/backend/node_modules/jest-runner/build/testWorker.js:106:12)</failure>
    </testcase>
    <testcase classname="Voice Service createVoiceShortcut should validate shortcut phrase uniqueness" name="Voice Service createVoiceShortcut should validate shortcut phrase uniqueness" time="0.014">
      <failure>Error: expect(received).rejects.toThrow(expected)

Expected substring: &quot;Voice shortcut with this phrase already exists&quot;
Received message:   &quot;Cannot read properties of undefined (reading &apos;create&apos;)&quot;

      618 | async function createVoiceShortcut(userId, shortcutData) {
      619 |   try {
    &gt; 620 |     const shortcut = await prisma.voiceShortcut.create({
          |                                                 ^
      621 |       data: {
      622 |         userId,
      623 |         ...shortcutData,

      at Object.create [as createVoiceShortcut] (src/services/voiceService.js:620:49)
      at Object.createVoiceShortcut (tests/unit/services/voiceService.test.js:494:33)
    at Object.toThrow (/home/user/breakapp/backend/node_modules/jest-circus/node_modules/expect/build/index.js:218:22)
    at Object.toThrow (/home/user/breakapp/backend/tests/unit/services/voiceService.test.js:495:18)
    at Promise.then.completed (/home/user/breakapp/backend/node_modules/jest-circus/build/utils.js:298:28)
    at new Promise (&lt;anonymous&gt;)
    at callAsyncCircusFn (/home/user/breakapp/backend/node_modules/jest-circus/build/utils.js:231:10)
    at _callCircusTest (/home/user/breakapp/backend/node_modules/jest-circus/build/run.js:316:40)
    at _runTest (/home/user/breakapp/backend/node_modules/jest-circus/build/run.js:252:3)
    at _runTestsForDescribeBlock (/home/user/breakapp/backend/node_modules/jest-circus/build/run.js:126:9)
    at _runTestsForDescribeBlock (/home/user/breakapp/backend/node_modules/jest-circus/build/run.js:121:9)
    at _runTestsForDescribeBlock (/home/user/breakapp/backend/node_modules/jest-circus/build/run.js:121:9)
    at run (/home/user/breakapp/backend/node_modules/jest-circus/build/run.js:71:3)
    at runAndTransformResultsToJestFormat (/home/user/breakapp/backend/node_modules/jest-circus/build/legacy-code-todo-rewrite/jestAdapterInit.js:122:21)
    at jestAdapter (/home/user/breakapp/backend/node_modules/jest-circus/build/legacy-code-todo-rewrite/jestAdapter.js:79:19)
    at runTestInternal (/home/user/breakapp/backend/node_modules/jest-runner/build/runTest.js:367:16)
    at runTest (/home/user/breakapp/backend/node_modules/jest-runner/build/runTest.js:444:34)
    at Object.worker (/home/user/breakapp/backend/node_modules/jest-runner/build/testWorker.js:106:12)</failure>
    </testcase>
    <testcase classname="Voice Service getVoiceShortcuts should return user voice shortcuts" name="Voice Service getVoiceShortcuts should return user voice shortcuts" time="0">
      <failure>TypeError: Cannot read properties of undefined (reading &apos;findMany&apos;)
    at Object.findMany [as getVoiceShortcuts] (/home/user/breakapp/backend/src/services/voiceService.js:640:39)
    at Object.getVoiceShortcuts (/home/user/breakapp/backend/tests/unit/services/voiceService.test.js:518:41)
    at Promise.then.completed (/home/user/breakapp/backend/node_modules/jest-circus/build/utils.js:298:28)
    at new Promise (&lt;anonymous&gt;)
    at callAsyncCircusFn (/home/user/breakapp/backend/node_modules/jest-circus/build/utils.js:231:10)
    at _callCircusTest (/home/user/breakapp/backend/node_modules/jest-circus/build/run.js:316:40)
    at _runTest (/home/user/breakapp/backend/node_modules/jest-circus/build/run.js:252:3)
    at _runTestsForDescribeBlock (/home/user/breakapp/backend/node_modules/jest-circus/build/run.js:126:9)
    at _runTestsForDescribeBlock (/home/user/breakapp/backend/node_modules/jest-circus/build/run.js:121:9)
    at _runTestsForDescribeBlock (/home/user/breakapp/backend/node_modules/jest-circus/build/run.js:121:9)
    at run (/home/user/breakapp/backend/node_modules/jest-circus/build/run.js:71:3)
    at runAndTransformResultsToJestFormat (/home/user/breakapp/backend/node_modules/jest-circus/build/legacy-code-todo-rewrite/jestAdapterInit.js:122:21)
    at jestAdapter (/home/user/breakapp/backend/node_modules/jest-circus/build/legacy-code-todo-rewrite/jestAdapter.js:79:19)
    at runTestInternal (/home/user/breakapp/backend/node_modules/jest-runner/build/runTest.js:367:16)
    at runTest (/home/user/breakapp/backend/node_modules/jest-runner/build/runTest.js:444:34)
    at Object.worker (/home/user/breakapp/backend/node_modules/jest-runner/build/testWorker.js:106:12)</failure>
    </testcase>
    <testcase classname="Voice Service trainPersonalVoiceModel should initiate personal voice model training" name="Voice Service trainPersonalVoiceModel should initiate personal voice model training" time="3.001">
      <failure>TypeError: Cannot read properties of undefined (reading &apos;create&apos;)
    at Object.create [as trainPersonalVoiceModel] (/home/user/breakapp/backend/src/services/voiceService.js:661:59)
    at Object.&lt;anonymous&gt; (/home/user/breakapp/backend/tests/unit/services/voiceService.test.js:543:22)</failure>
    </testcase>
    <testcase classname="Voice Service trainPersonalVoiceModel should require minimum voice samples" name="Voice Service trainPersonalVoiceModel should require minimum voice samples" time="3.004">
      <failure>Error: expect(received).rejects.toThrow(expected)

Expected substring: &quot;Minimum 5 voice samples required for training&quot;
Received message:   &quot;Cannot read properties of undefined (reading &apos;create&apos;)&quot;

      659 |     
      660 |     // حفظ معلومات النموذج
    &gt; 661 |     const personalModel = await prisma.personalVoiceModel.create({
          |                                                           ^
      662 |       data: {
      663 |         userId,
      664 |         modelId,

      at Object.create [as trainPersonalVoiceModel] (src/services/voiceService.js:661:59)
      at Object.&lt;anonymous&gt; (tests/unit/services/voiceService.test.js:560:7)
    at Object.toThrow (/home/user/breakapp/backend/node_modules/jest-circus/node_modules/expect/build/index.js:218:22)
    at Object.toThrow (/home/user/breakapp/backend/tests/unit/services/voiceService.test.js:561:18)
    at Promise.then.completed (/home/user/breakapp/backend/node_modules/jest-circus/build/utils.js:298:28)
    at new Promise (&lt;anonymous&gt;)
    at callAsyncCircusFn (/home/user/breakapp/backend/node_modules/jest-circus/build/utils.js:231:10)
    at _callCircusTest (/home/user/breakapp/backend/node_modules/jest-circus/build/run.js:316:40)
    at _runTest (/home/user/breakapp/backend/node_modules/jest-circus/build/run.js:252:3)
    at _runTestsForDescribeBlock (/home/user/breakapp/backend/node_modules/jest-circus/build/run.js:126:9)
    at _runTestsForDescribeBlock (/home/user/breakapp/backend/node_modules/jest-circus/build/run.js:121:9)
    at _runTestsForDescribeBlock (/home/user/breakapp/backend/node_modules/jest-circus/build/run.js:121:9)
    at run (/home/user/breakapp/backend/node_modules/jest-circus/build/run.js:71:3)
    at runAndTransformResultsToJestFormat (/home/user/breakapp/backend/node_modules/jest-circus/build/legacy-code-todo-rewrite/jestAdapterInit.js:122:21)
    at jestAdapter (/home/user/breakapp/backend/node_modules/jest-circus/build/legacy-code-todo-rewrite/jestAdapter.js:79:19)
    at runTestInternal (/home/user/breakapp/backend/node_modules/jest-runner/build/runTest.js:367:16)
    at runTest (/home/user/breakapp/backend/node_modules/jest-runner/build/runTest.js:444:34)
    at Object.worker (/home/user/breakapp/backend/node_modules/jest-runner/build/testWorker.js:106:12)</failure>
    </testcase>
    <testcase classname="Voice Service getVoiceAnalytics should return comprehensive voice usage analytics" name="Voice Service getVoiceAnalytics should return comprehensive voice usage analytics" time="0.001">
      <failure>TypeError: Cannot read properties of undefined (reading &apos;count&apos;)
    at Object.count [as getVoiceAnalytics] (/home/user/breakapp/backend/src/services/voiceService.js:696:27)
    at Object.getVoiceAnalytics (/home/user/breakapp/backend/tests/unit/services/voiceService.test.js:581:41)
    at Promise.then.completed (/home/user/breakapp/backend/node_modules/jest-circus/build/utils.js:298:28)
    at new Promise (&lt;anonymous&gt;)
    at callAsyncCircusFn (/home/user/breakapp/backend/node_modules/jest-circus/build/utils.js:231:10)
    at _callCircusTest (/home/user/breakapp/backend/node_modules/jest-circus/build/run.js:316:40)
    at _runTest (/home/user/breakapp/backend/node_modules/jest-circus/build/run.js:252:3)
    at _runTestsForDescribeBlock (/home/user/breakapp/backend/node_modules/jest-circus/build/run.js:126:9)
    at _runTestsForDescribeBlock (/home/user/breakapp/backend/node_modules/jest-circus/build/run.js:121:9)
    at _runTestsForDescribeBlock (/home/user/breakapp/backend/node_modules/jest-circus/build/run.js:121:9)
    at run (/home/user/breakapp/backend/node_modules/jest-circus/build/run.js:71:3)
    at runAndTransformResultsToJestFormat (/home/user/breakapp/backend/node_modules/jest-circus/build/legacy-code-todo-rewrite/jestAdapterInit.js:122:21)
    at jestAdapter (/home/user/breakapp/backend/node_modules/jest-circus/build/legacy-code-todo-rewrite/jestAdapter.js:79:19)
    at runTestInternal (/home/user/breakapp/backend/node_modules/jest-runner/build/runTest.js:367:16)
    at runTest (/home/user/breakapp/backend/node_modules/jest-runner/build/runTest.js:444:34)
    at Object.worker (/home/user/breakapp/backend/node_modules/jest-runner/build/testWorker.js:106:12)</failure>
    </testcase>
    <testcase classname="Voice Service getVoiceAnalytics should handle empty analytics data" name="Voice Service getVoiceAnalytics should handle empty analytics data" time="0">
      <failure>TypeError: Cannot read properties of undefined (reading &apos;count&apos;)
    at Object.count [as getVoiceAnalytics] (/home/user/breakapp/backend/src/services/voiceService.js:696:27)
    at Object.getVoiceAnalytics (/home/user/breakapp/backend/tests/unit/services/voiceService.test.js:608:41)
    at Promise.then.completed (/home/user/breakapp/backend/node_modules/jest-circus/build/utils.js:298:28)
    at new Promise (&lt;anonymous&gt;)
    at callAsyncCircusFn (/home/user/breakapp/backend/node_modules/jest-circus/build/utils.js:231:10)
    at _callCircusTest (/home/user/breakapp/backend/node_modules/jest-circus/build/run.js:316:40)
    at _runTest (/home/user/breakapp/backend/node_modules/jest-circus/build/run.js:252:3)
    at _runTestsForDescribeBlock (/home/user/breakapp/backend/node_modules/jest-circus/build/run.js:126:9)
    at _runTestsForDescribeBlock (/home/user/breakapp/backend/node_modules/jest-circus/build/run.js:121:9)
    at _runTestsForDescribeBlock (/home/user/breakapp/backend/node_modules/jest-circus/build/run.js:121:9)
    at run (/home/user/breakapp/backend/node_modules/jest-circus/build/run.js:71:3)
    at runAndTransformResultsToJestFormat (/home/user/breakapp/backend/node_modules/jest-circus/build/legacy-code-todo-rewrite/jestAdapterInit.js:122:21)
    at jestAdapter (/home/user/breakapp/backend/node_modules/jest-circus/build/legacy-code-todo-rewrite/jestAdapter.js:79:19)
    at runTestInternal (/home/user/breakapp/backend/node_modules/jest-runner/build/runTest.js:367:16)
    at runTest (/home/user/breakapp/backend/node_modules/jest-runner/build/runTest.js:444:34)
    at Object.worker (/home/user/breakapp/backend/node_modules/jest-runner/build/testWorker.js:106:12)</failure>
    </testcase>
  </testsuite>
</testsuites>