<?xml version="1.0" encoding="UTF-8"?>
<testsuites name="jest tests" tests="27" failures="0" errors="0" time="1.358">
  <testsuite name="Emergency Controller" errors="0" failures="0" skipped="0" timestamp="2025-12-28T10:51:23" time="1.088" tests="27">
    <testcase classname="Emergency Controller activateEmergencyMode should activate emergency mode successfully" name="Emergency Controller activateEmergencyMode should activate emergency mode successfully" time="0.006">
    </testcase>
    <testcase classname="Emergency Controller activateEmergencyMode should handle missing required fields" name="Emergency Controller activateEmergencyMode should handle missing required fields" time="0.001">
    </testcase>
    <testcase classname="Emergency Controller activateEmergencyMode should handle activation errors" name="Emergency Controller activateEmergencyMode should handle activation errors" time="0.001">
    </testcase>
    <testcase classname="Emergency Controller createEmergencyOrder should create emergency order successfully" name="Emergency Controller createEmergencyOrder should create emergency order successfully" time="0.001">
    </testcase>
    <testcase classname="Emergency Controller createEmergencyOrder should handle no active emergency session" name="Emergency Controller createEmergencyOrder should handle no active emergency session" time="0">
    </testcase>
    <testcase classname="Emergency Controller createEmergencyOrder should validate urgency level" name="Emergency Controller createEmergencyOrder should validate urgency level" time="0.001">
    </testcase>
    <testcase classname="Emergency Controller createEmergencyOrder should handle service errors" name="Emergency Controller createEmergencyOrder should handle service errors" time="0">
    </testcase>
    <testcase classname="Emergency Controller getEmergencyRestaurants should return emergency restaurants" name="Emergency Controller getEmergencyRestaurants should return emergency restaurants" time="0">
    </testcase>
    <testcase classname="Emergency Controller getEmergencyRestaurants should handle missing coordinates" name="Emergency Controller getEmergencyRestaurants should handle missing coordinates" time="0.001">
    </testcase>
    <testcase classname="Emergency Controller getEmergencyRestaurants should handle service errors" name="Emergency Controller getEmergencyRestaurants should handle service errors" time="0">
    </testcase>
    <testcase classname="Emergency Controller updateEmergencyOrderStatus should update emergency order status" name="Emergency Controller updateEmergencyOrderStatus should update emergency order status" time="0.005">
    </testcase>
    <testcase classname="Emergency Controller updateEmergencyOrderStatus should handle missing status" name="Emergency Controller updateEmergencyOrderStatus should handle missing status" time="0.001">
    </testcase>
    <testcase classname="Emergency Controller updateEmergencyOrderStatus should handle service errors" name="Emergency Controller updateEmergencyOrderStatus should handle service errors" time="0">
    </testcase>
    <testcase classname="Emergency Controller getPrePreparedInventory should return pre-prepared inventory" name="Emergency Controller getPrePreparedInventory should return pre-prepared inventory" time="0">
    </testcase>
    <testcase classname="Emergency Controller getPrePreparedInventory should handle missing projectId" name="Emergency Controller getPrePreparedInventory should handle missing projectId" time="0">
    </testcase>
    <testcase classname="Emergency Controller getPrePreparedInventory should handle service errors" name="Emergency Controller getPrePreparedInventory should handle service errors" time="0.001">
    </testcase>
    <testcase classname="Emergency Controller addToPrePreparedInventory should add item to inventory successfully" name="Emergency Controller addToPrePreparedInventory should add item to inventory successfully" time="0.001">
    </testcase>
    <testcase classname="Emergency Controller addToPrePreparedInventory should handle missing required fields" name="Emergency Controller addToPrePreparedInventory should handle missing required fields" time="0">
    </testcase>
    <testcase classname="Emergency Controller addToPrePreparedInventory should handle service errors" name="Emergency Controller addToPrePreparedInventory should handle service errors" time="0">
    </testcase>
    <testcase classname="Emergency Controller deactivateEmergencyMode should deactivate emergency mode successfully" name="Emergency Controller deactivateEmergencyMode should deactivate emergency mode successfully" time="0.001">
    </testcase>
    <testcase classname="Emergency Controller deactivateEmergencyMode should handle missing projectId" name="Emergency Controller deactivateEmergencyMode should handle missing projectId" time="0">
    </testcase>
    <testcase classname="Emergency Controller deactivateEmergencyMode should handle service errors" name="Emergency Controller deactivateEmergencyMode should handle service errors" time="0.001">
    </testcase>
    <testcase classname="Emergency Controller getEmergencyHistory should return emergency history" name="Emergency Controller getEmergencyHistory should return emergency history" time="0">
    </testcase>
    <testcase classname="Emergency Controller getEmergencyHistory should handle service errors" name="Emergency Controller getEmergencyHistory should handle service errors" time="0">
    </testcase>
    <testcase classname="Emergency Controller notifyScheduleChange should notify schedule change successfully" name="Emergency Controller notifyScheduleChange should notify schedule change successfully" time="0">
    </testcase>
    <testcase classname="Emergency Controller notifyScheduleChange should handle missing required fields" name="Emergency Controller notifyScheduleChange should handle missing required fields" time="0.001">
    </testcase>
    <testcase classname="Emergency Controller notifyScheduleChange should handle service errors" name="Emergency Controller notifyScheduleChange should handle service errors" time="0">
    </testcase>
  </testsuite>
</testsuites>