<?xml version="1.0" encoding="UTF-8"?>
<testsuites name="jest tests" tests="379" failures="205" errors="0" time="8.382">
  <testsuite name="Payment Service" errors="0" failures="0" skipped="0" timestamp="2025-12-28T10:11:25" time="1.81" tests="23">
    <testcase classname="Payment Service createPaymentIntent should create payment intent with valid amount" name="Payment Service createPaymentIntent should create payment intent with valid amount" time="0.02">
    </testcase>
    <testcase classname="Payment Service createPaymentIntent should handle minimum amount validation" name="Payment Service createPaymentIntent should handle minimum amount validation" time="0.001">
    </testcase>
    <testcase classname="Payment Service createPaymentIntent should attach customer metadata" name="Payment Service createPaymentIntent should attach customer metadata" time="0.001">
    </testcase>
    <testcase classname="Payment Service processPayment should process successful payment" name="Payment Service processPayment should process successful payment" time="0.002">
    </testcase>
    <testcase classname="Payment Service processPayment should handle payment failure" name="Payment Service processPayment should handle payment failure" time="0.002">
    </testcase>
    <testcase classname="Payment Service processPayment should store payment record on success" name="Payment Service processPayment should store payment record on success" time="0.001">
    </testcase>
    <testcase classname="Payment Service refundPayment should process full refund" name="Payment Service refundPayment should process full refund" time="0.001">
    </testcase>
    <testcase classname="Payment Service refundPayment should process partial refund" name="Payment Service refundPayment should process partial refund" time="0.001">
    </testcase>
    <testcase classname="Payment Service refundPayment should update payment status after refund" name="Payment Service refundPayment should update payment status after refund" time="0">
    </testcase>
    <testcase classname="Payment Service getPaymentStatus should return payment status" name="Payment Service getPaymentStatus should return payment status" time="0">
    </testcase>
    <testcase classname="Payment Service getPaymentStatus should return pending status for incomplete payment" name="Payment Service getPaymentStatus should return pending status for incomplete payment" time="0.001">
    </testcase>
    <testcase classname="Payment Service validatePayment should validate payment amount matches order total" name="Payment Service validatePayment should validate payment amount matches order total" time="0">
    </testcase>
    <testcase classname="Payment Service validatePayment should reject payment amount mismatch" name="Payment Service validatePayment should reject payment amount mismatch" time="0.001">
    </testcase>
    <testcase classname="Payment Service validatePayment should validate currency" name="Payment Service validatePayment should validate currency" time="0.001">
    </testcase>
    <testcase classname="Payment Service getUserPayments should return user payment history" name="Payment Service getUserPayments should return user payment history" time="0">
    </testcase>
    <testcase classname="Payment Service getUserPayments should include order details" name="Payment Service getUserPayments should include order details" time="0.001">
    </testcase>
    <testcase classname="Payment Service payment security should not expose full card number" name="Payment Service payment security should not expose full card number" time="0.001">
    </testcase>
    <testcase classname="Payment Service payment security should use secure payment intent" name="Payment Service payment security should use secure payment intent" time="0.001">
    </testcase>
    <testcase classname="Payment Service payment security should validate webhook signature" name="Payment Service payment security should validate webhook signature" time="0">
    </testcase>
    <testcase classname="Payment Service currency handling should convert to smallest currency unit" name="Payment Service currency handling should convert to smallest currency unit" time="0.001">
    </testcase>
    <testcase classname="Payment Service currency handling should handle decimal precision" name="Payment Service currency handling should handle decimal precision" time="0">
    </testcase>
    <testcase classname="Payment Service payment providers should support Stripe provider" name="Payment Service payment providers should support Stripe provider" time="0.001">
    </testcase>
    <testcase classname="Payment Service payment providers should store provider information" name="Payment Service payment providers should store provider information" time="0.001">
    </testcase>
  </testsuite>
  <testsuite name="Order Service" errors="0" failures="0" skipped="0" timestamp="2025-12-28T10:11:25" time="1.856" tests="25">
    <testcase classname="Order Service createOrder should create order with valid data" name="Order Service createOrder should create order with valid data" time="0.014">
    </testcase>
    <testcase classname="Order Service createOrder should reject order for inactive restaurant" name="Order Service createOrder should reject order for inactive restaurant" time="0.001">
    </testcase>
    <testcase classname="Order Service createOrder should reject order with unavailable menu items" name="Order Service createOrder should reject order with unavailable menu items" time="0.001">
    </testcase>
    <testcase classname="Order Service createOrder should calculate total amount correctly" name="Order Service createOrder should calculate total amount correctly" time="0.001">
    </testcase>
    <testcase classname="Order Service createOrder should set initial status to PENDING" name="Order Service createOrder should set initial status to PENDING" time="0.001">
    </testcase>
    <testcase classname="Order Service getOrderById should return order with details" name="Order Service getOrderById should return order with details" time="0.001">
    </testcase>
    <testcase classname="Order Service getOrderById should return null for non-existent order" name="Order Service getOrderById should return null for non-existent order" time="0.001">
    </testcase>
    <testcase classname="Order Service getUserOrders should return all orders for user" name="Order Service getUserOrders should return all orders for user" time="0.001">
    </testcase>
    <testcase classname="Order Service getUserOrders should return empty array for user with no orders" name="Order Service getUserOrders should return empty array for user with no orders" time="0.004">
    </testcase>
    <testcase classname="Order Service getUserOrders should support pagination" name="Order Service getUserOrders should support pagination" time="0.001">
    </testcase>
    <testcase classname="Order Service getUserOrders should filter by status" name="Order Service getUserOrders should filter by status" time="0.001">
    </testcase>
    <testcase classname="Order Service updateOrderStatus should update status from PENDING to CONFIRMED" name="Order Service updateOrderStatus should update status from PENDING to CONFIRMED" time="0.001">
    </testcase>
    <testcase classname="Order Service updateOrderStatus should update status from CONFIRMED to PREPARING" name="Order Service updateOrderStatus should update status from CONFIRMED to PREPARING" time="0.001">
    </testcase>
    <testcase classname="Order Service updateOrderStatus should update status to DELIVERED and set deliveredAt" name="Order Service updateOrderStatus should update status to DELIVERED and set deliveredAt" time="0">
    </testcase>
    <testcase classname="Order Service updateOrderStatus should not allow invalid status transitions" name="Order Service updateOrderStatus should not allow invalid status transitions" time="0.001">
    </testcase>
    <testcase classname="Order Service cancelOrder should cancel PENDING order" name="Order Service cancelOrder should cancel PENDING order" time="0">
    </testcase>
    <testcase classname="Order Service cancelOrder should not cancel DELIVERED order" name="Order Service cancelOrder should not cancel DELIVERED order" time="0.001">
    </testcase>
    <testcase classname="Order Service cancelOrder should store cancellation reason" name="Order Service cancelOrder should store cancellation reason" time="0">
    </testcase>
    <testcase classname="Order Service calculateOrderTotal should calculate subtotal correctly" name="Order Service calculateOrderTotal should calculate subtotal correctly" time="0.001">
    </testcase>
    <testcase classname="Order Service calculateOrderTotal should apply delivery fee" name="Order Service calculateOrderTotal should apply delivery fee" time="0.001">
    </testcase>
    <testcase classname="Order Service calculateOrderTotal should apply discount correctly" name="Order Service calculateOrderTotal should apply discount correctly" time="0">
    </testcase>
    <testcase classname="Order Service calculateOrderTotal should apply VAT correctly" name="Order Service calculateOrderTotal should apply VAT correctly" time="0">
    </testcase>
    <testcase classname="Order Service validateOrder should require at least one item" name="Order Service validateOrder should require at least one item" time="0">
    </testcase>
    <testcase classname="Order Service validateOrder should require valid quantity" name="Order Service validateOrder should require valid quantity" time="0.007">
    </testcase>
    <testcase classname="Order Service validateOrder should require delivery address" name="Order Service validateOrder should require delivery address" time="0.001">
    </testcase>
  </testsuite>
  <testsuite name="Menu Service" errors="0" failures="0" skipped="0" timestamp="2025-12-28T10:11:25" time="1.854" tests="21">
    <testcase classname="Menu Service getMenuItems should return all available menu items for restaurant" name="Menu Service getMenuItems should return all available menu items for restaurant" time="0.037">
    </testcase>
    <testcase classname="Menu Service getMenuItems should filter by category" name="Menu Service getMenuItems should filter by category" time="0.001">
    </testcase>
    <testcase classname="Menu Service getMenuItems should support search by name" name="Menu Service getMenuItems should support search by name" time="0.001">
    </testcase>
    <testcase classname="Menu Service getMenuItems should return empty array for restaurant with no items" name="Menu Service getMenuItems should return empty array for restaurant with no items" time="0.002">
    </testcase>
    <testcase classname="Menu Service getMenuItemById should return menu item with restaurant info" name="Menu Service getMenuItemById should return menu item with restaurant info" time="0.001">
    </testcase>
    <testcase classname="Menu Service getMenuItemById should return null for non-existent item" name="Menu Service getMenuItemById should return null for non-existent item" time="0.001">
    </testcase>
    <testcase classname="Menu Service getCoreMenu should return CORE menu items from partner restaurants" name="Menu Service getCoreMenu should return CORE menu items from partner restaurants" time="0.001">
    </testcase>
    <testcase classname="Menu Service getCoreMenu should sort by quality score" name="Menu Service getCoreMenu should sort by quality score" time="0">
    </testcase>
    <testcase classname="Menu Service getCategories should return unique categories" name="Menu Service getCategories should return unique categories" time="0.001">
    </testcase>
    <testcase classname="Menu Service createMenuItem should create menu item with valid data" name="Menu Service createMenuItem should create menu item with valid data" time="0.001">
    </testcase>
    <testcase classname="Menu Service createMenuItem should require restaurant ID" name="Menu Service createMenuItem should require restaurant ID" time="0">
    </testcase>
    <testcase classname="Menu Service createMenuItem should require positive price" name="Menu Service createMenuItem should require positive price" time="0.002">
    </testcase>
    <testcase classname="Menu Service updateMenuItem should update menu item price" name="Menu Service updateMenuItem should update menu item price" time="0">
    </testcase>
    <testcase classname="Menu Service updateMenuItem should update availability status" name="Menu Service updateMenuItem should update availability status" time="0.001">
    </testcase>
    <testcase classname="Menu Service deleteMenuItem should delete menu item" name="Menu Service deleteMenuItem should delete menu item" time="0">
    </testcase>
    <testcase classname="Menu Service deleteMenuItem should handle deletion of non-existent item" name="Menu Service deleteMenuItem should handle deletion of non-existent item" time="0.071">
    </testcase>
    <testcase classname="Menu Service dietary information should filter vegetarian items" name="Menu Service dietary information should filter vegetarian items" time="0.002">
    </testcase>
    <testcase classname="Menu Service dietary information should filter gluten-free items" name="Menu Service dietary information should filter gluten-free items" time="0.002">
    </testcase>
    <testcase classname="Menu Service dietary information should filter by allergens" name="Menu Service dietary information should filter by allergens" time="0.006">
    </testcase>
    <testcase classname="Menu Service pricing should calculate price with modifiers" name="Menu Service pricing should calculate price with modifiers" time="0">
    </testcase>
    <testcase classname="Menu Service pricing should handle discount pricing" name="Menu Service pricing should handle discount pricing" time="0">
    </testcase>
  </testsuite>
  <testsuite name="Admin API Integration Tests" errors="0" failures="33" skipped="0" timestamp="2025-12-28T10:11:25" time="1.987" tests="33">
    <testcase classname="Admin API Integration Tests GET /api/v1/admin/stats should return dashboard statistics for admin" name="Admin API Integration Tests GET /api/v1/admin/stats should return dashboard statistics for admin" time="0.019">
      <failure>TypeError: generateUserToken is not a function
    at Object.generateUserToken (E:\breakapp\backend\tests\integration\api\admin.test.js:16:18)
    at Promise.then.completed (E:\breakapp\backend\node_modules\jest-circus\build\utils.js:298:28)
    at new Promise (&lt;anonymous&gt;)
    at callAsyncCircusFn (E:\breakapp\backend\node_modules\jest-circus\build\utils.js:231:10)
    at _callCircusHook (E:\breakapp\backend\node_modules\jest-circus\build\run.js:281:40)
    at processTicksAndRejections (node:internal/process/task_queues:95:5)
    at _runTestsForDescribeBlock (E:\breakapp\backend\node_modules\jest-circus\build\run.js:95:7)
    at _runTestsForDescribeBlock (E:\breakapp\backend\node_modules\jest-circus\build\run.js:121:9)
    at run (E:\breakapp\backend\node_modules\jest-circus\build\run.js:71:3)
    at runAndTransformResultsToJestFormat (E:\breakapp\backend\node_modules\jest-circus\build\legacy-code-todo-rewrite\jestAdapterInit.js:122:21)
    at jestAdapter (E:\breakapp\backend\node_modules\jest-circus\build\legacy-code-todo-rewrite\jestAdapter.js:79:19)
    at runTestInternal (E:\breakapp\backend\node_modules\jest-runner\build\runTest.js:367:16)
    at runTest (E:\breakapp\backend\node_modules\jest-runner\build\runTest.js:444:34)
    at Object.worker (E:\breakapp\backend\node_modules\jest-runner\build\testWorker.js:106:12)</failure>
    </testcase>
    <testcase classname="Admin API Integration Tests GET /api/v1/admin/stats should return revenue statistics" name="Admin API Integration Tests GET /api/v1/admin/stats should return revenue statistics" time="0">
      <failure>TypeError: generateUserToken is not a function
    at Object.generateUserToken (E:\breakapp\backend\tests\integration\api\admin.test.js:16:18)
    at Promise.then.completed (E:\breakapp\backend\node_modules\jest-circus\build\utils.js:298:28)
    at new Promise (&lt;anonymous&gt;)
    at callAsyncCircusFn (E:\breakapp\backend\node_modules\jest-circus\build\utils.js:231:10)
    at _callCircusHook (E:\breakapp\backend\node_modules\jest-circus\build\run.js:281:40)
    at processTicksAndRejections (node:internal/process/task_queues:95:5)
    at _runTestsForDescribeBlock (E:\breakapp\backend\node_modules\jest-circus\build\run.js:95:7)
    at _runTestsForDescribeBlock (E:\breakapp\backend\node_modules\jest-circus\build\run.js:121:9)
    at run (E:\breakapp\backend\node_modules\jest-circus\build\run.js:71:3)
    at runAndTransformResultsToJestFormat (E:\breakapp\backend\node_modules\jest-circus\build\legacy-code-todo-rewrite\jestAdapterInit.js:122:21)
    at jestAdapter (E:\breakapp\backend\node_modules\jest-circus\build\legacy-code-todo-rewrite\jestAdapter.js:79:19)
    at runTestInternal (E:\breakapp\backend\node_modules\jest-runner\build\runTest.js:367:16)
    at runTest (E:\breakapp\backend\node_modules\jest-runner\build\runTest.js:444:34)
    at Object.worker (E:\breakapp\backend\node_modules\jest-runner\build\testWorker.js:106:12)</failure>
    </testcase>
    <testcase classname="Admin API Integration Tests GET /api/v1/admin/stats should return order status breakdown" name="Admin API Integration Tests GET /api/v1/admin/stats should return order status breakdown" time="0">
      <failure>TypeError: generateUserToken is not a function
    at Object.generateUserToken (E:\breakapp\backend\tests\integration\api\admin.test.js:16:18)
    at Promise.then.completed (E:\breakapp\backend\node_modules\jest-circus\build\utils.js:298:28)
    at new Promise (&lt;anonymous&gt;)
    at callAsyncCircusFn (E:\breakapp\backend\node_modules\jest-circus\build\utils.js:231:10)
    at _callCircusHook (E:\breakapp\backend\node_modules\jest-circus\build\run.js:281:40)
    at processTicksAndRejections (node:internal/process/task_queues:95:5)
    at _runTestsForDescribeBlock (E:\breakapp\backend\node_modules\jest-circus\build\run.js:95:7)
    at _runTestsForDescribeBlock (E:\breakapp\backend\node_modules\jest-circus\build\run.js:121:9)
    at run (E:\breakapp\backend\node_modules\jest-circus\build\run.js:71:3)
    at runAndTransformResultsToJestFormat (E:\breakapp\backend\node_modules\jest-circus\build\legacy-code-todo-rewrite\jestAdapterInit.js:122:21)
    at jestAdapter (E:\breakapp\backend\node_modules\jest-circus\build\legacy-code-todo-rewrite\jestAdapter.js:79:19)
    at runTestInternal (E:\breakapp\backend\node_modules\jest-runner\build\runTest.js:367:16)
    at runTest (E:\breakapp\backend\node_modules\jest-runner\build\runTest.js:444:34)
    at Object.worker (E:\breakapp\backend\node_modules\jest-runner\build\testWorker.js:106:12)</failure>
    </testcase>
    <testcase classname="Admin API Integration Tests GET /api/v1/admin/stats should deny access to regular users" name="Admin API Integration Tests GET /api/v1/admin/stats should deny access to regular users" time="0">
      <failure>TypeError: generateUserToken is not a function
    at Object.generateUserToken (E:\breakapp\backend\tests\integration\api\admin.test.js:16:18)
    at Promise.then.completed (E:\breakapp\backend\node_modules\jest-circus\build\utils.js:298:28)
    at new Promise (&lt;anonymous&gt;)
    at callAsyncCircusFn (E:\breakapp\backend\node_modules\jest-circus\build\utils.js:231:10)
    at _callCircusHook (E:\breakapp\backend\node_modules\jest-circus\build\run.js:281:40)
    at processTicksAndRejections (node:internal/process/task_queues:95:5)
    at _runTestsForDescribeBlock (E:\breakapp\backend\node_modules\jest-circus\build\run.js:95:7)
    at _runTestsForDescribeBlock (E:\breakapp\backend\node_modules\jest-circus\build\run.js:121:9)
    at run (E:\breakapp\backend\node_modules\jest-circus\build\run.js:71:3)
    at runAndTransformResultsToJestFormat (E:\breakapp\backend\node_modules\jest-circus\build\legacy-code-todo-rewrite\jestAdapterInit.js:122:21)
    at jestAdapter (E:\breakapp\backend\node_modules\jest-circus\build\legacy-code-todo-rewrite\jestAdapter.js:79:19)
    at runTestInternal (E:\breakapp\backend\node_modules\jest-runner\build\runTest.js:367:16)
    at runTest (E:\breakapp\backend\node_modules\jest-runner\build\runTest.js:444:34)
    at Object.worker (E:\breakapp\backend\node_modules\jest-runner\build\testWorker.js:106:12)</failure>
    </testcase>
    <testcase classname="Admin API Integration Tests GET /api/v1/admin/stats should allow access to producer" name="Admin API Integration Tests GET /api/v1/admin/stats should allow access to producer" time="0">
      <failure>TypeError: generateUserToken is not a function
    at Object.generateUserToken (E:\breakapp\backend\tests\integration\api\admin.test.js:16:18)
    at Promise.then.completed (E:\breakapp\backend\node_modules\jest-circus\build\utils.js:298:28)
    at new Promise (&lt;anonymous&gt;)
    at callAsyncCircusFn (E:\breakapp\backend\node_modules\jest-circus\build\utils.js:231:10)
    at _callCircusHook (E:\breakapp\backend\node_modules\jest-circus\build\run.js:281:40)
    at processTicksAndRejections (node:internal/process/task_queues:95:5)
    at _runTestsForDescribeBlock (E:\breakapp\backend\node_modules\jest-circus\build\run.js:95:7)
    at _runTestsForDescribeBlock (E:\breakapp\backend\node_modules\jest-circus\build\run.js:121:9)
    at run (E:\breakapp\backend\node_modules\jest-circus\build\run.js:71:3)
    at runAndTransformResultsToJestFormat (E:\breakapp\backend\node_modules\jest-circus\build\legacy-code-todo-rewrite\jestAdapterInit.js:122:21)
    at jestAdapter (E:\breakapp\backend\node_modules\jest-circus\build\legacy-code-todo-rewrite\jestAdapter.js:79:19)
    at runTestInternal (E:\breakapp\backend\node_modules\jest-runner\build\runTest.js:367:16)
    at runTest (E:\breakapp\backend\node_modules\jest-runner\build\runTest.js:444:34)
    at Object.worker (E:\breakapp\backend\node_modules\jest-runner\build\testWorker.js:106:12)</failure>
    </testcase>
    <testcase classname="Admin API Integration Tests GET /api/v1/admin/orders should return all orders for admin" name="Admin API Integration Tests GET /api/v1/admin/orders should return all orders for admin" time="0">
      <failure>TypeError: generateUserToken is not a function
    at Object.generateUserToken (E:\breakapp\backend\tests\integration\api\admin.test.js:16:18)
    at Promise.then.completed (E:\breakapp\backend\node_modules\jest-circus\build\utils.js:298:28)
    at new Promise (&lt;anonymous&gt;)
    at callAsyncCircusFn (E:\breakapp\backend\node_modules\jest-circus\build\utils.js:231:10)
    at _callCircusHook (E:\breakapp\backend\node_modules\jest-circus\build\run.js:281:40)
    at processTicksAndRejections (node:internal/process/task_queues:95:5)
    at _runTestsForDescribeBlock (E:\breakapp\backend\node_modules\jest-circus\build\run.js:95:7)
    at _runTestsForDescribeBlock (E:\breakapp\backend\node_modules\jest-circus\build\run.js:121:9)
    at run (E:\breakapp\backend\node_modules\jest-circus\build\run.js:71:3)
    at runAndTransformResultsToJestFormat (E:\breakapp\backend\node_modules\jest-circus\build\legacy-code-todo-rewrite\jestAdapterInit.js:122:21)
    at jestAdapter (E:\breakapp\backend\node_modules\jest-circus\build\legacy-code-todo-rewrite\jestAdapter.js:79:19)
    at runTestInternal (E:\breakapp\backend\node_modules\jest-runner\build\runTest.js:367:16)
    at runTest (E:\breakapp\backend\node_modules\jest-runner\build\runTest.js:444:34)
    at Object.worker (E:\breakapp\backend\node_modules\jest-runner\build\testWorker.js:106:12)</failure>
    </testcase>
    <testcase classname="Admin API Integration Tests GET /api/v1/admin/orders should support filtering by status" name="Admin API Integration Tests GET /api/v1/admin/orders should support filtering by status" time="0">
      <failure>TypeError: generateUserToken is not a function
    at Object.generateUserToken (E:\breakapp\backend\tests\integration\api\admin.test.js:16:18)
    at Promise.then.completed (E:\breakapp\backend\node_modules\jest-circus\build\utils.js:298:28)
    at new Promise (&lt;anonymous&gt;)
    at callAsyncCircusFn (E:\breakapp\backend\node_modules\jest-circus\build\utils.js:231:10)
    at _callCircusHook (E:\breakapp\backend\node_modules\jest-circus\build\run.js:281:40)
    at processTicksAndRejections (node:internal/process/task_queues:95:5)
    at _runTestsForDescribeBlock (E:\breakapp\backend\node_modules\jest-circus\build\run.js:95:7)
    at _runTestsForDescribeBlock (E:\breakapp\backend\node_modules\jest-circus\build\run.js:121:9)
    at run (E:\breakapp\backend\node_modules\jest-circus\build\run.js:71:3)
    at runAndTransformResultsToJestFormat (E:\breakapp\backend\node_modules\jest-circus\build\legacy-code-todo-rewrite\jestAdapterInit.js:122:21)
    at jestAdapter (E:\breakapp\backend\node_modules\jest-circus\build\legacy-code-todo-rewrite\jestAdapter.js:79:19)
    at runTestInternal (E:\breakapp\backend\node_modules\jest-runner\build\runTest.js:367:16)
    at runTest (E:\breakapp\backend\node_modules\jest-runner\build\runTest.js:444:34)
    at Object.worker (E:\breakapp\backend\node_modules\jest-runner\build\testWorker.js:106:12)</failure>
    </testcase>
    <testcase classname="Admin API Integration Tests GET /api/v1/admin/orders should support filtering by date range" name="Admin API Integration Tests GET /api/v1/admin/orders should support filtering by date range" time="0">
      <failure>TypeError: generateUserToken is not a function
    at Object.generateUserToken (E:\breakapp\backend\tests\integration\api\admin.test.js:16:18)
    at Promise.then.completed (E:\breakapp\backend\node_modules\jest-circus\build\utils.js:298:28)
    at new Promise (&lt;anonymous&gt;)
    at callAsyncCircusFn (E:\breakapp\backend\node_modules\jest-circus\build\utils.js:231:10)
    at _callCircusHook (E:\breakapp\backend\node_modules\jest-circus\build\run.js:281:40)
    at processTicksAndRejections (node:internal/process/task_queues:95:5)
    at _runTestsForDescribeBlock (E:\breakapp\backend\node_modules\jest-circus\build\run.js:95:7)
    at _runTestsForDescribeBlock (E:\breakapp\backend\node_modules\jest-circus\build\run.js:121:9)
    at run (E:\breakapp\backend\node_modules\jest-circus\build\run.js:71:3)
    at runAndTransformResultsToJestFormat (E:\breakapp\backend\node_modules\jest-circus\build\legacy-code-todo-rewrite\jestAdapterInit.js:122:21)
    at jestAdapter (E:\breakapp\backend\node_modules\jest-circus\build\legacy-code-todo-rewrite\jestAdapter.js:79:19)
    at runTestInternal (E:\breakapp\backend\node_modules\jest-runner\build\runTest.js:367:16)
    at runTest (E:\breakapp\backend\node_modules\jest-runner\build\runTest.js:444:34)
    at Object.worker (E:\breakapp\backend\node_modules\jest-runner\build\testWorker.js:106:12)</failure>
    </testcase>
    <testcase classname="Admin API Integration Tests GET /api/v1/admin/orders should support filtering by restaurant" name="Admin API Integration Tests GET /api/v1/admin/orders should support filtering by restaurant" time="0.001">
      <failure>TypeError: generateUserToken is not a function
    at Object.generateUserToken (E:\breakapp\backend\tests\integration\api\admin.test.js:16:18)
    at Promise.then.completed (E:\breakapp\backend\node_modules\jest-circus\build\utils.js:298:28)
    at new Promise (&lt;anonymous&gt;)
    at callAsyncCircusFn (E:\breakapp\backend\node_modules\jest-circus\build\utils.js:231:10)
    at _callCircusHook (E:\breakapp\backend\node_modules\jest-circus\build\run.js:281:40)
    at processTicksAndRejections (node:internal/process/task_queues:95:5)
    at _runTestsForDescribeBlock (E:\breakapp\backend\node_modules\jest-circus\build\run.js:95:7)
    at _runTestsForDescribeBlock (E:\breakapp\backend\node_modules\jest-circus\build\run.js:121:9)
    at run (E:\breakapp\backend\node_modules\jest-circus\build\run.js:71:3)
    at runAndTransformResultsToJestFormat (E:\breakapp\backend\node_modules\jest-circus\build\legacy-code-todo-rewrite\jestAdapterInit.js:122:21)
    at jestAdapter (E:\breakapp\backend\node_modules\jest-circus\build\legacy-code-todo-rewrite\jestAdapter.js:79:19)
    at runTestInternal (E:\breakapp\backend\node_modules\jest-runner\build\runTest.js:367:16)
    at runTest (E:\breakapp\backend\node_modules\jest-runner\build\runTest.js:444:34)
    at Object.worker (E:\breakapp\backend\node_modules\jest-runner\build\testWorker.js:106:12)</failure>
    </testcase>
    <testcase classname="Admin API Integration Tests GET /api/v1/admin/orders should include pagination" name="Admin API Integration Tests GET /api/v1/admin/orders should include pagination" time="0">
      <failure>TypeError: generateUserToken is not a function
    at Object.generateUserToken (E:\breakapp\backend\tests\integration\api\admin.test.js:16:18)
    at Promise.then.completed (E:\breakapp\backend\node_modules\jest-circus\build\utils.js:298:28)
    at new Promise (&lt;anonymous&gt;)
    at callAsyncCircusFn (E:\breakapp\backend\node_modules\jest-circus\build\utils.js:231:10)
    at _callCircusHook (E:\breakapp\backend\node_modules\jest-circus\build\run.js:281:40)
    at processTicksAndRejections (node:internal/process/task_queues:95:5)
    at _runTestsForDescribeBlock (E:\breakapp\backend\node_modules\jest-circus\build\run.js:95:7)
    at _runTestsForDescribeBlock (E:\breakapp\backend\node_modules\jest-circus\build\run.js:121:9)
    at run (E:\breakapp\backend\node_modules\jest-circus\build\run.js:71:3)
    at runAndTransformResultsToJestFormat (E:\breakapp\backend\node_modules\jest-circus\build\legacy-code-todo-rewrite\jestAdapterInit.js:122:21)
    at jestAdapter (E:\breakapp\backend\node_modules\jest-circus\build\legacy-code-todo-rewrite\jestAdapter.js:79:19)
    at runTestInternal (E:\breakapp\backend\node_modules\jest-runner\build\runTest.js:367:16)
    at runTest (E:\breakapp\backend\node_modules\jest-runner\build\runTest.js:444:34)
    at Object.worker (E:\breakapp\backend\node_modules\jest-runner\build\testWorker.js:106:12)</failure>
    </testcase>
    <testcase classname="Admin API Integration Tests PUT /api/v1/admin/orders/:id/status should update order status" name="Admin API Integration Tests PUT /api/v1/admin/orders/:id/status should update order status" time="0">
      <failure>TypeError: generateUserToken is not a function
    at Object.generateUserToken (E:\breakapp\backend\tests\integration\api\admin.test.js:16:18)
    at Promise.then.completed (E:\breakapp\backend\node_modules\jest-circus\build\utils.js:298:28)
    at new Promise (&lt;anonymous&gt;)
    at callAsyncCircusFn (E:\breakapp\backend\node_modules\jest-circus\build\utils.js:231:10)
    at _callCircusHook (E:\breakapp\backend\node_modules\jest-circus\build\run.js:281:40)
    at processTicksAndRejections (node:internal/process/task_queues:95:5)
    at _runTestsForDescribeBlock (E:\breakapp\backend\node_modules\jest-circus\build\run.js:95:7)
    at _runTestsForDescribeBlock (E:\breakapp\backend\node_modules\jest-circus\build\run.js:121:9)
    at run (E:\breakapp\backend\node_modules\jest-circus\build\run.js:71:3)
    at runAndTransformResultsToJestFormat (E:\breakapp\backend\node_modules\jest-circus\build\legacy-code-todo-rewrite\jestAdapterInit.js:122:21)
    at jestAdapter (E:\breakapp\backend\node_modules\jest-circus\build\legacy-code-todo-rewrite\jestAdapter.js:79:19)
    at runTestInternal (E:\breakapp\backend\node_modules\jest-runner\build\runTest.js:367:16)
    at runTest (E:\breakapp\backend\node_modules\jest-runner\build\runTest.js:444:34)
    at Object.worker (E:\breakapp\backend\node_modules\jest-runner\build\testWorker.js:106:12)</failure>
    </testcase>
    <testcase classname="Admin API Integration Tests PUT /api/v1/admin/orders/:id/status should validate status transition" name="Admin API Integration Tests PUT /api/v1/admin/orders/:id/status should validate status transition" time="0">
      <failure>TypeError: generateUserToken is not a function
    at Object.generateUserToken (E:\breakapp\backend\tests\integration\api\admin.test.js:16:18)
    at Promise.then.completed (E:\breakapp\backend\node_modules\jest-circus\build\utils.js:298:28)
    at new Promise (&lt;anonymous&gt;)
    at callAsyncCircusFn (E:\breakapp\backend\node_modules\jest-circus\build\utils.js:231:10)
    at _callCircusHook (E:\breakapp\backend\node_modules\jest-circus\build\run.js:281:40)
    at processTicksAndRejections (node:internal/process/task_queues:95:5)
    at _runTestsForDescribeBlock (E:\breakapp\backend\node_modules\jest-circus\build\run.js:95:7)
    at _runTestsForDescribeBlock (E:\breakapp\backend\node_modules\jest-circus\build\run.js:121:9)
    at run (E:\breakapp\backend\node_modules\jest-circus\build\run.js:71:3)
    at runAndTransformResultsToJestFormat (E:\breakapp\backend\node_modules\jest-circus\build\legacy-code-todo-rewrite\jestAdapterInit.js:122:21)
    at jestAdapter (E:\breakapp\backend\node_modules\jest-circus\build\legacy-code-todo-rewrite\jestAdapter.js:79:19)
    at runTestInternal (E:\breakapp\backend\node_modules\jest-runner\build\runTest.js:367:16)
    at runTest (E:\breakapp\backend\node_modules\jest-runner\build\runTest.js:444:34)
    at Object.worker (E:\breakapp\backend\node_modules\jest-runner\build\testWorker.js:106:12)</failure>
    </testcase>
    <testcase classname="Admin API Integration Tests PUT /api/v1/admin/orders/:id/status should record status change timestamp" name="Admin API Integration Tests PUT /api/v1/admin/orders/:id/status should record status change timestamp" time="0">
      <failure>TypeError: generateUserToken is not a function
    at Object.generateUserToken (E:\breakapp\backend\tests\integration\api\admin.test.js:16:18)
    at Promise.then.completed (E:\breakapp\backend\node_modules\jest-circus\build\utils.js:298:28)
    at new Promise (&lt;anonymous&gt;)
    at callAsyncCircusFn (E:\breakapp\backend\node_modules\jest-circus\build\utils.js:231:10)
    at _callCircusHook (E:\breakapp\backend\node_modules\jest-circus\build\run.js:281:40)
    at processTicksAndRejections (node:internal/process/task_queues:95:5)
    at _runTestsForDescribeBlock (E:\breakapp\backend\node_modules\jest-circus\build\run.js:95:7)
    at _runTestsForDescribeBlock (E:\breakapp\backend\node_modules\jest-circus\build\run.js:121:9)
    at run (E:\breakapp\backend\node_modules\jest-circus\build\run.js:71:3)
    at runAndTransformResultsToJestFormat (E:\breakapp\backend\node_modules\jest-circus\build\legacy-code-todo-rewrite\jestAdapterInit.js:122:21)
    at jestAdapter (E:\breakapp\backend\node_modules\jest-circus\build\legacy-code-todo-rewrite\jestAdapter.js:79:19)
    at runTestInternal (E:\breakapp\backend\node_modules\jest-runner\build\runTest.js:367:16)
    at runTest (E:\breakapp\backend\node_modules\jest-runner\build\runTest.js:444:34)
    at Object.worker (E:\breakapp\backend\node_modules\jest-runner\build\testWorker.js:106:12)</failure>
    </testcase>
    <testcase classname="Admin API Integration Tests GET /api/v1/admin/restaurants should return all restaurants" name="Admin API Integration Tests GET /api/v1/admin/restaurants should return all restaurants" time="0">
      <failure>TypeError: generateUserToken is not a function
    at Object.generateUserToken (E:\breakapp\backend\tests\integration\api\admin.test.js:16:18)
    at Promise.then.completed (E:\breakapp\backend\node_modules\jest-circus\build\utils.js:298:28)
    at new Promise (&lt;anonymous&gt;)
    at callAsyncCircusFn (E:\breakapp\backend\node_modules\jest-circus\build\utils.js:231:10)
    at _callCircusHook (E:\breakapp\backend\node_modules\jest-circus\build\run.js:281:40)
    at processTicksAndRejections (node:internal/process/task_queues:95:5)
    at _runTestsForDescribeBlock (E:\breakapp\backend\node_modules\jest-circus\build\run.js:95:7)
    at _runTestsForDescribeBlock (E:\breakapp\backend\node_modules\jest-circus\build\run.js:121:9)
    at run (E:\breakapp\backend\node_modules\jest-circus\build\run.js:71:3)
    at runAndTransformResultsToJestFormat (E:\breakapp\backend\node_modules\jest-circus\build\legacy-code-todo-rewrite\jestAdapterInit.js:122:21)
    at jestAdapter (E:\breakapp\backend\node_modules\jest-circus\build\legacy-code-todo-rewrite\jestAdapter.js:79:19)
    at runTestInternal (E:\breakapp\backend\node_modules\jest-runner\build\runTest.js:367:16)
    at runTest (E:\breakapp\backend\node_modules\jest-runner\build\runTest.js:444:34)
    at Object.worker (E:\breakapp\backend\node_modules\jest-runner\build\testWorker.js:106:12)</failure>
    </testcase>
    <testcase classname="Admin API Integration Tests GET /api/v1/admin/restaurants should include restaurant statistics" name="Admin API Integration Tests GET /api/v1/admin/restaurants should include restaurant statistics" time="0">
      <failure>TypeError: generateUserToken is not a function
    at Object.generateUserToken (E:\breakapp\backend\tests\integration\api\admin.test.js:16:18)
    at Promise.then.completed (E:\breakapp\backend\node_modules\jest-circus\build\utils.js:298:28)
    at new Promise (&lt;anonymous&gt;)
    at callAsyncCircusFn (E:\breakapp\backend\node_modules\jest-circus\build\utils.js:231:10)
    at _callCircusHook (E:\breakapp\backend\node_modules\jest-circus\build\run.js:281:40)
    at processTicksAndRejections (node:internal/process/task_queues:95:5)
    at _runTestsForDescribeBlock (E:\breakapp\backend\node_modules\jest-circus\build\run.js:95:7)
    at _runTestsForDescribeBlock (E:\breakapp\backend\node_modules\jest-circus\build\run.js:121:9)
    at run (E:\breakapp\backend\node_modules\jest-circus\build\run.js:71:3)
    at runAndTransformResultsToJestFormat (E:\breakapp\backend\node_modules\jest-circus\build\legacy-code-todo-rewrite\jestAdapterInit.js:122:21)
    at jestAdapter (E:\breakapp\backend\node_modules\jest-circus\build\legacy-code-todo-rewrite\jestAdapter.js:79:19)
    at runTestInternal (E:\breakapp\backend\node_modules\jest-runner\build\runTest.js:367:16)
    at runTest (E:\breakapp\backend\node_modules\jest-runner\build\runTest.js:444:34)
    at Object.worker (E:\breakapp\backend\node_modules\jest-runner\build\testWorker.js:106:12)</failure>
    </testcase>
    <testcase classname="Admin API Integration Tests PUT /api/v1/admin/restaurants/:id/toggle should toggle restaurant active status" name="Admin API Integration Tests PUT /api/v1/admin/restaurants/:id/toggle should toggle restaurant active status" time="0.001">
      <failure>TypeError: generateUserToken is not a function
    at Object.generateUserToken (E:\breakapp\backend\tests\integration\api\admin.test.js:16:18)
    at Promise.then.completed (E:\breakapp\backend\node_modules\jest-circus\build\utils.js:298:28)
    at new Promise (&lt;anonymous&gt;)
    at callAsyncCircusFn (E:\breakapp\backend\node_modules\jest-circus\build\utils.js:231:10)
    at _callCircusHook (E:\breakapp\backend\node_modules\jest-circus\build\run.js:281:40)
    at processTicksAndRejections (node:internal/process/task_queues:95:5)
    at _runTestsForDescribeBlock (E:\breakapp\backend\node_modules\jest-circus\build\run.js:95:7)
    at _runTestsForDescribeBlock (E:\breakapp\backend\node_modules\jest-circus\build\run.js:121:9)
    at run (E:\breakapp\backend\node_modules\jest-circus\build\run.js:71:3)
    at runAndTransformResultsToJestFormat (E:\breakapp\backend\node_modules\jest-circus\build\legacy-code-todo-rewrite\jestAdapterInit.js:122:21)
    at jestAdapter (E:\breakapp\backend\node_modules\jest-circus\build\legacy-code-todo-rewrite\jestAdapter.js:79:19)
    at runTestInternal (E:\breakapp\backend\node_modules\jest-runner\build\runTest.js:367:16)
    at runTest (E:\breakapp\backend\node_modules\jest-runner\build\runTest.js:444:34)
    at Object.worker (E:\breakapp\backend\node_modules\jest-runner\build\testWorker.js:106:12)</failure>
    </testcase>
    <testcase classname="Admin API Integration Tests PUT /api/v1/admin/restaurants/:id/toggle should activate inactive restaurant" name="Admin API Integration Tests PUT /api/v1/admin/restaurants/:id/toggle should activate inactive restaurant" time="0">
      <failure>TypeError: generateUserToken is not a function
    at Object.generateUserToken (E:\breakapp\backend\tests\integration\api\admin.test.js:16:18)
    at Promise.then.completed (E:\breakapp\backend\node_modules\jest-circus\build\utils.js:298:28)
    at new Promise (&lt;anonymous&gt;)
    at callAsyncCircusFn (E:\breakapp\backend\node_modules\jest-circus\build\utils.js:231:10)
    at _callCircusHook (E:\breakapp\backend\node_modules\jest-circus\build\run.js:281:40)
    at processTicksAndRejections (node:internal/process/task_queues:95:5)
    at _runTestsForDescribeBlock (E:\breakapp\backend\node_modules\jest-circus\build\run.js:95:7)
    at _runTestsForDescribeBlock (E:\breakapp\backend\node_modules\jest-circus\build\run.js:121:9)
    at run (E:\breakapp\backend\node_modules\jest-circus\build\run.js:71:3)
    at runAndTransformResultsToJestFormat (E:\breakapp\backend\node_modules\jest-circus\build\legacy-code-todo-rewrite\jestAdapterInit.js:122:21)
    at jestAdapter (E:\breakapp\backend\node_modules\jest-circus\build\legacy-code-todo-rewrite\jestAdapter.js:79:19)
    at runTestInternal (E:\breakapp\backend\node_modules\jest-runner\build\runTest.js:367:16)
    at runTest (E:\breakapp\backend\node_modules\jest-runner\build\runTest.js:444:34)
    at Object.worker (E:\breakapp\backend\node_modules\jest-runner\build\testWorker.js:106:12)</failure>
    </testcase>
    <testcase classname="Admin API Integration Tests GET /api/v1/admin/restaurants/:id/menu should return restaurant menu items" name="Admin API Integration Tests GET /api/v1/admin/restaurants/:id/menu should return restaurant menu items" time="0">
      <failure>TypeError: generateUserToken is not a function
    at Object.generateUserToken (E:\breakapp\backend\tests\integration\api\admin.test.js:16:18)
    at Promise.then.completed (E:\breakapp\backend\node_modules\jest-circus\build\utils.js:298:28)
    at new Promise (&lt;anonymous&gt;)
    at callAsyncCircusFn (E:\breakapp\backend\node_modules\jest-circus\build\utils.js:231:10)
    at _callCircusHook (E:\breakapp\backend\node_modules\jest-circus\build\run.js:281:40)
    at processTicksAndRejections (node:internal/process/task_queues:95:5)
    at _runTestsForDescribeBlock (E:\breakapp\backend\node_modules\jest-circus\build\run.js:95:7)
    at _runTestsForDescribeBlock (E:\breakapp\backend\node_modules\jest-circus\build\run.js:121:9)
    at run (E:\breakapp\backend\node_modules\jest-circus\build\run.js:71:3)
    at runAndTransformResultsToJestFormat (E:\breakapp\backend\node_modules\jest-circus\build\legacy-code-todo-rewrite\jestAdapterInit.js:122:21)
    at jestAdapter (E:\breakapp\backend\node_modules\jest-circus\build\legacy-code-todo-rewrite\jestAdapter.js:79:19)
    at runTestInternal (E:\breakapp\backend\node_modules\jest-runner\build\runTest.js:367:16)
    at runTest (E:\breakapp\backend\node_modules\jest-runner\build\runTest.js:444:34)
    at Object.worker (E:\breakapp\backend\node_modules\jest-runner\build\testWorker.js:106:12)</failure>
    </testcase>
    <testcase classname="Admin API Integration Tests PUT /api/v1/admin/menu/:id should update menu item details" name="Admin API Integration Tests PUT /api/v1/admin/menu/:id should update menu item details" time="0">
      <failure>TypeError: generateUserToken is not a function
    at Object.generateUserToken (E:\breakapp\backend\tests\integration\api\admin.test.js:16:18)
    at Promise.then.completed (E:\breakapp\backend\node_modules\jest-circus\build\utils.js:298:28)
    at new Promise (&lt;anonymous&gt;)
    at callAsyncCircusFn (E:\breakapp\backend\node_modules\jest-circus\build\utils.js:231:10)
    at _callCircusHook (E:\breakapp\backend\node_modules\jest-circus\build\run.js:281:40)
    at processTicksAndRejections (node:internal/process/task_queues:95:5)
    at _runTestsForDescribeBlock (E:\breakapp\backend\node_modules\jest-circus\build\run.js:95:7)
    at _runTestsForDescribeBlock (E:\breakapp\backend\node_modules\jest-circus\build\run.js:121:9)
    at run (E:\breakapp\backend\node_modules\jest-circus\build\run.js:71:3)
    at runAndTransformResultsToJestFormat (E:\breakapp\backend\node_modules\jest-circus\build\legacy-code-todo-rewrite\jestAdapterInit.js:122:21)
    at jestAdapter (E:\breakapp\backend\node_modules\jest-circus\build\legacy-code-todo-rewrite\jestAdapter.js:79:19)
    at runTestInternal (E:\breakapp\backend\node_modules\jest-runner\build\runTest.js:367:16)
    at runTest (E:\breakapp\backend\node_modules\jest-runner\build\runTest.js:444:34)
    at Object.worker (E:\breakapp\backend\node_modules\jest-runner\build\testWorker.js:106:12)</failure>
    </testcase>
    <testcase classname="Admin API Integration Tests PUT /api/v1/admin/menu/:id should validate price is positive" name="Admin API Integration Tests PUT /api/v1/admin/menu/:id should validate price is positive" time="0">
      <failure>TypeError: generateUserToken is not a function
    at Object.generateUserToken (E:\breakapp\backend\tests\integration\api\admin.test.js:16:18)
    at Promise.then.completed (E:\breakapp\backend\node_modules\jest-circus\build\utils.js:298:28)
    at new Promise (&lt;anonymous&gt;)
    at callAsyncCircusFn (E:\breakapp\backend\node_modules\jest-circus\build\utils.js:231:10)
    at _callCircusHook (E:\breakapp\backend\node_modules\jest-circus\build\run.js:281:40)
    at processTicksAndRejections (node:internal/process/task_queues:95:5)
    at _runTestsForDescribeBlock (E:\breakapp\backend\node_modules\jest-circus\build\run.js:95:7)
    at _runTestsForDescribeBlock (E:\breakapp\backend\node_modules\jest-circus\build\run.js:121:9)
    at run (E:\breakapp\backend\node_modules\jest-circus\build\run.js:71:3)
    at runAndTransformResultsToJestFormat (E:\breakapp\backend\node_modules\jest-circus\build\legacy-code-todo-rewrite\jestAdapterInit.js:122:21)
    at jestAdapter (E:\breakapp\backend\node_modules\jest-circus\build\legacy-code-todo-rewrite\jestAdapter.js:79:19)
    at runTestInternal (E:\breakapp\backend\node_modules\jest-runner\build\runTest.js:367:16)
    at runTest (E:\breakapp\backend\node_modules\jest-runner\build\runTest.js:444:34)
    at Object.worker (E:\breakapp\backend\node_modules\jest-runner\build\testWorker.js:106:12)</failure>
    </testcase>
    <testcase classname="Admin API Integration Tests PUT /api/v1/admin/menu/:id/toggle should toggle menu item availability" name="Admin API Integration Tests PUT /api/v1/admin/menu/:id/toggle should toggle menu item availability" time="0">
      <failure>TypeError: generateUserToken is not a function
    at Object.generateUserToken (E:\breakapp\backend\tests\integration\api\admin.test.js:16:18)
    at Promise.then.completed (E:\breakapp\backend\node_modules\jest-circus\build\utils.js:298:28)
    at new Promise (&lt;anonymous&gt;)
    at callAsyncCircusFn (E:\breakapp\backend\node_modules\jest-circus\build\utils.js:231:10)
    at _callCircusHook (E:\breakapp\backend\node_modules\jest-circus\build\run.js:281:40)
    at processTicksAndRejections (node:internal/process/task_queues:95:5)
    at _runTestsForDescribeBlock (E:\breakapp\backend\node_modules\jest-circus\build\run.js:95:7)
    at _runTestsForDescribeBlock (E:\breakapp\backend\node_modules\jest-circus\build\run.js:121:9)
    at run (E:\breakapp\backend\node_modules\jest-circus\build\run.js:71:3)
    at runAndTransformResultsToJestFormat (E:\breakapp\backend\node_modules\jest-circus\build\legacy-code-todo-rewrite\jestAdapterInit.js:122:21)
    at jestAdapter (E:\breakapp\backend\node_modules\jest-circus\build\legacy-code-todo-rewrite\jestAdapter.js:79:19)
    at runTestInternal (E:\breakapp\backend\node_modules\jest-runner\build\runTest.js:367:16)
    at runTest (E:\breakapp\backend\node_modules\jest-runner\build\runTest.js:444:34)
    at Object.worker (E:\breakapp\backend\node_modules\jest-runner\build\testWorker.js:106:12)</failure>
    </testcase>
    <testcase classname="Admin API Integration Tests GET /api/v1/admin/users should return all users for admin" name="Admin API Integration Tests GET /api/v1/admin/users should return all users for admin" time="0">
      <failure>TypeError: generateUserToken is not a function
    at Object.generateUserToken (E:\breakapp\backend\tests\integration\api\admin.test.js:16:18)
    at Promise.then.completed (E:\breakapp\backend\node_modules\jest-circus\build\utils.js:298:28)
    at new Promise (&lt;anonymous&gt;)
    at callAsyncCircusFn (E:\breakapp\backend\node_modules\jest-circus\build\utils.js:231:10)
    at _callCircusHook (E:\breakapp\backend\node_modules\jest-circus\build\run.js:281:40)
    at processTicksAndRejections (node:internal/process/task_queues:95:5)
    at _runTestsForDescribeBlock (E:\breakapp\backend\node_modules\jest-circus\build\run.js:95:7)
    at _runTestsForDescribeBlock (E:\breakapp\backend\node_modules\jest-circus\build\run.js:121:9)
    at run (E:\breakapp\backend\node_modules\jest-circus\build\run.js:71:3)
    at runAndTransformResultsToJestFormat (E:\breakapp\backend\node_modules\jest-circus\build\legacy-code-todo-rewrite\jestAdapterInit.js:122:21)
    at jestAdapter (E:\breakapp\backend\node_modules\jest-circus\build\legacy-code-todo-rewrite\jestAdapter.js:79:19)
    at runTestInternal (E:\breakapp\backend\node_modules\jest-runner\build\runTest.js:367:16)
    at runTest (E:\breakapp\backend\node_modules\jest-runner\build\runTest.js:444:34)
    at Object.worker (E:\breakapp\backend\node_modules\jest-runner\build\testWorker.js:106:12)</failure>
    </testcase>
    <testcase classname="Admin API Integration Tests GET /api/v1/admin/users should support filtering by role" name="Admin API Integration Tests GET /api/v1/admin/users should support filtering by role" time="0">
      <failure>TypeError: generateUserToken is not a function
    at Object.generateUserToken (E:\breakapp\backend\tests\integration\api\admin.test.js:16:18)
    at Promise.then.completed (E:\breakapp\backend\node_modules\jest-circus\build\utils.js:298:28)
    at new Promise (&lt;anonymous&gt;)
    at callAsyncCircusFn (E:\breakapp\backend\node_modules\jest-circus\build\utils.js:231:10)
    at _callCircusHook (E:\breakapp\backend\node_modules\jest-circus\build\run.js:281:40)
    at processTicksAndRejections (node:internal/process/task_queues:95:5)
    at _runTestsForDescribeBlock (E:\breakapp\backend\node_modules\jest-circus\build\run.js:95:7)
    at _runTestsForDescribeBlock (E:\breakapp\backend\node_modules\jest-circus\build\run.js:121:9)
    at run (E:\breakapp\backend\node_modules\jest-circus\build\run.js:71:3)
    at runAndTransformResultsToJestFormat (E:\breakapp\backend\node_modules\jest-circus\build\legacy-code-todo-rewrite\jestAdapterInit.js:122:21)
    at jestAdapter (E:\breakapp\backend\node_modules\jest-circus\build\legacy-code-todo-rewrite\jestAdapter.js:79:19)
    at runTestInternal (E:\breakapp\backend\node_modules\jest-runner\build\runTest.js:367:16)
    at runTest (E:\breakapp\backend\node_modules\jest-runner\build\runTest.js:444:34)
    at Object.worker (E:\breakapp\backend\node_modules\jest-runner\build\testWorker.js:106:12)</failure>
    </testcase>
    <testcase classname="Admin API Integration Tests GET /api/v1/admin/users should not expose password hashes" name="Admin API Integration Tests GET /api/v1/admin/users should not expose password hashes" time="0">
      <failure>TypeError: generateUserToken is not a function
    at Object.generateUserToken (E:\breakapp\backend\tests\integration\api\admin.test.js:16:18)
    at Promise.then.completed (E:\breakapp\backend\node_modules\jest-circus\build\utils.js:298:28)
    at new Promise (&lt;anonymous&gt;)
    at callAsyncCircusFn (E:\breakapp\backend\node_modules\jest-circus\build\utils.js:231:10)
    at _callCircusHook (E:\breakapp\backend\node_modules\jest-circus\build\run.js:281:40)
    at processTicksAndRejections (node:internal/process/task_queues:95:5)
    at _runTestsForDescribeBlock (E:\breakapp\backend\node_modules\jest-circus\build\run.js:95:7)
    at _runTestsForDescribeBlock (E:\breakapp\backend\node_modules\jest-circus\build\run.js:121:9)
    at run (E:\breakapp\backend\node_modules\jest-circus\build\run.js:71:3)
    at runAndTransformResultsToJestFormat (E:\breakapp\backend\node_modules\jest-circus\build\legacy-code-todo-rewrite\jestAdapterInit.js:122:21)
    at jestAdapter (E:\breakapp\backend\node_modules\jest-circus\build\legacy-code-todo-rewrite\jestAdapter.js:79:19)
    at runTestInternal (E:\breakapp\backend\node_modules\jest-runner\build\runTest.js:367:16)
    at runTest (E:\breakapp\backend\node_modules\jest-runner\build\runTest.js:444:34)
    at Object.worker (E:\breakapp\backend\node_modules\jest-runner\build\testWorker.js:106:12)</failure>
    </testcase>
    <testcase classname="Admin API Integration Tests PUT /api/v1/admin/users/:id/toggle should toggle user active status" name="Admin API Integration Tests PUT /api/v1/admin/users/:id/toggle should toggle user active status" time="0">
      <failure>TypeError: generateUserToken is not a function
    at Object.generateUserToken (E:\breakapp\backend\tests\integration\api\admin.test.js:16:18)
    at Promise.then.completed (E:\breakapp\backend\node_modules\jest-circus\build\utils.js:298:28)
    at new Promise (&lt;anonymous&gt;)
    at callAsyncCircusFn (E:\breakapp\backend\node_modules\jest-circus\build\utils.js:231:10)
    at _callCircusHook (E:\breakapp\backend\node_modules\jest-circus\build\run.js:281:40)
    at processTicksAndRejections (node:internal/process/task_queues:95:5)
    at _runTestsForDescribeBlock (E:\breakapp\backend\node_modules\jest-circus\build\run.js:95:7)
    at _runTestsForDescribeBlock (E:\breakapp\backend\node_modules\jest-circus\build\run.js:121:9)
    at run (E:\breakapp\backend\node_modules\jest-circus\build\run.js:71:3)
    at runAndTransformResultsToJestFormat (E:\breakapp\backend\node_modules\jest-circus\build\legacy-code-todo-rewrite\jestAdapterInit.js:122:21)
    at jestAdapter (E:\breakapp\backend\node_modules\jest-circus\build\legacy-code-todo-rewrite\jestAdapter.js:79:19)
    at runTestInternal (E:\breakapp\backend\node_modules\jest-runner\build\runTest.js:367:16)
    at runTest (E:\breakapp\backend\node_modules\jest-runner\build\runTest.js:444:34)
    at Object.worker (E:\breakapp\backend\node_modules\jest-runner\build\testWorker.js:106:12)</failure>
    </testcase>
    <testcase classname="Admin API Integration Tests PUT /api/v1/admin/users/:id/toggle should not allow admin to deactivate themselves" name="Admin API Integration Tests PUT /api/v1/admin/users/:id/toggle should not allow admin to deactivate themselves" time="0">
      <failure>TypeError: generateUserToken is not a function
    at Object.generateUserToken (E:\breakapp\backend\tests\integration\api\admin.test.js:16:18)
    at Promise.then.completed (E:\breakapp\backend\node_modules\jest-circus\build\utils.js:298:28)
    at new Promise (&lt;anonymous&gt;)
    at callAsyncCircusFn (E:\breakapp\backend\node_modules\jest-circus\build\utils.js:231:10)
    at _callCircusHook (E:\breakapp\backend\node_modules\jest-circus\build\run.js:281:40)
    at processTicksAndRejections (node:internal/process/task_queues:95:5)
    at _runTestsForDescribeBlock (E:\breakapp\backend\node_modules\jest-circus\build\run.js:95:7)
    at _runTestsForDescribeBlock (E:\breakapp\backend\node_modules\jest-circus\build\run.js:121:9)
    at run (E:\breakapp\backend\node_modules\jest-circus\build\run.js:71:3)
    at runAndTransformResultsToJestFormat (E:\breakapp\backend\node_modules\jest-circus\build\legacy-code-todo-rewrite\jestAdapterInit.js:122:21)
    at jestAdapter (E:\breakapp\backend\node_modules\jest-circus\build\legacy-code-todo-rewrite\jestAdapter.js:79:19)
    at runTestInternal (E:\breakapp\backend\node_modules\jest-runner\build\runTest.js:367:16)
    at runTest (E:\breakapp\backend\node_modules\jest-runner\build\runTest.js:444:34)
    at Object.worker (E:\breakapp\backend\node_modules\jest-runner\build\testWorker.js:106:12)</failure>
    </testcase>
    <testcase classname="Admin API Integration Tests POST /api/v1/admin/notifications/send should send notification to user" name="Admin API Integration Tests POST /api/v1/admin/notifications/send should send notification to user" time="0">
      <failure>TypeError: generateUserToken is not a function
    at Object.generateUserToken (E:\breakapp\backend\tests\integration\api\admin.test.js:16:18)
    at Promise.then.completed (E:\breakapp\backend\node_modules\jest-circus\build\utils.js:298:28)
    at new Promise (&lt;anonymous&gt;)
    at callAsyncCircusFn (E:\breakapp\backend\node_modules\jest-circus\build\utils.js:231:10)
    at _callCircusHook (E:\breakapp\backend\node_modules\jest-circus\build\run.js:281:40)
    at processTicksAndRejections (node:internal/process/task_queues:95:5)
    at _runTestsForDescribeBlock (E:\breakapp\backend\node_modules\jest-circus\build\run.js:95:7)
    at _runTestsForDescribeBlock (E:\breakapp\backend\node_modules\jest-circus\build\run.js:121:9)
    at run (E:\breakapp\backend\node_modules\jest-circus\build\run.js:71:3)
    at runAndTransformResultsToJestFormat (E:\breakapp\backend\node_modules\jest-circus\build\legacy-code-todo-rewrite\jestAdapterInit.js:122:21)
    at jestAdapter (E:\breakapp\backend\node_modules\jest-circus\build\legacy-code-todo-rewrite\jestAdapter.js:79:19)
    at runTestInternal (E:\breakapp\backend\node_modules\jest-runner\build\runTest.js:367:16)
    at runTest (E:\breakapp\backend\node_modules\jest-runner\build\runTest.js:444:34)
    at Object.worker (E:\breakapp\backend\node_modules\jest-runner\build\testWorker.js:106:12)</failure>
    </testcase>
    <testcase classname="Admin API Integration Tests POST /api/v1/admin/notifications/send should send bulk notification to all users" name="Admin API Integration Tests POST /api/v1/admin/notifications/send should send bulk notification to all users" time="0">
      <failure>TypeError: generateUserToken is not a function
    at Object.generateUserToken (E:\breakapp\backend\tests\integration\api\admin.test.js:16:18)
    at Promise.then.completed (E:\breakapp\backend\node_modules\jest-circus\build\utils.js:298:28)
    at new Promise (&lt;anonymous&gt;)
    at callAsyncCircusFn (E:\breakapp\backend\node_modules\jest-circus\build\utils.js:231:10)
    at _callCircusHook (E:\breakapp\backend\node_modules\jest-circus\build\run.js:281:40)
    at processTicksAndRejections (node:internal/process/task_queues:95:5)
    at _runTestsForDescribeBlock (E:\breakapp\backend\node_modules\jest-circus\build\run.js:95:7)
    at _runTestsForDescribeBlock (E:\breakapp\backend\node_modules\jest-circus\build\run.js:121:9)
    at run (E:\breakapp\backend\node_modules\jest-circus\build\run.js:71:3)
    at runAndTransformResultsToJestFormat (E:\breakapp\backend\node_modules\jest-circus\build\legacy-code-todo-rewrite\jestAdapterInit.js:122:21)
    at jestAdapter (E:\breakapp\backend\node_modules\jest-circus\build\legacy-code-todo-rewrite\jestAdapter.js:79:19)
    at runTestInternal (E:\breakapp\backend\node_modules\jest-runner\build\runTest.js:367:16)
    at runTest (E:\breakapp\backend\node_modules\jest-runner\build\runTest.js:444:34)
    at Object.worker (E:\breakapp\backend\node_modules\jest-runner\build\testWorker.js:106:12)</failure>
    </testcase>
    <testcase classname="Admin API Integration Tests Authorization should require ADMIN or PRODUCER role" name="Admin API Integration Tests Authorization should require ADMIN or PRODUCER role" time="0">
      <failure>TypeError: generateUserToken is not a function
    at Object.generateUserToken (E:\breakapp\backend\tests\integration\api\admin.test.js:16:18)
    at Promise.then.completed (E:\breakapp\backend\node_modules\jest-circus\build\utils.js:298:28)
    at new Promise (&lt;anonymous&gt;)
    at callAsyncCircusFn (E:\breakapp\backend\node_modules\jest-circus\build\utils.js:231:10)
    at _callCircusHook (E:\breakapp\backend\node_modules\jest-circus\build\run.js:281:40)
    at processTicksAndRejections (node:internal/process/task_queues:95:5)
    at _runTestsForDescribeBlock (E:\breakapp\backend\node_modules\jest-circus\build\run.js:95:7)
    at _runTestsForDescribeBlock (E:\breakapp\backend\node_modules\jest-circus\build\run.js:121:9)
    at run (E:\breakapp\backend\node_modules\jest-circus\build\run.js:71:3)
    at runAndTransformResultsToJestFormat (E:\breakapp\backend\node_modules\jest-circus\build\legacy-code-todo-rewrite\jestAdapterInit.js:122:21)
    at jestAdapter (E:\breakapp\backend\node_modules\jest-circus\build\legacy-code-todo-rewrite\jestAdapter.js:79:19)
    at runTestInternal (E:\breakapp\backend\node_modules\jest-runner\build\runTest.js:367:16)
    at runTest (E:\breakapp\backend\node_modules\jest-runner\build\runTest.js:444:34)
    at Object.worker (E:\breakapp\backend\node_modules\jest-runner\build\testWorker.js:106:12)</failure>
    </testcase>
    <testcase classname="Admin API Integration Tests Authorization should reject requests without token" name="Admin API Integration Tests Authorization should reject requests without token" time="0">
      <failure>TypeError: generateUserToken is not a function
    at Object.generateUserToken (E:\breakapp\backend\tests\integration\api\admin.test.js:16:18)
    at Promise.then.completed (E:\breakapp\backend\node_modules\jest-circus\build\utils.js:298:28)
    at new Promise (&lt;anonymous&gt;)
    at callAsyncCircusFn (E:\breakapp\backend\node_modules\jest-circus\build\utils.js:231:10)
    at _callCircusHook (E:\breakapp\backend\node_modules\jest-circus\build\run.js:281:40)
    at processTicksAndRejections (node:internal/process/task_queues:95:5)
    at _runTestsForDescribeBlock (E:\breakapp\backend\node_modules\jest-circus\build\run.js:95:7)
    at _runTestsForDescribeBlock (E:\breakapp\backend\node_modules\jest-circus\build\run.js:121:9)
    at run (E:\breakapp\backend\node_modules\jest-circus\build\run.js:71:3)
    at runAndTransformResultsToJestFormat (E:\breakapp\backend\node_modules\jest-circus\build\legacy-code-todo-rewrite\jestAdapterInit.js:122:21)
    at jestAdapter (E:\breakapp\backend\node_modules\jest-circus\build\legacy-code-todo-rewrite\jestAdapter.js:79:19)
    at runTestInternal (E:\breakapp\backend\node_modules\jest-runner\build\runTest.js:367:16)
    at runTest (E:\breakapp\backend\node_modules\jest-runner\build\runTest.js:444:34)
    at Object.worker (E:\breakapp\backend\node_modules\jest-runner\build\testWorker.js:106:12)</failure>
    </testcase>
    <testcase classname="Admin API Integration Tests Authorization should reject requests with invalid token" name="Admin API Integration Tests Authorization should reject requests with invalid token" time="0">
      <failure>TypeError: generateUserToken is not a function
    at Object.generateUserToken (E:\breakapp\backend\tests\integration\api\admin.test.js:16:18)
    at Promise.then.completed (E:\breakapp\backend\node_modules\jest-circus\build\utils.js:298:28)
    at new Promise (&lt;anonymous&gt;)
    at callAsyncCircusFn (E:\breakapp\backend\node_modules\jest-circus\build\utils.js:231:10)
    at _callCircusHook (E:\breakapp\backend\node_modules\jest-circus\build\run.js:281:40)
    at processTicksAndRejections (node:internal/process/task_queues:95:5)
    at _runTestsForDescribeBlock (E:\breakapp\backend\node_modules\jest-circus\build\run.js:95:7)
    at _runTestsForDescribeBlock (E:\breakapp\backend\node_modules\jest-circus\build\run.js:121:9)
    at run (E:\breakapp\backend\node_modules\jest-circus\build\run.js:71:3)
    at runAndTransformResultsToJestFormat (E:\breakapp\backend\node_modules\jest-circus\build\legacy-code-todo-rewrite\jestAdapterInit.js:122:21)
    at jestAdapter (E:\breakapp\backend\node_modules\jest-circus\build\legacy-code-todo-rewrite\jestAdapter.js:79:19)
    at runTestInternal (E:\breakapp\backend\node_modules\jest-runner\build\runTest.js:367:16)
    at runTest (E:\breakapp\backend\node_modules\jest-runner\build\runTest.js:444:34)
    at Object.worker (E:\breakapp\backend\node_modules\jest-runner\build\testWorker.js:106:12)</failure>
    </testcase>
    <testcase classname="Admin API Integration Tests Authorization should reject requests from regular users" name="Admin API Integration Tests Authorization should reject requests from regular users" time="0">
      <failure>TypeError: generateUserToken is not a function
    at Object.generateUserToken (E:\breakapp\backend\tests\integration\api\admin.test.js:16:18)
    at Promise.then.completed (E:\breakapp\backend\node_modules\jest-circus\build\utils.js:298:28)
    at new Promise (&lt;anonymous&gt;)
    at callAsyncCircusFn (E:\breakapp\backend\node_modules\jest-circus\build\utils.js:231:10)
    at _callCircusHook (E:\breakapp\backend\node_modules\jest-circus\build\run.js:281:40)
    at processTicksAndRejections (node:internal/process/task_queues:95:5)
    at _runTestsForDescribeBlock (E:\breakapp\backend\node_modules\jest-circus\build\run.js:95:7)
    at _runTestsForDescribeBlock (E:\breakapp\backend\node_modules\jest-circus\build\run.js:121:9)
    at run (E:\breakapp\backend\node_modules\jest-circus\build\run.js:71:3)
    at runAndTransformResultsToJestFormat (E:\breakapp\backend\node_modules\jest-circus\build\legacy-code-todo-rewrite\jestAdapterInit.js:122:21)
    at jestAdapter (E:\breakapp\backend\node_modules\jest-circus\build\legacy-code-todo-rewrite\jestAdapter.js:79:19)
    at runTestInternal (E:\breakapp\backend\node_modules\jest-runner\build\runTest.js:367:16)
    at runTest (E:\breakapp\backend\node_modules\jest-runner\build\runTest.js:444:34)
    at Object.worker (E:\breakapp\backend\node_modules\jest-runner\build\testWorker.js:106:12)</failure>
    </testcase>
    <testcase classname="Admin API Integration Tests Audit Logging should log admin actions" name="Admin API Integration Tests Audit Logging should log admin actions" time="0">
      <failure>TypeError: generateUserToken is not a function
    at Object.generateUserToken (E:\breakapp\backend\tests\integration\api\admin.test.js:16:18)
    at Promise.then.completed (E:\breakapp\backend\node_modules\jest-circus\build\utils.js:298:28)
    at new Promise (&lt;anonymous&gt;)
    at callAsyncCircusFn (E:\breakapp\backend\node_modules\jest-circus\build\utils.js:231:10)
    at _callCircusHook (E:\breakapp\backend\node_modules\jest-circus\build\run.js:281:40)
    at processTicksAndRejections (node:internal/process/task_queues:95:5)
    at _runTestsForDescribeBlock (E:\breakapp\backend\node_modules\jest-circus\build\run.js:95:7)
    at _runTestsForDescribeBlock (E:\breakapp\backend\node_modules\jest-circus\build\run.js:121:9)
    at run (E:\breakapp\backend\node_modules\jest-circus\build\run.js:71:3)
    at runAndTransformResultsToJestFormat (E:\breakapp\backend\node_modules\jest-circus\build\legacy-code-todo-rewrite\jestAdapterInit.js:122:21)
    at jestAdapter (E:\breakapp\backend\node_modules\jest-circus\build\legacy-code-todo-rewrite\jestAdapter.js:79:19)
    at runTestInternal (E:\breakapp\backend\node_modules\jest-runner\build\runTest.js:367:16)
    at runTest (E:\breakapp\backend\node_modules\jest-runner\build\runTest.js:444:34)
    at Object.worker (E:\breakapp\backend\node_modules\jest-runner\build\testWorker.js:106:12)</failure>
    </testcase>
  </testsuite>
  <testsuite name="Orders API Integration Tests" errors="0" failures="36" skipped="0" timestamp="2025-12-28T10:11:25" time="2.091" tests="36">
    <testcase classname="Orders API Integration Tests POST /api/v1/orders should create order with valid data" name="Orders API Integration Tests POST /api/v1/orders should create order with valid data" time="0.014">
      <failure>TypeError: generateUserToken is not a function
    at Object.generateUserToken (E:\breakapp\backend\tests\integration\api\orders.test.js:15:17)
    at Promise.then.completed (E:\breakapp\backend\node_modules\jest-circus\build\utils.js:298:28)
    at new Promise (&lt;anonymous&gt;)
    at callAsyncCircusFn (E:\breakapp\backend\node_modules\jest-circus\build\utils.js:231:10)
    at _callCircusHook (E:\breakapp\backend\node_modules\jest-circus\build\run.js:281:40)
    at processTicksAndRejections (node:internal/process/task_queues:95:5)
    at _runTestsForDescribeBlock (E:\breakapp\backend\node_modules\jest-circus\build\run.js:95:7)
    at _runTestsForDescribeBlock (E:\breakapp\backend\node_modules\jest-circus\build\run.js:121:9)
    at run (E:\breakapp\backend\node_modules\jest-circus\build\run.js:71:3)
    at runAndTransformResultsToJestFormat (E:\breakapp\backend\node_modules\jest-circus\build\legacy-code-todo-rewrite\jestAdapterInit.js:122:21)
    at jestAdapter (E:\breakapp\backend\node_modules\jest-circus\build\legacy-code-todo-rewrite\jestAdapter.js:79:19)
    at runTestInternal (E:\breakapp\backend\node_modules\jest-runner\build\runTest.js:367:16)
    at runTest (E:\breakapp\backend\node_modules\jest-runner\build\runTest.js:444:34)
    at Object.worker (E:\breakapp\backend\node_modules\jest-runner\build\testWorker.js:106:12)</failure>
    </testcase>
    <testcase classname="Orders API Integration Tests POST /api/v1/orders should validate restaurant exists and is active" name="Orders API Integration Tests POST /api/v1/orders should validate restaurant exists and is active" time="0">
      <failure>TypeError: generateUserToken is not a function
    at Object.generateUserToken (E:\breakapp\backend\tests\integration\api\orders.test.js:15:17)
    at Promise.then.completed (E:\breakapp\backend\node_modules\jest-circus\build\utils.js:298:28)
    at new Promise (&lt;anonymous&gt;)
    at callAsyncCircusFn (E:\breakapp\backend\node_modules\jest-circus\build\utils.js:231:10)
    at _callCircusHook (E:\breakapp\backend\node_modules\jest-circus\build\run.js:281:40)
    at processTicksAndRejections (node:internal/process/task_queues:95:5)
    at _runTestsForDescribeBlock (E:\breakapp\backend\node_modules\jest-circus\build\run.js:95:7)
    at _runTestsForDescribeBlock (E:\breakapp\backend\node_modules\jest-circus\build\run.js:121:9)
    at run (E:\breakapp\backend\node_modules\jest-circus\build\run.js:71:3)
    at runAndTransformResultsToJestFormat (E:\breakapp\backend\node_modules\jest-circus\build\legacy-code-todo-rewrite\jestAdapterInit.js:122:21)
    at jestAdapter (E:\breakapp\backend\node_modules\jest-circus\build\legacy-code-todo-rewrite\jestAdapter.js:79:19)
    at runTestInternal (E:\breakapp\backend\node_modules\jest-runner\build\runTest.js:367:16)
    at runTest (E:\breakapp\backend\node_modules\jest-runner\build\runTest.js:444:34)
    at Object.worker (E:\breakapp\backend\node_modules\jest-runner\build\testWorker.js:106:12)</failure>
    </testcase>
    <testcase classname="Orders API Integration Tests POST /api/v1/orders should reject order for inactive restaurant" name="Orders API Integration Tests POST /api/v1/orders should reject order for inactive restaurant" time="0.008">
      <failure>TypeError: generateUserToken is not a function
    at Object.generateUserToken (E:\breakapp\backend\tests\integration\api\orders.test.js:15:17)
    at Promise.then.completed (E:\breakapp\backend\node_modules\jest-circus\build\utils.js:298:28)
    at new Promise (&lt;anonymous&gt;)
    at callAsyncCircusFn (E:\breakapp\backend\node_modules\jest-circus\build\utils.js:231:10)
    at _callCircusHook (E:\breakapp\backend\node_modules\jest-circus\build\run.js:281:40)
    at processTicksAndRejections (node:internal/process/task_queues:95:5)
    at _runTestsForDescribeBlock (E:\breakapp\backend\node_modules\jest-circus\build\run.js:95:7)
    at _runTestsForDescribeBlock (E:\breakapp\backend\node_modules\jest-circus\build\run.js:121:9)
    at run (E:\breakapp\backend\node_modules\jest-circus\build\run.js:71:3)
    at runAndTransformResultsToJestFormat (E:\breakapp\backend\node_modules\jest-circus\build\legacy-code-todo-rewrite\jestAdapterInit.js:122:21)
    at jestAdapter (E:\breakapp\backend\node_modules\jest-circus\build\legacy-code-todo-rewrite\jestAdapter.js:79:19)
    at runTestInternal (E:\breakapp\backend\node_modules\jest-runner\build\runTest.js:367:16)
    at runTest (E:\breakapp\backend\node_modules\jest-runner\build\runTest.js:444:34)
    at Object.worker (E:\breakapp\backend\node_modules\jest-runner\build\testWorker.js:106:12)</failure>
    </testcase>
    <testcase classname="Orders API Integration Tests POST /api/v1/orders should validate all menu items exist and are available" name="Orders API Integration Tests POST /api/v1/orders should validate all menu items exist and are available" time="0.003">
      <failure>TypeError: generateUserToken is not a function
    at Object.generateUserToken (E:\breakapp\backend\tests\integration\api\orders.test.js:15:17)
    at Promise.then.completed (E:\breakapp\backend\node_modules\jest-circus\build\utils.js:298:28)
    at new Promise (&lt;anonymous&gt;)
    at callAsyncCircusFn (E:\breakapp\backend\node_modules\jest-circus\build\utils.js:231:10)
    at _callCircusHook (E:\breakapp\backend\node_modules\jest-circus\build\run.js:281:40)
    at processTicksAndRejections (node:internal/process/task_queues:95:5)
    at _runTestsForDescribeBlock (E:\breakapp\backend\node_modules\jest-circus\build\run.js:95:7)
    at _runTestsForDescribeBlock (E:\breakapp\backend\node_modules\jest-circus\build\run.js:121:9)
    at run (E:\breakapp\backend\node_modules\jest-circus\build\run.js:71:3)
    at runAndTransformResultsToJestFormat (E:\breakapp\backend\node_modules\jest-circus\build\legacy-code-todo-rewrite\jestAdapterInit.js:122:21)
    at jestAdapter (E:\breakapp\backend\node_modules\jest-circus\build\legacy-code-todo-rewrite\jestAdapter.js:79:19)
    at runTestInternal (E:\breakapp\backend\node_modules\jest-runner\build\runTest.js:367:16)
    at runTest (E:\breakapp\backend\node_modules\jest-runner\build\runTest.js:444:34)
    at Object.worker (E:\breakapp\backend\node_modules\jest-runner\build\testWorker.js:106:12)</failure>
    </testcase>
    <testcase classname="Orders API Integration Tests POST /api/v1/orders should reject unavailable menu items" name="Orders API Integration Tests POST /api/v1/orders should reject unavailable menu items" time="0">
      <failure>TypeError: generateUserToken is not a function
    at Object.generateUserToken (E:\breakapp\backend\tests\integration\api\orders.test.js:15:17)
    at Promise.then.completed (E:\breakapp\backend\node_modules\jest-circus\build\utils.js:298:28)
    at new Promise (&lt;anonymous&gt;)
    at callAsyncCircusFn (E:\breakapp\backend\node_modules\jest-circus\build\utils.js:231:10)
    at _callCircusHook (E:\breakapp\backend\node_modules\jest-circus\build\run.js:281:40)
    at processTicksAndRejections (node:internal/process/task_queues:95:5)
    at _runTestsForDescribeBlock (E:\breakapp\backend\node_modules\jest-circus\build\run.js:95:7)
    at _runTestsForDescribeBlock (E:\breakapp\backend\node_modules\jest-circus\build\run.js:121:9)
    at run (E:\breakapp\backend\node_modules\jest-circus\build\run.js:71:3)
    at runAndTransformResultsToJestFormat (E:\breakapp\backend\node_modules\jest-circus\build\legacy-code-todo-rewrite\jestAdapterInit.js:122:21)
    at jestAdapter (E:\breakapp\backend\node_modules\jest-circus\build\legacy-code-todo-rewrite\jestAdapter.js:79:19)
    at runTestInternal (E:\breakapp\backend\node_modules\jest-runner\build\runTest.js:367:16)
    at runTest (E:\breakapp\backend\node_modules\jest-runner\build\runTest.js:444:34)
    at Object.worker (E:\breakapp\backend\node_modules\jest-runner\build\testWorker.js:106:12)</failure>
    </testcase>
    <testcase classname="Orders API Integration Tests POST /api/v1/orders should calculate total correctly" name="Orders API Integration Tests POST /api/v1/orders should calculate total correctly" time="0">
      <failure>TypeError: generateUserToken is not a function
    at Object.generateUserToken (E:\breakapp\backend\tests\integration\api\orders.test.js:15:17)
    at Promise.then.completed (E:\breakapp\backend\node_modules\jest-circus\build\utils.js:298:28)
    at new Promise (&lt;anonymous&gt;)
    at callAsyncCircusFn (E:\breakapp\backend\node_modules\jest-circus\build\utils.js:231:10)
    at _callCircusHook (E:\breakapp\backend\node_modules\jest-circus\build\run.js:281:40)
    at processTicksAndRejections (node:internal/process/task_queues:95:5)
    at _runTestsForDescribeBlock (E:\breakapp\backend\node_modules\jest-circus\build\run.js:95:7)
    at _runTestsForDescribeBlock (E:\breakapp\backend\node_modules\jest-circus\build\run.js:121:9)
    at run (E:\breakapp\backend\node_modules\jest-circus\build\run.js:71:3)
    at runAndTransformResultsToJestFormat (E:\breakapp\backend\node_modules\jest-circus\build\legacy-code-todo-rewrite\jestAdapterInit.js:122:21)
    at jestAdapter (E:\breakapp\backend\node_modules\jest-circus\build\legacy-code-todo-rewrite\jestAdapter.js:79:19)
    at runTestInternal (E:\breakapp\backend\node_modules\jest-runner\build\runTest.js:367:16)
    at runTest (E:\breakapp\backend\node_modules\jest-runner\build\runTest.js:444:34)
    at Object.worker (E:\breakapp\backend\node_modules\jest-runner\build\testWorker.js:106:12)</failure>
    </testcase>
    <testcase classname="Orders API Integration Tests POST /api/v1/orders should require authentication" name="Orders API Integration Tests POST /api/v1/orders should require authentication" time="0">
      <failure>TypeError: generateUserToken is not a function
    at Object.generateUserToken (E:\breakapp\backend\tests\integration\api\orders.test.js:15:17)
    at Promise.then.completed (E:\breakapp\backend\node_modules\jest-circus\build\utils.js:298:28)
    at new Promise (&lt;anonymous&gt;)
    at callAsyncCircusFn (E:\breakapp\backend\node_modules\jest-circus\build\utils.js:231:10)
    at _callCircusHook (E:\breakapp\backend\node_modules\jest-circus\build\run.js:281:40)
    at processTicksAndRejections (node:internal/process/task_queues:95:5)
    at _runTestsForDescribeBlock (E:\breakapp\backend\node_modules\jest-circus\build\run.js:95:7)
    at _runTestsForDescribeBlock (E:\breakapp\backend\node_modules\jest-circus\build\run.js:121:9)
    at run (E:\breakapp\backend\node_modules\jest-circus\build\run.js:71:3)
    at runAndTransformResultsToJestFormat (E:\breakapp\backend\node_modules\jest-circus\build\legacy-code-todo-rewrite\jestAdapterInit.js:122:21)
    at jestAdapter (E:\breakapp\backend\node_modules\jest-circus\build\legacy-code-todo-rewrite\jestAdapter.js:79:19)
    at runTestInternal (E:\breakapp\backend\node_modules\jest-runner\build\runTest.js:367:16)
    at runTest (E:\breakapp\backend\node_modules\jest-runner\build\runTest.js:444:34)
    at Object.worker (E:\breakapp\backend\node_modules\jest-runner\build\testWorker.js:106:12)</failure>
    </testcase>
    <testcase classname="Orders API Integration Tests POST /api/v1/orders should set initial status to PENDING" name="Orders API Integration Tests POST /api/v1/orders should set initial status to PENDING" time="0">
      <failure>TypeError: generateUserToken is not a function
    at Object.generateUserToken (E:\breakapp\backend\tests\integration\api\orders.test.js:15:17)
    at Promise.then.completed (E:\breakapp\backend\node_modules\jest-circus\build\utils.js:298:28)
    at new Promise (&lt;anonymous&gt;)
    at callAsyncCircusFn (E:\breakapp\backend\node_modules\jest-circus\build\utils.js:231:10)
    at _callCircusHook (E:\breakapp\backend\node_modules\jest-circus\build\run.js:281:40)
    at processTicksAndRejections (node:internal/process/task_queues:95:5)
    at _runTestsForDescribeBlock (E:\breakapp\backend\node_modules\jest-circus\build\run.js:95:7)
    at _runTestsForDescribeBlock (E:\breakapp\backend\node_modules\jest-circus\build\run.js:121:9)
    at run (E:\breakapp\backend\node_modules\jest-circus\build\run.js:71:3)
[...]
    </testcase>
    <testcase classname="Restaurant Controller createRestaurant should create restaurant" name="Restaurant Controller createRestaurant should create restaurant" time="0">
    </testcase>
  </testsuite>
  <testsuite name="Error Handler Middleware" errors="0" failures="0" skipped="0" timestamp="2025-12-28T10:11:29" time="0.458" tests="6">
    <testcase classname="Error Handler Middleware errorHandler should handle Prisma duplicate error" name="Error Handler Middleware errorHandler should handle Prisma duplicate error" time="0.002">
    </testcase>
    <testcase classname="Error Handler Middleware errorHandler should handle Prisma not found error" name="Error Handler Middleware errorHandler should handle Prisma not found error" time="0.001">
    </testcase>
    <testcase classname="Error Handler Middleware errorHandler should handle validation error" name="Error Handler Middleware errorHandler should handle validation error" time="0.001">
    </testcase>
    <testcase classname="Error Handler Middleware errorHandler should handle JWT error" name="Error Handler Middleware errorHandler should handle JWT error" time="0">
    </testcase>
    <testcase classname="Error Handler Middleware errorHandler should sanitize sensitive data" name="Error Handler Middleware errorHandler should sanitize sensitive data" time="0.006">
    </testcase>
    <testcase classname="Error Handler Middleware notFound should create 404 error" name="Error Handler Middleware notFound should create 404 error" time="0">
    </testcase>
  </testsuite>
  <testsuite name="Exception Controller" errors="0" failures="0" skipped="0" timestamp="2025-12-28T10:11:29" time="0.519" tests="5">
    <testcase classname="Exception Controller checkEligibility should check exception eligibility" name="Exception Controller checkEligibility should check exception eligibility" time="0.002">
    </testcase>
    <testcase classname="Exception Controller checkEligibility should reject without exception type" name="Exception Controller checkEligibility should reject without exception type" time="0.001">
    </testcase>
    <testcase classname="Exception Controller calculateCost should calculate exception cost" name="Exception Controller calculateCost should calculate exception cost" time="0.001">
    </testcase>
    <testcase classname="Exception Controller calculateCost should reject without required fields" name="Exception Controller calculateCost should reject without required fields" time="0">
    </testcase>
    <testcase classname="Exception Controller generateFinancialReport should generate financial report" name="Exception Controller generateFinancialReport should generate financial report" time="0.001">
    </testcase>
  </testsuite>
  <testsuite name="Validation Middleware" errors="0" failures="0" skipped="0" timestamp="2025-12-28T10:11:29" time="0.356" tests="2">
    <testcase classname="Validation Middleware should pass validation when no errors" name="Validation Middleware should pass validation when no errors" time="0.001">
    </testcase>
    <testcase classname="Validation Middleware should return errors when validation fails" name="Validation Middleware should return errors when validation fails" time="0">
    </testcase>
  </testsuite>
  <testsuite name="E2E Scenario: User Journey" errors="0" failures="1" skipped="0" timestamp="2025-12-28T10:11:27" time="2.384" tests="1">
    <testcase classname="E2E Scenario: User Journey should allow a user to register, login, and create an order" name="E2E Scenario: User Journey should allow a user to register, login, and create an order" time="0.118">
      <failure>Error: expected 201 &quot;Created&quot;, got 500 &quot;Internal Server Error&quot;
    at Object.expect (E:\breakapp\backend\tests\e2e\scenario.test.js:146:14)
    at Promise.then.completed (E:\breakapp\backend\node_modules\jest-circus\build\utils.js:298:28)
    at new Promise (&lt;anonymous&gt;)
    at callAsyncCircusFn (E:\breakapp\backend\node_modules\jest-circus\build\utils.js:231:10)
    at _callCircusTest (E:\breakapp\backend\node_modules\jest-circus\build\run.js:316:40)
    at processTicksAndRejections (node:internal/process/task_queues:95:5)
    at _runTest (E:\breakapp\backend\node_modules\jest-circus\build\run.js:252:3)
    at _runTestsForDescribeBlock (E:\breakapp\backend\node_modules\jest-circus\build\run.js:126:9)
    at _runTestsForDescribeBlock (E:\breakapp\backend\node_modules\jest-circus\build\run.js:121:9)
    at run (E:\breakapp\backend\node_modules\jest-circus\build\run.js:71:3)
    at runAndTransformResultsToJestFormat (E:\breakapp\backend\node_modules\jest-circus\build\legacy-code-todo-rewrite\jestAdapterInit.js:122:21)
    at jestAdapter (E:\breakapp\backend\node_modules\jest-circus\build\legacy-code-todo-rewrite\jestAdapter.js:79:19)
    at runTestInternal (E:\breakapp\backend\node_modules\jest-runner\build\runTest.js:367:16)
    at runTest (E:\breakapp\backend\node_modules\jest-runner\build\runTest.js:444:34)
    at Object.worker (E:\breakapp\backend\node_modules\jest-runner\build\testWorker.js:106:12)
----
    at Test._assertStatus (E:\breakapp\backend\node_modules\supertest\lib\test.js:252:14)
    at E:\breakapp\backend\node_modules\supertest\lib\test.js:308:13
    at Test._assertFunction (E:\breakapp\backend\node_modules\supertest\lib\test.js:285:13)
    at Test.assert (E:\breakapp\backend\node_modules\supertest\lib\test.js:164:23)
    at Server.localAssert (E:\breakapp\backend\node_modules\supertest\lib\test.js:120:14)
    at Object.onceWrapper (node:events:638:28)
    at Server.emit (node:events:524:28)
    at emitCloseNT (node:net:2344:8)
    at processTicksAndRejections (node:internal/process/task_queues:81:21)</failure>
    </testcase>
  </testsuite>
  <testsuite name="Payments API - Integration Tests" errors="0" failures="7" skipped="0" timestamp="2025-12-28T10:11:28" time="4.828" tests="7">
    <testcase classname="Payments API - Integration Tests POST /api/v1/payments/create-intent should create payment intent successfully" name="Payments API - Integration Tests POST /api/v1/payments/create-intent should create payment intent successfully" time="0">
      <failure>TypeError: Cannot read properties of undefined (reading &apos;deleteMany&apos;)
    at deleteMany (E:\breakapp\backend\tests\utils\testHelpers.js:136:26)
    at Object.cleanupTestData (E:\breakapp\backend\tests\integration\api\payments.test.js:55:11)
    at Promise.then.completed (E:\breakapp\backend\node_modules\jest-circus\build\utils.js:298:28)
    at new Promise (&lt;anonymous&gt;)
    at callAsyncCircusFn (E:\breakapp\backend\node_modules\jest-circus\build\utils.js:231:10)
    at _callCircusHook (E:\breakapp\backend\node_modules\jest-circus\build\run.js:281:40)
    at processTicksAndRejections (node:internal/process/task_queues:95:5)
    at _runTestsForDescribeBlock (E:\breakapp\backend\node_modules\jest-circus\build\run.js:95:7)
    at _runTestsForDescribeBlock (E:\breakapp\backend\node_modules\jest-circus\build\run.js:121:9)
    at run (E:\breakapp\backend\node_modules\jest-circus\build\run.js:71:3)
    at runAndTransformResultsToJestFormat (E:\breakapp\backend\node_modules\jest-circus\build\legacy-code-todo-rewrite\jestAdapterInit.js:122:21)
    at jestAdapter (E:\breakapp\backend\node_modules\jest-circus\build\legacy-code-todo-rewrite\jestAdapter.js:79:19)
    at runTestInternal (E:\breakapp\backend\node_modules\jest-runner\build\runTest.js:367:16)
    at runTest (E:\breakapp\backend\node_modules\jest-runner\build\runTest.js:444:34)
    at Object.worker (E:\breakapp\backend\node_modules\jest-runner\build\testWorker.js:106:12)</failure>
    </testcase>
    <testcase classname="Payments API - Integration Tests POST /api/v1/payments/create-intent should reject invalid amount" name="Payments API - Integration Tests POST /api/v1/payments/create-intent should reject invalid amount" time="0">
      <failure>TypeError: Cannot read properties of undefined (reading &apos;deleteMany&apos;)
    at deleteMany (E:\breakapp\backend\tests\utils\testHelpers.js:136:26)
    at Object.cleanupTestData (E:\breakapp\backend\tests\integration\api\payments.test.js:55:11)
    at Promise.then.completed (E:\breakapp\backend\node_modules\jest-circus\build\utils.js:298:28)
    at new Promise (&lt;anonymous&gt;)
    at callAsyncCircusFn (E:\breakapp\backend\node_modules\jest-circus\build\utils.js:231:10)
    at _callCircusHook (E:\breakapp\backend\node_modules\jest-circus\build\run.js:281:40)
    at processTicksAndRejections (node:internal/process/task_queues:95:5)
    at _runTestsForDescribeBlock (E:\breakapp\backend\node_modules\jest-circus\build\run.js:95:7)
    at _runTestsForDescribeBlock (E:\breakapp\backend\node_modules\jest-circus\build\run.js:121:9)
    at run (E:\breakapp\backend\node_modules\jest-circus\build\run.js:71:3)
    at runAndTransformResultsToJestFormat (E:\breakapp\backend\node_modules\jest-circus\build\legacy-code-todo-rewrite\jestAdapterInit.js:122:21)
    at jestAdapter (E:\breakapp\backend\node_modules\jest-circus\build\legacy-code-todo-rewrite\jestAdapter.js:79:19)
    at runTestInternal (E:\breakapp\backend\node_modules\jest-runner\build\runTest.js:367:16)
    at runTest (E:\breakapp\backend\node_modules\jest-runner\build\runTest.js:444:34)
    at Object.worker (E:\breakapp\backend\node_modules\jest-runner\build\testWorker.js:106:12)</failure>
    </testcase>
    <testcase classname="Payments API - Integration Tests POST /api/v1/payments/create-intent should require authentication" name="Payments API - Integration Tests POST /api/v1/payments/create-intent should require authentication" time="0">
      <failure>TypeError: Cannot read properties of undefined (reading &apos;deleteMany&apos;)
    at deleteMany (E:\breakapp\backend\tests\utils\testHelpers.js:136:26)
    at Object.cleanupTestData (E:\breakapp\backend\tests\integration\api\payments.test.js:55:11)
    at Promise.then.completed (E:\breakapp\backend\node_modules\jest-circus\build\utils.js:298:28)
    at new Promise (&lt;anonymous&gt;)
    at callAsyncCircusFn (E:\breakapp\backend\node_modules\jest-circus\build\utils.js:231:10)
    at _callCircusHook (E:\breakapp\backend\node_modules\jest-circus\build\run.js:281:40)
    at processTicksAndRejections (node:internal/process/task_queues:95:5)
    at _runTestsForDescribeBlock (E:\breakapp\backend\node_modules\jest-circus\build\run.js:95:7)
    at _runTestsForDescribeBlock (E:\breakapp\backend\node_modules\jest-circus\build\run.js:121:9)
    at run (E:\breakapp\backend\node_modules\jest-circus\build\run.js:71:3)
    at runAndTransformResultsToJestFormat (E:\breakapp\backend\node_modules\jest-circus\build\legacy-code-todo-rewrite\jestAdapterInit.js:122:21)
    at jestAdapter (E:\breakapp\backend\node_modules\jest-circus\build\legacy-code-todo-rewrite\jestAdapter.js:79:19)
    at runTestInternal (E:\breakapp\backend\node_modules\jest-runner\build\runTest.js:367:16)
    at runTest (E:\breakapp\backend\node_modules\jest-runner\build\runTest.js:444:34)
    at Object.worker (E:\breakapp\backend\node_modules\jest-runner\build\testWorker.js:106:12)</failure>
    </testcase>
    <testcase classname="Payments API - Integration Tests POST /api/v1/payments/confirm should confirm payment successfully" name="Payments API - Integration Tests POST /api/v1/payments/confirm should confirm payment successfully" time="0">
      <failure>TypeError: Cannot read properties of undefined (reading &apos;deleteMany&apos;)
    at deleteMany (E:\breakapp\backend\tests\utils\testHelpers.js:136:26)
    at Object.cleanupTestData (E:\breakapp\backend\tests\integration\api\payments.test.js:55:11)
    at Promise.then.completed (E:\breakapp\backend\node_modules\jest-circus\build\utils.js:298:28)
    at new Promise (&lt;anonymous&gt;)
    at callAsyncCircusFn (E:\breakapp\backend\node_modules\jest-circus\build\utils.js:231:10)
    at _callCircusHook (E:\breakapp\backend\node_modules\jest-circus\build\run.js:281:40)
    at processTicksAndRejections (node:internal/process/task_queues:95:5)
    at _runTestsForDescribeBlock (E:\breakapp\backend\node_modules\jest-circus\build\run.js:95:7)
    at _runTestsForDescribeBlock (E:\breakapp\backend\node_modules\jest-circus\build\run.js:121:9)
    at run (E:\breakapp\backend\node_modules\jest-circus\build\run.js:71:3)
    at runAndTransformResultsToJestFormat (E:\breakapp\backend\node_modules\jest-circus\build\legacy-code-todo-rewrite\jestAdapterInit.js:122:21)
    at jestAdapter (E:\breakapp\backend\node_modules\jest-circus\build\legacy-code-todo-rewrite\jestAdapter.js:79:19)
    at runTestInternal (E:\breakapp\backend\node_modules\jest-runner\build\runTest.js:367:16)
    at runTest (E:\breakapp\backend\node_modules\jest-runner\build\runTest.js:444:34)
    at Object.worker (E:\breakapp\backend\node_modules\jest-runner\build\testWorker.js:106:12)</failure>
    </testcase>
    <testcase classname="Payments API - Integration Tests GET /api/v1/payments should return user payments" name="Payments API - Integration Tests GET /api/v1/payments should return user payments" time="0">
      <failure>TypeError: Cannot read properties of undefined (reading &apos;deleteMany&apos;)
    at deleteMany (E:\breakapp\backend\tests\utils\testHelpers.js:136:26)
    at Object.cleanupTestData (E:\breakapp\backend\tests\integration\api\payments.test.js:55:11)
    at Promise.then.completed (E:\breakapp\backend\node_modules\jest-circus\build\utils.js:298:28)
    at new Promise (&lt;anonymous&gt;)
    at callAsyncCircusFn (E:\breakapp\backend\node_modules\jest-circus\build\utils.js:231:10)
    at _callCircusHook (E:\breakapp\backend\node_modules\jest-circus\build\run.js:281:40)
    at processTicksAndRejections (node:internal/process/task_queues:95:5)
    at _runTestsForDescribeBlock (E:\breakapp\backend\node_modules\jest-circus\build\run.js:95:7)
    at _runTestsForDescribeBlock (E:\breakapp\backend\node_modules\jest-circus\build\run.js:121:9)
    at run (E:\breakapp\backend\node_modules\jest-circus\build\run.js:71:3)
    at runAndTransformResultsToJestFormat (E:\breakapp\backend\node_modules\jest-circus\build\legacy-code-todo-rewrite\jestAdapterInit.js:122:21)
    at jestAdapter (E:\breakapp\backend\node_modules\jest-circus\build\legacy-code-todo-rewrite\jestAdapter.js:79:19)
    at runTestInternal (E:\breakapp\backend\node_modules\jest-runner\build\runTest.js:367:16)
    at runTest (E:\breakapp\backend\node_modules\jest-runner\build\runTest.js:444:34)
    at Object.worker (E:\breakapp\backend\node_modules\jest-runner\build\testWorker.js:106:12)</failure>
    </testcase>
    <testcase classname="Payments API - Integration Tests GET /api/v1/payments should filter payments by status" name="Payments API - Integration Tests GET /api/v1/payments should filter payments by status" time="0">
      <failure>TypeError: Cannot read properties of undefined (reading &apos;deleteMany&apos;)
    at deleteMany (E:\breakapp\backend\tests\utils\testHelpers.js:136:26)
    at Object.cleanupTestData (E:\breakapp\backend\tests\integration\api\payments.test.js:55:11)
    at Promise.then.completed (E:\breakapp\backend\node_modules\jest-circus\build\utils.js:298:28)
    at new Promise (&lt;anonymous&gt;)
    at callAsyncCircusFn (E:\breakapp\backend\node_modules\jest-circus\build\utils.js:231:10)
    at _callCircusHook (E:\breakapp\backend\node_modules\jest-circus\build\run.js:281:40)
    at processTicksAndRejections (node:internal/process/task_queues:95:5)
    at _runTestsForDescribeBlock (E:\breakapp\backend\node_modules\jest-circus\build\run.js:95:7)
    at _runTestsForDescribeBlock (E:\breakapp\backend\node_modules\jest-circus\build\run.js:121:9)
    at run (E:\breakapp\backend\node_modules\jest-circus\build\run.js:71:3)
    at runAndTransformResultsToJestFormat (E:\breakapp\backend\node_modules\jest-circus\build\legacy-code-todo-rewrite\jestAdapterInit.js:122:21)
    at jestAdapter (E:\breakapp\backend\node_modules\jest-circus\build\legacy-code-todo-rewrite\jestAdapter.js:79:19)
    at runTestInternal (E:\breakapp\backend\node_modules\jest-runner\build\runTest.js:367:16)
    at runTest (E:\breakapp\backend\node_modules\jest-runner\build\runTest.js:444:34)
    at Object.worker (E:\breakapp\backend\node_modules\jest-runner\build\testWorker.js:106:12)</failure>
    </testcase>
    <testcase classname="Payments API - Integration Tests POST /api/v1/payments/invoices should create invoice successfully" name="Payments API - Integration Tests POST /api/v1/payments/invoices should create invoice successfully" time="0">
      <failure>TypeError: Cannot read properties of undefined (reading &apos;deleteMany&apos;)
    at deleteMany (E:\breakapp\backend\tests\utils\testHelpers.js:136:26)
    at Object.cleanupTestData (E:\breakapp\backend\tests\integration\api\payments.test.js:55:11)
    at Promise.then.completed (E:\breakapp\backend\node_modules\jest-circus\build\utils.js:298:28)
    at new Promise (&lt;anonymous&gt;)
    at callAsyncCircusFn (E:\breakapp\backend\node_modules\jest-circus\build\utils.js:231:10)
    at _callCircusHook (E:\breakapp\backend\node_modules\jest-circus\build\run.js:281:40)
    at processTicksAndRejections (node:internal/process/task_queues:95:5)
    at _runTestsForDescribeBlock (E:\breakapp\backend\node_modules\jest-circus\build\run.js:95:7)
    at _runTestsForDescribeBlock (E:\breakapp\backend\node_modules\jest-circus\build\run.js:121:9)
    at run (E:\breakapp\backend\node_modules\jest-circus\build\run.js:71:3)
    at runAndTransformResultsToJestFormat (E:\breakapp\backend\node_modules\jest-circus\build\legacy-code-todo-rewrite\jestAdapterInit.js:122:21)
    at jestAdapter (E:\breakapp\backend\node_modules\jest-circus\build\legacy-code-todo-rewrite\jestAdapter.js:79:19)
    at runTestInternal (E:\breakapp\backend\node_modules\jest-runner\build\runTest.js:367:16)
    at runTest (E:\breakapp\backend\node_modules\jest-runner\build\runTest.js:444:34)
    at Object.worker (E:\breakapp\backend\node_modules\jest-runner\build\testWorker.js:106:12)</failure>
    </testcase>
    <testcase classname=" Test execution failure: could be caused by test hooks like &apos;afterAll&apos;." name=" Test execution failure: could be caused by test hooks like &apos;afterAll&apos;." time="0">
      <failure>{&quot;message&quot;:&quot;&quot;,&quot;stack&quot;:&quot;TypeError: Cannot read properties of undefined (reading &apos;deleteMany&apos;)\n    at deleteMany (E:\\breakapp\\backend\\tests\\utils\\testHelpers.js:136:26)\n    at Object.cleanupTestData (E:\\breakapp\\backend\\tests\\integration\\api\\payments.test.js:64:11)\n    at Promise.then.completed (E:\\breakapp\\backend\\node_modules\\jest-circus\\build\\utils.js:298:28)\n    at new Promise (&lt;anonymous&gt;)\n    at callAsyncCircusFn (E:\\breakapp\\backend\\node_modules\\jest-circus\\build\\utils.js:231:10)\n    at _callCircusHook (E:\\breakapp\\backend\\node_modules\\jest-circus\\build\\run.js:281:40)\n    at processTicksAndRejections (node:internal/process/task_queues:95:5)\n    at _runTestsForDescribeBlock (E:\\breakapp\\backend\\node_modules\\jest-circus\\build\\run.js:154:7)\n    at _runTestsForDescribeBlock (E:\\breakapp\\backend\\node_modules\\jest-circus\\build\\run.js:121:9)\n    at run (E:\\breakapp\\backend\\node_modules\\jest-circus\\build\\run.js:71:3)\n    at runAndTransformResultsToJestFormat (E:\\breakapp\\backend\\node_modules\\jest-circus\\build\\legacy-code-todo-rewrite\\jestAdapterInit.js:122:21)\n    at jestAdapter (E:\\breakapp\\backend\\node_modules\\jest-circus\\build\\legacy-code-todo-rewrite\\jestAdapter.js:79:19)\n    at runTestInternal (E:\\breakapp\\backend\\node_modules\\jest-runner\\build\\runTest.js:367:16)\n    at runTest (E:\\breakapp\\backend\\node_modules\\jest-runner\\build\\runTest.js:444:34)\n    at Object.worker (E:\\breakapp\\backend\\node_modules\\jest-runner\\build\\testWorker.js:106:12)&quot;}</failure>
    </testcase>
  </testsuite>
</testsuites>